[0.007s] Invoking command in '/workspace/ros_ws/build/hmi_bridge': CMAKE_PREFIX_PATH=${CMAKE_PREFIX_PATH}:/opt/ros/jazzy /usr/bin/cmake --build /workspace/ros_ws/build/hmi_bridge -- -j20 -l20
[0.053s] [ 33%] Building CXX object CMakeFiles/hmi_bridge.dir/src/main.cpp.o
[7.977s] [ 66%] Linking CXX executable hmi_bridge
[8.050s] [100%] Built target hmi_bridge
[8.058s] Invoked command in '/workspace/ros_ws/build/hmi_bridge' returned '0': CMAKE_PREFIX_PATH=${CMAKE_PREFIX_PATH}:/opt/ros/jazzy /usr/bin/cmake --build /workspace/ros_ws/build/hmi_bridge -- -j20 -l20
[8.059s] Invoking command in '/workspace/ros_ws/build/hmi_bridge': CMAKE_PREFIX_PATH=${CMAKE_PREFIX_PATH}:/opt/ros/jazzy /usr/bin/cmake --install /workspace/ros_ws/build/hmi_bridge
[8.065s] -- Install configuration: "Release"
[8.065s] -- Installing: /workspace/ros_ws/install/hmi_bridge/lib/hmi_bridge/hmi_bridge
[8.066s] -- Set non-toolchain portion of runtime path of "/workspace/ros_ws/install/hmi_bridge/lib/hmi_bridge/hmi_bridge" to ""
[8.066s] -- Up-to-date: /workspace/ros_ws/install/hmi_bridge/share/hmi_bridge//launch
[8.066s] -- Up-to-date: /workspace/ros_ws/install/hmi_bridge/share/hmi_bridge//launch/launch.xml
[8.066s] -- Up-to-date: /workspace/ros_ws/install/hmi_bridge/share/ament_index/resource_index/package_run_dependencies/hmi_bridge
[8.066s] -- Up-to-date: /workspace/ros_ws/install/hmi_bridge/share/ament_index/resource_index/parent_prefix_path/hmi_bridge
[8.066s] -- Up-to-date: /workspace/ros_ws/install/hmi_bridge/share/hmi_bridge/environment/ament_prefix_path.sh
[8.066s] -- Up-to-date: /workspace/ros_ws/install/hmi_bridge/share/hmi_bridge/environment/ament_prefix_path.dsv
[8.067s] -- Up-to-date: /workspace/ros_ws/install/hmi_bridge/share/hmi_bridge/environment/path.sh
[8.067s] -- Up-to-date: /workspace/ros_ws/install/hmi_bridge/share/hmi_bridge/environment/path.dsv
[8.067s] -- Up-to-date: /workspace/ros_ws/install/hmi_bridge/share/hmi_bridge/local_setup.bash
[8.067s] -- Up-to-date: /workspace/ros_ws/install/hmi_bridge/share/hmi_bridge/local_setup.sh
[8.067s] -- Up-to-date: /workspace/ros_ws/install/hmi_bridge/share/hmi_bridge/local_setup.zsh
[8.067s] -- Up-to-date: /workspace/ros_ws/install/hmi_bridge/share/hmi_bridge/local_setup.dsv
[8.067s] -- Installing: /workspace/ros_ws/install/hmi_bridge/share/hmi_bridge/package.dsv
[8.067s] -- Up-to-date: /workspace/ros_ws/install/hmi_bridge/share/ament_index/resource_index/packages/hmi_bridge
[8.067s] -- Up-to-date: /workspace/ros_ws/install/hmi_bridge/share/hmi_bridge/cmake/hmi_bridgeConfig.cmake
[8.067s] -- Up-to-date: /workspace/ros_ws/install/hmi_bridge/share/hmi_bridge/cmake/hmi_bridgeConfig-version.cmake
[8.067s] -- Up-to-date: /workspace/ros_ws/install/hmi_bridge/share/hmi_bridge/package.xml
[8.068s] Invoked command in '/workspace/ros_ws/build/hmi_bridge' returned '0': CMAKE_PREFIX_PATH=${CMAKE_PREFIX_PATH}:/opt/ros/jazzy /usr/bin/cmake --install /workspace/ros_ws/build/hmi_bridge
