[0.000000] (-) TimerEvent: {}
[0.000126] (bringup) JobQueued: {'identifier': 'bringup', 'dependencies': OrderedDict()}
[0.000285] (controller) JobQueued: {'identifier': 'controller', 'dependencies': OrderedDict()}
[0.000408] (hmi_bridge) JobQueued: {'identifier': 'hmi_bridge', 'dependencies': OrderedDict()}
[0.000437] (simulator) JobQueued: {'identifier': 'simulator', 'dependencies': OrderedDict()}
[0.000472] (bringup) JobStarted: {'identifier': 'bringup'}
[0.003083] (controller) JobStarted: {'identifier': 'controller'}
[0.004724] (hmi_bridge) JobStarted: {'identifier': 'hmi_bridge'}
[0.006237] (simulator) JobStarted: {'identifier': 'simulator'}
[0.008430] (bringup) JobProgress: {'identifier': 'bringup', 'progress': 'cmake'}
[0.008678] (bringup) JobProgress: {'identifier': 'bringup', 'progress': 'build'}
[0.008991] (bringup) Command: {'cmd': ['/usr/bin/cmake', '--build', '/workspace/ros_ws/build/bringup', '--', '-j20', '-l20'], 'cwd': '/workspace/ros_ws/build/bringup', 'env': OrderedDict({'NODE_VERSION': '24.11.1', 'HOSTNAME': '73b5378ac214', 'SHLVL': '0', 'LD_LIBRARY_PATH': '/opt/ros/jazzy/opt/rviz_ogre_vendor/lib:/opt/ros/jazzy/lib/x86_64-linux-gnu:/opt/ros/jazzy/opt/gz_math_vendor/lib:/opt/ros/jazzy/opt/gz_utils_vendor/lib:/opt/ros/jazzy/opt/gz_cmake_vendor/lib:/opt/ros/jazzy/lib', 'HOME': '/home/ubuntu', 'OLDPWD': '/', 'ROS_PYTHON_VERSION': '3', 'LC_CTYPE': 'C.UTF-8', 'NVM_DIR': '/usr/local/nvm', 'ROS_DISTRO': 'jazzy', '_': '/usr/bin/colcon', 'ROS_VERSION': '2', 'PATH': '/opt/ros/jazzy/bin:/usr/local/nvm/versions/node/v24.11.1/bin:/usr/local/sbin:/usr/local/bin:/usr/sbin:/usr/bin:/sbin:/bin', 'AMENT_PREFIX_PATH': '/opt/ros/jazzy', 'NG_CLI_ANALYTICS': 'false', 'ROS_AUTOMATIC_DISCOVERY_RANGE': 'SUBNET', 'PWD': '/workspace/ros_ws/build/bringup', 'PYTHONPATH': '/opt/ros/jazzy/lib/python3.12/site-packages', 'COLCON': '1', 'CMAKE_PREFIX_PATH': '/opt/ros/jazzy/opt/gz_math_vendor:/opt/ros/jazzy/opt/gz_utils_vendor:/opt/ros/jazzy/opt/gz_cmake_vendor:/opt/ros/jazzy'}), 'shell': False}
[0.009989] (controller) JobProgress: {'identifier': 'controller', 'progress': 'cmake'}
[0.010136] (controller) JobProgress: {'identifier': 'controller', 'progress': 'build'}
[0.010192] (controller) Command: {'cmd': ['/usr/bin/cmake', '--build', '/workspace/ros_ws/build/controller', '--', '-j20', '-l20'], 'cwd': '/workspace/ros_ws/build/controller', 'env': OrderedDict({'NODE_VERSION': '24.11.1', 'HOSTNAME': '73b5378ac214', 'SHLVL': '0', 'LD_LIBRARY_PATH': '/opt/ros/jazzy/opt/rviz_ogre_vendor/lib:/opt/ros/jazzy/lib/x86_64-linux-gnu:/opt/ros/jazzy/opt/gz_math_vendor/lib:/opt/ros/jazzy/opt/gz_utils_vendor/lib:/opt/ros/jazzy/opt/gz_cmake_vendor/lib:/opt/ros/jazzy/lib', 'HOME': '/home/ubuntu', 'OLDPWD': '/', 'ROS_PYTHON_VERSION': '3', 'LC_CTYPE': 'C.UTF-8', 'NVM_DIR': '/usr/local/nvm', 'ROS_DISTRO': 'jazzy', '_': '/usr/bin/colcon', 'ROS_VERSION': '2', 'PATH': '/opt/ros/jazzy/bin:/usr/local/nvm/versions/node/v24.11.1/bin:/usr/local/sbin:/usr/local/bin:/usr/sbin:/usr/bin:/sbin:/bin', 'AMENT_PREFIX_PATH': '/opt/ros/jazzy', 'NG_CLI_ANALYTICS': 'false', 'ROS_AUTOMATIC_DISCOVERY_RANGE': 'SUBNET', 'PWD': '/workspace/ros_ws/build/controller', 'PYTHONPATH': '/opt/ros/jazzy/lib/python3.12/site-packages', 'COLCON': '1', 'CMAKE_PREFIX_PATH': '/opt/ros/jazzy/opt/gz_math_vendor:/opt/ros/jazzy/opt/gz_utils_vendor:/opt/ros/jazzy/opt/gz_cmake_vendor:/opt/ros/jazzy'}), 'shell': False}
[0.010853] (hmi_bridge) JobProgress: {'identifier': 'hmi_bridge', 'progress': 'cmake'}
[0.010933] (hmi_bridge) JobProgress: {'identifier': 'hmi_bridge', 'progress': 'build'}
[0.011064] (hmi_bridge) Command: {'cmd': ['/usr/bin/cmake', '--build', '/workspace/ros_ws/build/hmi_bridge', '--', '-j20', '-l20'], 'cwd': '/workspace/ros_ws/build/hmi_bridge', 'env': OrderedDict({'NODE_VERSION': '24.11.1', 'HOSTNAME': '73b5378ac214', 'SHLVL': '0', 'LD_LIBRARY_PATH': '/opt/ros/jazzy/opt/rviz_ogre_vendor/lib:/opt/ros/jazzy/lib/x86_64-linux-gnu:/opt/ros/jazzy/opt/gz_math_vendor/lib:/opt/ros/jazzy/opt/gz_utils_vendor/lib:/opt/ros/jazzy/opt/gz_cmake_vendor/lib:/opt/ros/jazzy/lib', 'HOME': '/home/ubuntu', 'OLDPWD': '/', 'ROS_PYTHON_VERSION': '3', 'LC_CTYPE': 'C.UTF-8', 'NVM_DIR': '/usr/local/nvm', 'ROS_DISTRO': 'jazzy', '_': '/usr/bin/colcon', 'ROS_VERSION': '2', 'PATH': '/opt/ros/jazzy/bin:/usr/local/nvm/versions/node/v24.11.1/bin:/usr/local/sbin:/usr/local/bin:/usr/sbin:/usr/bin:/sbin:/bin', 'AMENT_PREFIX_PATH': '/opt/ros/jazzy', 'NG_CLI_ANALYTICS': 'false', 'ROS_AUTOMATIC_DISCOVERY_RANGE': 'SUBNET', 'PWD': '/workspace/ros_ws/build/hmi_bridge', 'PYTHONPATH': '/opt/ros/jazzy/lib/python3.12/site-packages', 'COLCON': '1', 'CMAKE_PREFIX_PATH': '/opt/ros/jazzy/opt/gz_math_vendor:/opt/ros/jazzy/opt/gz_utils_vendor:/opt/ros/jazzy/opt/gz_cmake_vendor:/opt/ros/jazzy'}), 'shell': False}
[0.011943] (simulator) JobProgress: {'identifier': 'simulator', 'progress': 'cmake'}
[0.012165] (simulator) JobProgress: {'identifier': 'simulator', 'progress': 'build'}
[0.012296] (simulator) Command: {'cmd': ['/usr/bin/cmake', '--build', '/workspace/ros_ws/build/simulator', '--', '-j20', '-l20'], 'cwd': '/workspace/ros_ws/build/simulator', 'env': OrderedDict({'NODE_VERSION': '24.11.1', 'HOSTNAME': '73b5378ac214', 'SHLVL': '0', 'LD_LIBRARY_PATH': '/opt/ros/jazzy/opt/rviz_ogre_vendor/lib:/opt/ros/jazzy/lib/x86_64-linux-gnu:/opt/ros/jazzy/opt/gz_math_vendor/lib:/opt/ros/jazzy/opt/gz_utils_vendor/lib:/opt/ros/jazzy/opt/gz_cmake_vendor/lib:/opt/ros/jazzy/lib', 'HOME': '/home/ubuntu', 'OLDPWD': '/', 'ROS_PYTHON_VERSION': '3', 'LC_CTYPE': 'C.UTF-8', 'NVM_DIR': '/usr/local/nvm', 'ROS_DISTRO': 'jazzy', '_': '/usr/bin/colcon', 'ROS_VERSION': '2', 'PATH': '/opt/ros/jazzy/bin:/usr/local/nvm/versions/node/v24.11.1/bin:/usr/local/sbin:/usr/local/bin:/usr/sbin:/usr/bin:/sbin:/bin', 'AMENT_PREFIX_PATH': '/opt/ros/jazzy', 'NG_CLI_ANALYTICS': 'false', 'ROS_AUTOMATIC_DISCOVERY_RANGE': 'SUBNET', 'PWD': '/workspace/ros_ws/build/simulator', 'PYTHONPATH': '/opt/ros/jazzy/lib/python3.12/site-packages', 'COLCON': '1', 'CMAKE_PREFIX_PATH': '/opt/ros/jazzy/opt/gz_math_vendor:/opt/ros/jazzy/opt/gz_utils_vendor:/opt/ros/jazzy/opt/gz_cmake_vendor:/opt/ros/jazzy'}), 'shell': False}
[0.037248] (bringup) CommandEnded: {'returncode': 0}
[0.037680] (bringup) JobProgress: {'identifier': 'bringup', 'progress': 'install'}
[0.042085] (bringup) Command: {'cmd': ['/usr/bin/cmake', '--install', '/workspace/ros_ws/build/bringup'], 'cwd': '/workspace/ros_ws/build/bringup', 'env': OrderedDict({'NODE_VERSION': '24.11.1', 'HOSTNAME': '73b5378ac214', 'SHLVL': '0', 'LD_LIBRARY_PATH': '/opt/ros/jazzy/opt/rviz_ogre_vendor/lib:/opt/ros/jazzy/lib/x86_64-linux-gnu:/opt/ros/jazzy/opt/gz_math_vendor/lib:/opt/ros/jazzy/opt/gz_utils_vendor/lib:/opt/ros/jazzy/opt/gz_cmake_vendor/lib:/opt/ros/jazzy/lib', 'HOME': '/home/ubuntu', 'OLDPWD': '/', 'ROS_PYTHON_VERSION': '3', 'LC_CTYPE': 'C.UTF-8', 'NVM_DIR': '/usr/local/nvm', 'ROS_DISTRO': 'jazzy', '_': '/usr/bin/colcon', 'ROS_VERSION': '2', 'PATH': '/opt/ros/jazzy/bin:/usr/local/nvm/versions/node/v24.11.1/bin:/usr/local/sbin:/usr/local/bin:/usr/sbin:/usr/bin:/sbin:/bin', 'AMENT_PREFIX_PATH': '/opt/ros/jazzy', 'NG_CLI_ANALYTICS': 'false', 'ROS_AUTOMATIC_DISCOVERY_RANGE': 'SUBNET', 'PWD': '/workspace/ros_ws/build/bringup', 'PYTHONPATH': '/opt/ros/jazzy/lib/python3.12/site-packages', 'COLCON': '1', 'CMAKE_PREFIX_PATH': '/opt/ros/jazzy/opt/gz_math_vendor:/opt/ros/jazzy/opt/gz_utils_vendor:/opt/ros/jazzy/opt/gz_cmake_vendor:/opt/ros/jazzy'}), 'shell': False}
[0.042605] (simulator) CommandEnded: {'returncode': 0}
[0.042844] (simulator) JobProgress: {'identifier': 'simulator', 'progress': 'install'}
[0.042958] (simulator) Command: {'cmd': ['/usr/bin/cmake', '--install', '/workspace/ros_ws/build/simulator'], 'cwd': '/workspace/ros_ws/build/simulator', 'env': OrderedDict({'NODE_VERSION': '24.11.1', 'HOSTNAME': '73b5378ac214', 'SHLVL': '0', 'LD_LIBRARY_PATH': '/opt/ros/jazzy/opt/rviz_ogre_vendor/lib:/opt/ros/jazzy/lib/x86_64-linux-gnu:/opt/ros/jazzy/opt/gz_math_vendor/lib:/opt/ros/jazzy/opt/gz_utils_vendor/lib:/opt/ros/jazzy/opt/gz_cmake_vendor/lib:/opt/ros/jazzy/lib', 'HOME': '/home/ubuntu', 'OLDPWD': '/', 'ROS_PYTHON_VERSION': '3', 'LC_CTYPE': 'C.UTF-8', 'NVM_DIR': '/usr/local/nvm', 'ROS_DISTRO': 'jazzy', '_': '/usr/bin/colcon', 'ROS_VERSION': '2', 'PATH': '/opt/ros/jazzy/bin:/usr/local/nvm/versions/node/v24.11.1/bin:/usr/local/sbin:/usr/local/bin:/usr/sbin:/usr/bin:/sbin:/bin', 'AMENT_PREFIX_PATH': '/opt/ros/jazzy', 'NG_CLI_ANALYTICS': 'false', 'ROS_AUTOMATIC_DISCOVERY_RANGE': 'SUBNET', 'PWD': '/workspace/ros_ws/build/simulator', 'PYTHONPATH': '/opt/ros/jazzy/lib/python3.12/site-packages', 'COLCON': '1', 'CMAKE_PREFIX_PATH': '/opt/ros/jazzy/opt/gz_math_vendor:/opt/ros/jazzy/opt/gz_utils_vendor:/opt/ros/jazzy/opt/gz_cmake_vendor:/opt/ros/jazzy'}), 'shell': False}
[0.046952] (simulator) StdoutLine: {'line': b'-- Install configuration: ""\n'}
[0.047067] (simulator) StdoutLine: {'line': b'-- Up-to-date: /workspace/ros_ws/install/simulator/share/simulator//launch\n'}
[0.047128] (simulator) StdoutLine: {'line': b'-- Up-to-date: /workspace/ros_ws/install/simulator/share/simulator//launch/launch.xml\n'}
[0.047187] (simulator) StdoutLine: {'line': b'-- Up-to-date: /workspace/ros_ws/install/simulator/share/simulator//launch/gz_bridge_config.yaml\n'}
[0.047223] (simulator) StdoutLine: {'line': b'-- Up-to-date: /workspace/ros_ws/install/simulator/share/simulator//gazebo\n'}
[0.047254] (simulator) StdoutLine: {'line': b'-- Up-to-date: /workspace/ros_ws/install/simulator/share/simulator//gazebo/plane.xml\n'}
[0.047287] (simulator) StdoutLine: {'line': b'-- Up-to-date: /workspace/ros_ws/install/simulator/share/ament_index/resource_index/package_run_dependencies/simulator\n'}
[0.047337] (simulator) StdoutLine: {'line': b'-- Up-to-date: /workspace/ros_ws/install/simulator/share/ament_index/resource_index/parent_prefix_path/simulator\n'}
[0.047367] (simulator) StdoutLine: {'line': b'-- Up-to-date: /workspace/ros_ws/install/simulator/share/simulator/environment/ament_prefix_path.sh\n'}
[0.047397] (simulator) StdoutLine: {'line': b'-- Up-to-date: /workspace/ros_ws/install/simulator/share/simulator/environment/ament_prefix_path.dsv\n'}
[0.047429] (simulator) StdoutLine: {'line': b'-- Up-to-date: /workspace/ros_ws/install/simulator/share/simulator/environment/path.sh\n'}
[0.047462] (simulator) StdoutLine: {'line': b'-- Up-to-date: /workspace/ros_ws/install/simulator/share/simulator/environment/path.dsv\n'}
[0.047493] (simulator) StdoutLine: {'line': b'-- Up-to-date: /workspace/ros_ws/install/simulator/share/simulator/local_setup.bash\n'}
[0.047524] (simulator) StdoutLine: {'line': b'-- Up-to-date: /workspace/ros_ws/install/simulator/share/simulator/local_setup.sh\n'}
[0.047573] (simulator) StdoutLine: {'line': b'-- Up-to-date: /workspace/ros_ws/install/simulator/share/simulator/local_setup.zsh\n'}
[0.047604] (simulator) StdoutLine: {'line': b'-- Up-to-date: /workspace/ros_ws/install/simulator/share/simulator/local_setup.dsv\n'}
[0.047633] (simulator) StdoutLine: {'line': b'-- Installing: /workspace/ros_ws/install/simulator/share/simulator/package.dsv\n'}
[0.047663] (simulator) StdoutLine: {'line': b'-- Up-to-date: /workspace/ros_ws/install/simulator/share/ament_index/resource_index/packages/simulator\n'}
[0.047702] (simulator) StdoutLine: {'line': b'-- Up-to-date: /workspace/ros_ws/install/simulator/share/simulator/cmake/simulatorConfig.cmake\n'}
[0.047731] (simulator) StdoutLine: {'line': b'-- Up-to-date: /workspace/ros_ws/install/simulator/share/simulator/cmake/simulatorConfig-version.cmake\n'}
[0.047759] (simulator) StdoutLine: {'line': b'-- Up-to-date: /workspace/ros_ws/install/simulator/share/simulator/package.xml\n'}
[0.048124] (simulator) CommandEnded: {'returncode': 0}
[0.056216] (simulator) JobEnded: {'identifier': 'simulator', 'rc': 0}
[0.056695] (bringup) StdoutLine: {'line': b'-- Install configuration: ""\n'}
[0.056952] (bringup) StdoutLine: {'line': b'-- Up-to-date: /workspace/ros_ws/install/bringup/share/bringup//launch\n'}
[0.056997] (bringup) StdoutLine: {'line': b'-- Up-to-date: /workspace/ros_ws/install/bringup/share/bringup//launch/launch.xml\n'}
[0.057030] (bringup) StdoutLine: {'line': b'-- Up-to-date: /workspace/ros_ws/install/bringup/share/ament_index/resource_index/package_run_dependencies/bringup\n'}
[0.057101] (bringup) StdoutLine: {'line': b'-- Up-to-date: /workspace/ros_ws/install/bringup/share/ament_index/resource_index/parent_prefix_path/bringup\n'}
[0.057131] (bringup) StdoutLine: {'line': b'-- Up-to-date: /workspace/ros_ws/install/bringup/share/bringup/environment/ament_prefix_path.sh\n'}
[0.057161] (bringup) StdoutLine: {'line': b'-- Up-to-date: /workspace/ros_ws/install/bringup/share/bringup/environment/ament_prefix_path.dsv\n'}
[0.057197] (bringup) StdoutLine: {'line': b'-- Up-to-date: /workspace/ros_ws/install/bringup/share/bringup/environment/path.sh\n'}
[0.057229] (bringup) StdoutLine: {'line': b'-- Up-to-date: /workspace/ros_ws/install/bringup/share/bringup/environment/path.dsv\n'}
[0.057259] (bringup) StdoutLine: {'line': b'-- Up-to-date: /workspace/ros_ws/install/bringup/share/bringup/local_setup.bash\n'}
[0.057289] (bringup) StdoutLine: {'line': b'-- Up-to-date: /workspace/ros_ws/install/bringup/share/bringup/local_setup.sh\n'}
[0.057317] (bringup) StdoutLine: {'line': b'-- Up-to-date: /workspace/ros_ws/install/bringup/share/bringup/local_setup.zsh\n'}
[0.057345] (bringup) StdoutLine: {'line': b'-- Up-to-date: /workspace/ros_ws/install/bringup/share/bringup/local_setup.dsv\n'}
[0.057374] (bringup) StdoutLine: {'line': b'-- Installing: /workspace/ros_ws/install/bringup/share/bringup/package.dsv\n'}
[0.057403] (bringup) StdoutLine: {'line': b'-- Up-to-date: /workspace/ros_ws/install/bringup/share/ament_index/resource_index/packages/bringup\n'}
[0.057432] (bringup) StdoutLine: {'line': b'-- Up-to-date: /workspace/ros_ws/install/bringup/share/bringup/cmake/bringupConfig.cmake\n'}
[0.057459] (bringup) StdoutLine: {'line': b'-- Up-to-date: /workspace/ros_ws/install/bringup/share/bringup/cmake/bringupConfig-version.cmake\n'}
[0.057487] (bringup) StdoutLine: {'line': b'-- Up-to-date: /workspace/ros_ws/install/bringup/share/bringup/package.xml\n'}
[0.057515] (controller) StdoutLine: {'line': b'[100%] Built target controller\n'}
[0.057593] (hmi_bridge) StdoutLine: {'line': b'[ 33%] Building CXX object CMakeFiles/hmi_bridge.dir/src/main.cpp.o\n'}
[0.057666] (bringup) CommandEnded: {'returncode': 0}
[0.063383] (bringup) JobEnded: {'identifier': 'bringup', 'rc': 0}
[0.063790] (controller) CommandEnded: {'returncode': 0}
[0.064013] (controller) JobProgress: {'identifier': 'controller', 'progress': 'install'}
[0.064159] (controller) Command: {'cmd': ['/usr/bin/cmake', '--install', '/workspace/ros_ws/build/controller'], 'cwd': '/workspace/ros_ws/build/controller', 'env': OrderedDict({'NODE_VERSION': '24.11.1', 'HOSTNAME': '73b5378ac214', 'SHLVL': '0', 'LD_LIBRARY_PATH': '/opt/ros/jazzy/opt/rviz_ogre_vendor/lib:/opt/ros/jazzy/lib/x86_64-linux-gnu:/opt/ros/jazzy/opt/gz_math_vendor/lib:/opt/ros/jazzy/opt/gz_utils_vendor/lib:/opt/ros/jazzy/opt/gz_cmake_vendor/lib:/opt/ros/jazzy/lib', 'HOME': '/home/ubuntu', 'OLDPWD': '/', 'ROS_PYTHON_VERSION': '3', 'LC_CTYPE': 'C.UTF-8', 'NVM_DIR': '/usr/local/nvm', 'ROS_DISTRO': 'jazzy', '_': '/usr/bin/colcon', 'ROS_VERSION': '2', 'PATH': '/opt/ros/jazzy/bin:/usr/local/nvm/versions/node/v24.11.1/bin:/usr/local/sbin:/usr/local/bin:/usr/sbin:/usr/bin:/sbin:/bin', 'AMENT_PREFIX_PATH': '/opt/ros/jazzy', 'NG_CLI_ANALYTICS': 'false', 'ROS_AUTOMATIC_DISCOVERY_RANGE': 'SUBNET', 'PWD': '/workspace/ros_ws/build/controller', 'PYTHONPATH': '/opt/ros/jazzy/lib/python3.12/site-packages', 'COLCON': '1', 'CMAKE_PREFIX_PATH': '/opt/ros/jazzy/opt/gz_math_vendor:/opt/ros/jazzy/opt/gz_utils_vendor:/opt/ros/jazzy/opt/gz_cmake_vendor:/opt/ros/jazzy'}), 'shell': False}
[0.068860] (controller) StdoutLine: {'line': b'-- Install configuration: "Release"\n'}
[0.068963] (controller) StdoutLine: {'line': b'-- Up-to-date: /workspace/ros_ws/install/controller/lib/controller/controller\n'}
[0.069051] (controller) StdoutLine: {'line': b'-- Up-to-date: /workspace/ros_ws/install/controller/share/controller//launch\n'}
[0.069105] (controller) StdoutLine: {'line': b'-- Up-to-date: /workspace/ros_ws/install/controller/share/controller//launch/launch.xml\n'}
[0.069139] (controller) StdoutLine: {'line': b'-- Up-to-date: /workspace/ros_ws/install/controller/share/ament_index/resource_index/package_run_dependencies/controller\n'}
[0.069204] (controller) StdoutLine: {'line': b'-- Up-to-date: /workspace/ros_ws/install/controller/share/ament_index/resource_index/parent_prefix_path/controller\n'}
[0.069236] (controller) StdoutLine: {'line': b'-- Up-to-date: /workspace/ros_ws/install/controller/share/controller/environment/ament_prefix_path.sh\n'}
[0.069268] (controller) StdoutLine: {'line': b'-- Up-to-date: /workspace/ros_ws/install/controller/share/controller/environment/ament_prefix_path.dsv\n'}
[0.069326] (controller) StdoutLine: {'line': b'-- Up-to-date: /workspace/ros_ws/install/controller/share/controller/environment/path.sh\n'}
[0.069360] (controller) StdoutLine: {'line': b'-- Up-to-date: /workspace/ros_ws/install/controller/share/controller/environment/path.dsv\n'}
[0.069391] (controller) StdoutLine: {'line': b'-- Up-to-date: /workspace/ros_ws/install/controller/share/controller/local_setup.bash\n'}
[0.069421] (controller) StdoutLine: {'line': b'-- Up-to-date: /workspace/ros_ws/install/controller/share/controller/local_setup.sh\n'}
[0.069453] (controller) StdoutLine: {'line': b'-- Up-to-date: /workspace/ros_ws/install/controller/share/controller/local_setup.zsh\n'}
[0.069484] (controller) StdoutLine: {'line': b'-- Up-to-date: /workspace/ros_ws/install/controller/share/controller/local_setup.dsv\n'}
[0.069514] (controller) StdoutLine: {'line': b'-- Installing: /workspace/ros_ws/install/controller/share/controller/package.dsv\n'}
[0.069565] (controller) StdoutLine: {'line': b'-- Up-to-date: /workspace/ros_ws/install/controller/share/ament_index/resource_index/packages/controller\n'}
[0.069597] (controller) StdoutLine: {'line': b'-- Up-to-date: /workspace/ros_ws/install/controller/share/controller/cmake/controllerConfig.cmake\n'}
[0.069625] (controller) StdoutLine: {'line': b'-- Up-to-date: /workspace/ros_ws/install/controller/share/controller/cmake/controllerConfig-version.cmake\n'}
[0.069653] (controller) StdoutLine: {'line': b'-- Up-to-date: /workspace/ros_ws/install/controller/share/controller/package.xml\n'}
[0.070258] (controller) CommandEnded: {'returncode': 0}
[0.076422] (controller) JobEnded: {'identifier': 'controller', 'rc': 0}
[0.099889] (-) TimerEvent: {}
[0.200110] (-) TimerEvent: {}
[0.300282] (-) TimerEvent: {}
[0.400425] (-) TimerEvent: {}
[0.500596] (-) TimerEvent: {}
[0.600742] (-) TimerEvent: {}
[0.700988] (-) TimerEvent: {}
[0.801230] (-) TimerEvent: {}
[0.901380] (-) TimerEvent: {}
[1.001524] (-) TimerEvent: {}
[1.101708] (-) TimerEvent: {}
[1.201939] (-) TimerEvent: {}
[1.302179] (-) TimerEvent: {}
[1.402339] (-) TimerEvent: {}
[1.502485] (-) TimerEvent: {}
[1.602716] (-) TimerEvent: {}
[1.702908] (-) TimerEvent: {}
[1.803146] (-) TimerEvent: {}
[1.903334] (-) TimerEvent: {}
[2.003479] (-) TimerEvent: {}
[2.103717] (-) TimerEvent: {}
[2.203960] (-) TimerEvent: {}
[2.304100] (-) TimerEvent: {}
[2.404247] (-) TimerEvent: {}
[2.504387] (-) TimerEvent: {}
[2.604563] (-) TimerEvent: {}
[2.704707] (-) TimerEvent: {}
[2.804854] (-) TimerEvent: {}
[2.904998] (-) TimerEvent: {}
[3.005139] (-) TimerEvent: {}
[3.105284] (-) TimerEvent: {}
[3.205436] (-) TimerEvent: {}
[3.305576] (-) TimerEvent: {}
[3.405716] (-) TimerEvent: {}
[3.505855] (-) TimerEvent: {}
[3.605992] (-) TimerEvent: {}
[3.706125] (-) TimerEvent: {}
[3.806256] (-) TimerEvent: {}
[3.906417] (-) TimerEvent: {}
[4.006554] (-) TimerEvent: {}
[4.106717] (-) TimerEvent: {}
[4.206865] (-) TimerEvent: {}
[4.307004] (-) TimerEvent: {}
[4.407210] (-) TimerEvent: {}
[4.507384] (-) TimerEvent: {}
[4.607548] (-) TimerEvent: {}
[4.707713] (-) TimerEvent: {}
[4.807848] (-) TimerEvent: {}
[4.907982] (-) TimerEvent: {}
[5.008143] (-) TimerEvent: {}
[5.108291] (-) TimerEvent: {}
[5.208430] (-) TimerEvent: {}
[5.308572] (-) TimerEvent: {}
[5.408750] (-) TimerEvent: {}
[5.508924] (-) TimerEvent: {}
[5.609090] (-) TimerEvent: {}
[5.709215] (-) TimerEvent: {}
[5.809381] (-) TimerEvent: {}
[5.909554] (-) TimerEvent: {}
[6.009703] (-) TimerEvent: {}
[6.109869] (-) TimerEvent: {}
[6.210018] (-) TimerEvent: {}
[6.310200] (-) TimerEvent: {}
[6.410337] (-) TimerEvent: {}
[6.510498] (-) TimerEvent: {}
[6.610662] (-) TimerEvent: {}
[6.710847] (-) TimerEvent: {}
[6.811079] (-) TimerEvent: {}
[6.911259] (-) TimerEvent: {}
[7.011412] (-) TimerEvent: {}
[7.111581] (-) TimerEvent: {}
[7.211746] (-) TimerEvent: {}
[7.311880] (-) TimerEvent: {}
[7.412162] (-) TimerEvent: {}
[7.512412] (-) TimerEvent: {}
[7.612637] (-) TimerEvent: {}
[7.712806] (-) TimerEvent: {}
[7.812977] (-) TimerEvent: {}
[7.913230] (-) TimerEvent: {}
[7.981857] (hmi_bridge) StdoutLine: {'line': b'[ 66%] Linking CXX executable hmi_bridge\n'}
[8.013312] (-) TimerEvent: {}
[8.055291] (hmi_bridge) StdoutLine: {'line': b'[100%] Built target hmi_bridge\n'}
[8.063166] (hmi_bridge) CommandEnded: {'returncode': 0}
[8.063814] (hmi_bridge) JobProgress: {'identifier': 'hmi_bridge', 'progress': 'install'}
[8.064080] (hmi_bridge) Command: {'cmd': ['/usr/bin/cmake', '--install', '/workspace/ros_ws/build/hmi_bridge'], 'cwd': '/workspace/ros_ws/build/hmi_bridge', 'env': OrderedDict({'NODE_VERSION': '24.11.1', 'HOSTNAME': '73b5378ac214', 'SHLVL': '0', 'LD_LIBRARY_PATH': '/opt/ros/jazzy/opt/rviz_ogre_vendor/lib:/opt/ros/jazzy/lib/x86_64-linux-gnu:/opt/ros/jazzy/opt/gz_math_vendor/lib:/opt/ros/jazzy/opt/gz_utils_vendor/lib:/opt/ros/jazzy/opt/gz_cmake_vendor/lib:/opt/ros/jazzy/lib', 'HOME': '/home/ubuntu', 'OLDPWD': '/', 'ROS_PYTHON_VERSION': '3', 'LC_CTYPE': 'C.UTF-8', 'NVM_DIR': '/usr/local/nvm', 'ROS_DISTRO': 'jazzy', '_': '/usr/bin/colcon', 'ROS_VERSION': '2', 'PATH': '/opt/ros/jazzy/bin:/usr/local/nvm/versions/node/v24.11.1/bin:/usr/local/sbin:/usr/local/bin:/usr/sbin:/usr/bin:/sbin:/bin', 'AMENT_PREFIX_PATH': '/opt/ros/jazzy', 'NG_CLI_ANALYTICS': 'false', 'ROS_AUTOMATIC_DISCOVERY_RANGE': 'SUBNET', 'PWD': '/workspace/ros_ws/build/hmi_bridge', 'PYTHONPATH': '/opt/ros/jazzy/lib/python3.12/site-packages', 'COLCON': '1', 'CMAKE_PREFIX_PATH': '/opt/ros/jazzy/opt/gz_math_vendor:/opt/ros/jazzy/opt/gz_utils_vendor:/opt/ros/jazzy/opt/gz_cmake_vendor:/opt/ros/jazzy'}), 'shell': False}
[8.070131] (hmi_bridge) StdoutLine: {'line': b'-- Install configuration: "Release"\n'}
[8.070235] (hmi_bridge) StdoutLine: {'line': b'-- Installing: /workspace/ros_ws/install/hmi_bridge/lib/hmi_bridge/hmi_bridge\n'}
[8.070998] (hmi_bridge) StdoutLine: {'line': b'-- Set non-toolchain portion of runtime path of "/workspace/ros_ws/install/hmi_bridge/lib/hmi_bridge/hmi_bridge" to ""\n'}
[8.071051] (hmi_bridge) StdoutLine: {'line': b'-- Up-to-date: /workspace/ros_ws/install/hmi_bridge/share/hmi_bridge//launch\n'}
[8.071094] (hmi_bridge) StdoutLine: {'line': b'-- Up-to-date: /workspace/ros_ws/install/hmi_bridge/share/hmi_bridge//launch/launch.xml\n'}
[8.071134] (hmi_bridge) StdoutLine: {'line': b'-- Up-to-date: /workspace/ros_ws/install/hmi_bridge/share/ament_index/resource_index/package_run_dependencies/hmi_bridge\n'}
[8.071177] (hmi_bridge) StdoutLine: {'line': b'-- Up-to-date: /workspace/ros_ws/install/hmi_bridge/share/ament_index/resource_index/parent_prefix_path/hmi_bridge\n'}
[8.071220] (hmi_bridge) StdoutLine: {'line': b'-- Up-to-date: /workspace/ros_ws/install/hmi_bridge/share/hmi_bridge/environment/ament_prefix_path.sh\n'}
[8.071311] (hmi_bridge) StdoutLine: {'line': b'-- Up-to-date: /workspace/ros_ws/install/hmi_bridge/share/hmi_bridge/environment/ament_prefix_path.dsv\n'}
[8.071360] (hmi_bridge) StdoutLine: {'line': b'-- Up-to-date: /workspace/ros_ws/install/hmi_bridge/share/hmi_bridge/environment/path.sh\n'}
[8.071403] (hmi_bridge) StdoutLine: {'line': b'-- Up-to-date: /workspace/ros_ws/install/hmi_bridge/share/hmi_bridge/environment/path.dsv\n'}
[8.071444] (hmi_bridge) StdoutLine: {'line': b'-- Up-to-date: /workspace/ros_ws/install/hmi_bridge/share/hmi_bridge/local_setup.bash\n'}
[8.071486] (hmi_bridge) StdoutLine: {'line': b'-- Up-to-date: /workspace/ros_ws/install/hmi_bridge/share/hmi_bridge/local_setup.sh\n'}
[8.071527] (hmi_bridge) StdoutLine: {'line': b'-- Up-to-date: /workspace/ros_ws/install/hmi_bridge/share/hmi_bridge/local_setup.zsh\n'}
[8.071599] (hmi_bridge) StdoutLine: {'line': b'-- Up-to-date: /workspace/ros_ws/install/hmi_bridge/share/hmi_bridge/local_setup.dsv\n'}
[8.071643] (hmi_bridge) StdoutLine: {'line': b'-- Installing: /workspace/ros_ws/install/hmi_bridge/share/hmi_bridge/package.dsv\n'}
[8.071690] (hmi_bridge) StdoutLine: {'line': b'-- Up-to-date: /workspace/ros_ws/install/hmi_bridge/share/ament_index/resource_index/packages/hmi_bridge\n'}
[8.071727] (hmi_bridge) StdoutLine: {'line': b'-- Up-to-date: /workspace/ros_ws/install/hmi_bridge/share/hmi_bridge/cmake/hmi_bridgeConfig.cmake\n'}
[8.071764] (hmi_bridge) StdoutLine: {'line': b'-- Up-to-date: /workspace/ros_ws/install/hmi_bridge/share/hmi_bridge/cmake/hmi_bridgeConfig-version.cmake\n'}
[8.071801] (hmi_bridge) StdoutLine: {'line': b'-- Up-to-date: /workspace/ros_ws/install/hmi_bridge/share/hmi_bridge/package.xml\n'}
[8.072433] (hmi_bridge) CommandEnded: {'returncode': 0}
[8.082007] (hmi_bridge) JobEnded: {'identifier': 'hmi_bridge', 'rc': 0}
[8.082359] (-) EventReactorShutdown: {}
