[100%] Built target controller
-- Install configuration: "Release"
-- Up-to-date: /workspace/install/controller/lib/controller/controller
-- Up-to-date: /workspace/install/controller/share/controller//launch
-- Up-to-date: /workspace/install/controller/share/controller//launch/launch.xml
-- Up-to-date: /workspace/install/controller/share/ament_index/resource_index/package_run_dependencies/controller
-- Up-to-date: /workspace/install/controller/share/ament_index/resource_index/parent_prefix_path/controller
-- Up-to-date: /workspace/install/controller/share/controller/environment/ament_prefix_path.sh
-- Up-to-date: /workspace/install/controller/share/controller/environment/ament_prefix_path.dsv
-- Up-to-date: /workspace/install/controller/share/controller/environment/path.sh
-- Up-to-date: /workspace/install/controller/share/controller/environment/path.dsv
-- Up-to-date: /workspace/install/controller/share/controller/local_setup.bash
-- Up-to-date: /workspace/install/controller/share/controller/local_setup.sh
-- Up-to-date: /workspace/install/controller/share/controller/local_setup.zsh
-- Up-to-date: /workspace/install/controller/share/controller/local_setup.dsv
-- Installing: /workspace/install/controller/share/controller/package.dsv
-- Up-to-date: /workspace/install/controller/share/ament_index/resource_index/packages/controller
-- Up-to-date: /workspace/install/controller/share/controller/cmake/controllerConfig.cmake
-- Up-to-date: /workspace/install/controller/share/controller/cmake/controllerConfig-version.cmake
-- Up-to-date: /workspace/install/controller/share/controller/package.xml
