[0.017s] Invoking command in '/workspace/build/controller': CMAKE_PREFIX_PATH=${CMAKE_PREFIX_PATH}:/opt/ros/jazzy /usr/bin/cmake --build /workspace/build/controller -- -j20 -l20
[0.089s] [100%] Built target controller
[0.089s] Invoked command in '/workspace/build/controller' returned '0': CMAKE_PREFIX_PATH=${CMAKE_PREFIX_PATH}:/opt/ros/jazzy /usr/bin/cmake --build /workspace/build/controller -- -j20 -l20
[0.089s] Invoking command in '/workspace/build/controller': CMAKE_PREFIX_PATH=${CMAKE_PREFIX_PATH}:/opt/ros/jazzy /usr/bin/cmake --install /workspace/build/controller
[0.096s] -- Install configuration: "Release"
[0.097s] -- Up-to-date: /workspace/install/controller/lib/controller/controller
[0.097s] -- Up-to-date: /workspace/install/controller/share/controller//launch
[0.097s] -- Up-to-date: /workspace/install/controller/share/controller//launch/launch.xml
[0.097s] -- Up-to-date: /workspace/install/controller/share/ament_index/resource_index/package_run_dependencies/controller
[0.097s] -- Up-to-date: /workspace/install/controller/share/ament_index/resource_index/parent_prefix_path/controller
[0.097s] -- Up-to-date: /workspace/install/controller/share/controller/environment/ament_prefix_path.sh
[0.097s] -- Up-to-date: /workspace/install/controller/share/controller/environment/ament_prefix_path.dsv
[0.097s] -- Up-to-date: /workspace/install/controller/share/controller/environment/path.sh
[0.098s] -- Up-to-date: /workspace/install/controller/share/controller/environment/path.dsv
[0.098s] -- Up-to-date: /workspace/install/controller/share/controller/local_setup.bash
[0.098s] -- Up-to-date: /workspace/install/controller/share/controller/local_setup.sh
[0.098s] -- Up-to-date: /workspace/install/controller/share/controller/local_setup.zsh
[0.098s] -- Up-to-date: /workspace/install/controller/share/controller/local_setup.dsv
[0.098s] -- Installing: /workspace/install/controller/share/controller/package.dsv
[0.098s] -- Up-to-date: /workspace/install/controller/share/ament_index/resource_index/packages/controller
[0.098s] -- Up-to-date: /workspace/install/controller/share/controller/cmake/controllerConfig.cmake
[0.098s] -- Up-to-date: /workspace/install/controller/share/controller/cmake/controllerConfig-version.cmake
[0.098s] -- Up-to-date: /workspace/install/controller/share/controller/package.xml
[0.099s] Invoked command in '/workspace/build/controller' returned '0': CMAKE_PREFIX_PATH=${CMAKE_PREFIX_PATH}:/opt/ros/jazzy /usr/bin/cmake --install /workspace/build/controller
