[0.009s] Invoking command in '/workspace/ros_ws/build/bringup': CMAKE_PREFIX_PATH=${CMAKE_PREFIX_PATH}:/opt/ros/jazzy /usr/bin/cmake --build /workspace/ros_ws/build/bringup -- -j20 -l20
[0.036s] Invoked command in '/workspace/ros_ws/build/bringup' returned '0': CMAKE_PREFIX_PATH=${CMAKE_PREFIX_PATH}:/opt/ros/jazzy /usr/bin/cmake --build /workspace/ros_ws/build/bringup -- -j20 -l20
[0.045s] Invoking command in '/workspace/ros_ws/build/bringup': CMAKE_PREFIX_PATH=${CMAKE_PREFIX_PATH}:/opt/ros/jazzy /usr/bin/cmake --install /workspace/ros_ws/build/bringup
[0.056s] -- Install configuration: ""
[0.056s] -- Up-to-date: /workspace/ros_ws/install/bringup/share/bringup//launch
[0.057s] -- Up-to-date: /workspace/ros_ws/install/bringup/share/bringup//launch/launch.xml
[0.057s] -- Up-to-date: /workspace/ros_ws/install/bringup/share/ament_index/resource_index/package_run_dependencies/bringup
[0.057s] -- Up-to-date: /workspace/ros_ws/install/bringup/share/ament_index/resource_index/parent_prefix_path/bringup
[0.057s] -- Up-to-date: /workspace/ros_ws/install/bringup/share/bringup/environment/ament_prefix_path.sh
[0.057s] -- Up-to-date: /workspace/ros_ws/install/bringup/share/bringup/environment/ament_prefix_path.dsv
[0.057s] -- Up-to-date: /workspace/ros_ws/install/bringup/share/bringup/environment/path.sh
[0.057s] -- Up-to-date: /workspace/ros_ws/install/bringup/share/bringup/environment/path.dsv
[0.057s] -- Up-to-date: /workspace/ros_ws/install/bringup/share/bringup/local_setup.bash
[0.057s] -- Up-to-date: /workspace/ros_ws/install/bringup/share/bringup/local_setup.sh
[0.057s] -- Up-to-date: /workspace/ros_ws/install/bringup/share/bringup/local_setup.zsh
[0.057s] -- Up-to-date: /workspace/ros_ws/install/bringup/share/bringup/local_setup.dsv
[0.057s] -- Up-to-date: /workspace/ros_ws/install/bringup/share/bringup/package.dsv
[0.057s] -- Up-to-date: /workspace/ros_ws/install/bringup/share/ament_index/resource_index/packages/bringup
[0.058s] -- Up-to-date: /workspace/ros_ws/install/bringup/share/bringup/cmake/bringupConfig.cmake
[0.058s] -- Up-to-date: /workspace/ros_ws/install/bringup/share/bringup/cmake/bringupConfig-version.cmake
[0.058s] -- Up-to-date: /workspace/ros_ws/install/bringup/share/bringup/package.xml
[0.066s] Invoked command in '/workspace/ros_ws/build/bringup' returned '0': CMAKE_PREFIX_PATH=${CMAKE_PREFIX_PATH}:/opt/ros/jazzy /usr/bin/cmake --install /workspace/ros_ws/build/bringup
