[0.058s] DEBUG:colcon:Command line arguments: ['/usr/bin/colcon', 'build']
[0.058s] DEBUG:colcon:Parsed command line arguments: Namespace(log_base=None, log_level=None, verb_name='build', build_base='build', install_base='install', merge_install=False, symlink_install=False, test_result_base=None, continue_on_error=False, executor='parallel', parallel_workers=20, event_handlers=None, ignore_user_meta=False, metas=['./colcon.meta'], base_paths=['.'], packages_ignore=None, packages_ignore_regex=None, paths=None, packages_up_to=None, packages_up_to_regex=None, packages_above=None, packages_above_and_dependencies=None, packages_above_depth=None, packages_select_by_dep=None, packages_skip_by_dep=None, packages_skip_up_to=None, packages_select_build_failed=False, packages_skip_build_finished=False, packages_select_test_failures=False, packages_skip_test_passed=False, packages_select=None, packages_skip=None, packages_select_regex=None, packages_skip_regex=None, packages_start=None, packages_end=None, allow_overriding=[], cmake_args=None, cmake_target=None, cmake_target_skip_unavailable=False, cmake_clean_cache=False, cmake_clean_first=False, cmake_force_configure=False, ament_cmake_args=None, catkin_cmake_args=None, catkin_skip_building_tests=False, verb_parser=<colcon_defaults.argument_parser.defaults.DefaultArgumentsDecorator object at 0x7f5ed6f366f0>, verb_extension=<colcon_core.verb.build.BuildVerb object at 0x7f5ed6ee4440>, main=<bound method BuildVerb.main of <colcon_core.verb.build.BuildVerb object at 0x7f5ed6ee4440>>)
[0.080s] Level 1:colcon.colcon_core.package_discovery:discover_packages(colcon_meta) check parameters
[0.081s] Level 1:colcon.colcon_core.package_discovery:discover_packages(recursive) check parameters
[0.081s] Level 1:colcon.colcon_core.package_discovery:discover_packages(ignore) check parameters
[0.081s] Level 1:colcon.colcon_core.package_discovery:discover_packages(path) check parameters
[0.081s] Level 1:colcon.colcon_core.package_discovery:discover_packages(colcon_meta) discover
[0.081s] Level 1:colcon.colcon_core.package_discovery:discover_packages(recursive) discover
[0.081s] INFO:colcon.colcon_core.package_discovery:Crawling recursively for packages in '/workspace/ros_ws'
[0.081s] Level 1:colcon.colcon_core.package_identification:_identify(.) by extensions ['ignore', 'ignore_ament_install']
[0.081s] Level 1:colcon.colcon_core.package_identification:_identify(.) by extension 'ignore'
[0.081s] Level 1:colcon.colcon_core.package_identification:_identify(.) by extension 'ignore_ament_install'
[0.081s] Level 1:colcon.colcon_core.package_identification:_identify(.) by extensions ['colcon_pkg']
[0.081s] Level 1:colcon.colcon_core.package_identification:_identify(.) by extension 'colcon_pkg'
[0.081s] Level 1:colcon.colcon_core.package_identification:_identify(.) by extensions ['colcon_meta']
[0.081s] Level 1:colcon.colcon_core.package_identification:_identify(.) by extension 'colcon_meta'
[0.081s] Level 1:colcon.colcon_core.package_identification:_identify(.) by extensions ['ros']
[0.081s] Level 1:colcon.colcon_core.package_identification:_identify(.) by extension 'ros'
[0.096s] Level 1:colcon.colcon_core.package_identification:_identify(.) by extensions ['cmake', 'python']
[0.096s] Level 1:colcon.colcon_core.package_identification:_identify(.) by extension 'cmake'
[0.096s] Level 1:colcon.colcon_core.package_identification:_identify(.) by extension 'python'
[0.096s] Level 1:colcon.colcon_core.package_identification:_identify(.) by extensions ['python_setup_py']
[0.096s] Level 1:colcon.colcon_core.package_identification:_identify(.) by extension 'python_setup_py'
[0.096s] Level 1:colcon.colcon_core.package_identification:_identify(build) by extensions ['ignore', 'ignore_ament_install']
[0.096s] Level 1:colcon.colcon_core.package_identification:_identify(build) by extension 'ignore'
[0.097s] Level 1:colcon.colcon_core.package_identification:_identify(build) ignored
[0.097s] Level 1:colcon.colcon_core.package_identification:_identify(install) by extensions ['ignore', 'ignore_ament_install']
[0.097s] Level 1:colcon.colcon_core.package_identification:_identify(install) by extension 'ignore'
[0.097s] Level 1:colcon.colcon_core.package_identification:_identify(install) ignored
[0.097s] Level 1:colcon.colcon_core.package_identification:_identify(log) by extensions ['ignore', 'ignore_ament_install']
[0.097s] Level 1:colcon.colcon_core.package_identification:_identify(log) by extension 'ignore'
[0.097s] Level 1:colcon.colcon_core.package_identification:_identify(log) ignored
[0.097s] Level 1:colcon.colcon_core.package_identification:_identify(src) by extensions ['ignore', 'ignore_ament_install']
[0.097s] Level 1:colcon.colcon_core.package_identification:_identify(src) by extension 'ignore'
[0.097s] Level 1:colcon.colcon_core.package_identification:_identify(src) by extension 'ignore_ament_install'
[0.097s] Level 1:colcon.colcon_core.package_identification:_identify(src) by extensions ['colcon_pkg']
[0.097s] Level 1:colcon.colcon_core.package_identification:_identify(src) by extension 'colcon_pkg'
[0.097s] Level 1:colcon.colcon_core.package_identification:_identify(src) by extensions ['colcon_meta']
[0.097s] Level 1:colcon.colcon_core.package_identification:_identify(src) by extension 'colcon_meta'
[0.097s] Level 1:colcon.colcon_core.package_identification:_identify(src) by extensions ['ros']
[0.097s] Level 1:colcon.colcon_core.package_identification:_identify(src) by extension 'ros'
[0.097s] Level 1:colcon.colcon_core.package_identification:_identify(src) by extensions ['cmake', 'python']
[0.097s] Level 1:colcon.colcon_core.package_identification:_identify(src) by extension 'cmake'
[0.097s] Level 1:colcon.colcon_core.package_identification:_identify(src) by extension 'python'
[0.097s] Level 1:colcon.colcon_core.package_identification:_identify(src) by extensions ['python_setup_py']
[0.097s] Level 1:colcon.colcon_core.package_identification:_identify(src) by extension 'python_setup_py'
[0.097s] Level 1:colcon.colcon_core.package_identification:_identify(src/controller) by extensions ['ignore', 'ignore_ament_install']
[0.097s] Level 1:colcon.colcon_core.package_identification:_identify(src/controller) by extension 'ignore'
[0.097s] Level 1:colcon.colcon_core.package_identification:_identify(src/controller) by extension 'ignore_ament_install'
[0.097s] Level 1:colcon.colcon_core.package_identification:_identify(src/controller) by extensions ['colcon_pkg']
[0.097s] Level 1:colcon.colcon_core.package_identification:_identify(src/controller) by extension 'colcon_pkg'
[0.097s] Level 1:colcon.colcon_core.package_identification:_identify(src/controller) by extensions ['colcon_meta']
[0.097s] Level 1:colcon.colcon_core.package_identification:_identify(src/controller) by extension 'colcon_meta'
[0.097s] Level 1:colcon.colcon_core.package_identification:_identify(src/controller) by extensions ['ros']
[0.097s] Level 1:colcon.colcon_core.package_identification:_identify(src/controller) by extension 'ros'
[0.099s] DEBUG:colcon.colcon_core.package_identification:Package 'src/controller' with type 'ros.ament_cmake' and name 'controller'
[0.099s] Level 1:colcon.colcon_core.package_identification:_identify(src/hmi_bridge) by extensions ['ignore', 'ignore_ament_install']
[0.099s] Level 1:colcon.colcon_core.package_identification:_identify(src/hmi_bridge) by extension 'ignore'
[0.099s] Level 1:colcon.colcon_core.package_identification:_identify(src/hmi_bridge) by extension 'ignore_ament_install'
[0.099s] Level 1:colcon.colcon_core.package_identification:_identify(src/hmi_bridge) by extensions ['colcon_pkg']
[0.099s] Level 1:colcon.colcon_core.package_identification:_identify(src/hmi_bridge) by extension 'colcon_pkg'
[0.099s] Level 1:colcon.colcon_core.package_identification:_identify(src/hmi_bridge) by extensions ['colcon_meta']
[0.099s] Level 1:colcon.colcon_core.package_identification:_identify(src/hmi_bridge) by extension 'colcon_meta'
[0.099s] Level 1:colcon.colcon_core.package_identification:_identify(src/hmi_bridge) by extensions ['ros']
[0.099s] Level 1:colcon.colcon_core.package_identification:_identify(src/hmi_bridge) by extension 'ros'
[0.099s] DEBUG:colcon.colcon_core.package_identification:Package 'src/hmi_bridge' with type 'ros.ament_cmake' and name 'hmi_bridge'
[0.099s] Level 1:colcon.colcon_core.package_identification:_identify(src/simulator) by extensions ['ignore', 'ignore_ament_install']
[0.099s] Level 1:colcon.colcon_core.package_identification:_identify(src/simulator) by extension 'ignore'
[0.099s] Level 1:colcon.colcon_core.package_identification:_identify(src/simulator) by extension 'ignore_ament_install'
[0.099s] Level 1:colcon.colcon_core.package_identification:_identify(src/simulator) by extensions ['colcon_pkg']
[0.099s] Level 1:colcon.colcon_core.package_identification:_identify(src/simulator) by extension 'colcon_pkg'
[0.099s] Level 1:colcon.colcon_core.package_identification:_identify(src/simulator) by extensions ['colcon_meta']
[0.099s] Level 1:colcon.colcon_core.package_identification:_identify(src/simulator) by extension 'colcon_meta'
[0.099s] Level 1:colcon.colcon_core.package_identification:_identify(src/simulator) by extensions ['ros']
[0.099s] Level 1:colcon.colcon_core.package_identification:_identify(src/simulator) by extension 'ros'
[0.100s] DEBUG:colcon.colcon_core.package_identification:Package 'src/simulator' with type 'ros.ament_cmake' and name 'simulator'
[0.100s] Level 1:colcon.colcon_core.package_discovery:discover_packages(recursive) using defaults
[0.100s] Level 1:colcon.colcon_core.package_discovery:discover_packages(ignore) discover
[0.100s] Level 1:colcon.colcon_core.package_discovery:discover_packages(ignore) using defaults
[0.100s] Level 1:colcon.colcon_core.package_discovery:discover_packages(path) discover
[0.100s] Level 1:colcon.colcon_core.package_discovery:discover_packages(path) using defaults
[0.111s] Level 1:colcon.colcon_core.package_discovery:discover_packages(prefix_path) check parameters
[0.111s] Level 1:colcon.colcon_core.package_discovery:discover_packages(prefix_path) discover
[0.112s] DEBUG:colcon.colcon_installed_package_information.package_discovery:Found 285 installed packages in /opt/ros/jazzy
[0.113s] Level 1:colcon.colcon_core.package_discovery:discover_packages(prefix_path) using defaults
[0.133s] Level 5:colcon.colcon_core.verb:set package 'controller' build argument 'cmake_args' from command line to 'None'
[0.133s] Level 5:colcon.colcon_core.verb:set package 'controller' build argument 'cmake_target' from command line to 'None'
[0.133s] Level 5:colcon.colcon_core.verb:set package 'controller' build argument 'cmake_target_skip_unavailable' from command line to 'False'
[0.134s] Level 5:colcon.colcon_core.verb:set package 'controller' build argument 'cmake_clean_cache' from command line to 'False'
[0.134s] Level 5:colcon.colcon_core.verb:set package 'controller' build argument 'cmake_clean_first' from command line to 'False'
[0.134s] Level 5:colcon.colcon_core.verb:set package 'controller' build argument 'cmake_force_configure' from command line to 'False'
[0.134s] Level 5:colcon.colcon_core.verb:set package 'controller' build argument 'ament_cmake_args' from command line to 'None'
[0.134s] Level 5:colcon.colcon_core.verb:set package 'controller' build argument 'catkin_cmake_args' from command line to 'None'
[0.134s] Level 5:colcon.colcon_core.verb:set package 'controller' build argument 'catkin_skip_building_tests' from command line to 'False'
[0.134s] DEBUG:colcon.colcon_core.verb:Building package 'controller' with the following arguments: {'ament_cmake_args': None, 'build_base': '/workspace/ros_ws/build/controller', 'catkin_cmake_args': None, 'catkin_skip_building_tests': False, 'cmake_args': None, 'cmake_clean_cache': False, 'cmake_clean_first': False, 'cmake_force_configure': False, 'cmake_target': None, 'cmake_target_skip_unavailable': False, 'install_base': '/workspace/ros_ws/install/controller', 'merge_install': False, 'path': '/workspace/ros_ws/src/controller', 'symlink_install': False, 'test_result_base': None}
[0.134s] Level 5:colcon.colcon_core.verb:set package 'hmi_bridge' build argument 'cmake_args' from command line to 'None'
[0.134s] Level 5:colcon.colcon_core.verb:set package 'hmi_bridge' build argument 'cmake_target' from command line to 'None'
[0.134s] Level 5:colcon.colcon_core.verb:set package 'hmi_bridge' build argument 'cmake_target_skip_unavailable' from command line to 'False'
[0.134s] Level 5:colcon.colcon_core.verb:set package 'hmi_bridge' build argument 'cmake_clean_cache' from command line to 'False'
[0.134s] Level 5:colcon.colcon_core.verb:set package 'hmi_bridge' build argument 'cmake_clean_first' from command line to 'False'
[0.134s] Level 5:colcon.colcon_core.verb:set package 'hmi_bridge' build argument 'cmake_force_configure' from command line to 'False'
[0.134s] Level 5:colcon.colcon_core.verb:set package 'hmi_bridge' build argument 'ament_cmake_args' from command line to 'None'
[0.134s] Level 5:colcon.colcon_core.verb:set package 'hmi_bridge' build argument 'catkin_cmake_args' from command line to 'None'
[0.134s] Level 5:colcon.colcon_core.verb:set package 'hmi_bridge' build argument 'catkin_skip_building_tests' from command line to 'False'
[0.134s] DEBUG:colcon.colcon_core.verb:Building package 'hmi_bridge' with the following arguments: {'ament_cmake_args': None, 'build_base': '/workspace/ros_ws/build/hmi_bridge', 'catkin_cmake_args': None, 'catkin_skip_building_tests': False, 'cmake_args': None, 'cmake_clean_cache': False, 'cmake_clean_first': False, 'cmake_force_configure': False, 'cmake_target': None, 'cmake_target_skip_unavailable': False, 'install_base': '/workspace/ros_ws/install/hmi_bridge', 'merge_install': False, 'path': '/workspace/ros_ws/src/hmi_bridge', 'symlink_install': False, 'test_result_base': None}
[0.134s] Level 5:colcon.colcon_core.verb:set package 'simulator' build argument 'cmake_args' from command line to 'None'
[0.134s] Level 5:colcon.colcon_core.verb:set package 'simulator' build argument 'cmake_target' from command line to 'None'
[0.134s] Level 5:colcon.colcon_core.verb:set package 'simulator' build argument 'cmake_target_skip_unavailable' from command line to 'False'
[0.134s] Level 5:colcon.colcon_core.verb:set package 'simulator' build argument 'cmake_clean_cache' from command line to 'False'
[0.134s] Level 5:colcon.colcon_core.verb:set package 'simulator' build argument 'cmake_clean_first' from command line to 'False'
[0.134s] Level 5:colcon.colcon_core.verb:set package 'simulator' build argument 'cmake_force_configure' from command line to 'False'
[0.134s] Level 5:colcon.colcon_core.verb:set package 'simulator' build argument 'ament_cmake_args' from command line to 'None'
[0.134s] Level 5:colcon.colcon_core.verb:set package 'simulator' build argument 'catkin_cmake_args' from command line to 'None'
[0.134s] Level 5:colcon.colcon_core.verb:set package 'simulator' build argument 'catkin_skip_building_tests' from command line to 'False'
[0.134s] DEBUG:colcon.colcon_core.verb:Building package 'simulator' with the following arguments: {'ament_cmake_args': None, 'build_base': '/workspace/ros_ws/build/simulator', 'catkin_cmake_args': None, 'catkin_skip_building_tests': False, 'cmake_args': None, 'cmake_clean_cache': False, 'cmake_clean_first': False, 'cmake_force_configure': False, 'cmake_target': None, 'cmake_target_skip_unavailable': False, 'install_base': '/workspace/ros_ws/install/simulator', 'merge_install': False, 'path': '/workspace/ros_ws/src/simulator', 'symlink_install': False, 'test_result_base': None}
[0.134s] INFO:colcon.colcon_core.executor:Executing jobs using 'parallel' executor
[0.135s] DEBUG:colcon.colcon_parallel_executor.executor.parallel:run_until_complete
[0.135s] INFO:colcon.colcon_ros.task.ament_cmake.build:Building ROS package in '/workspace/ros_ws/src/controller' with build type 'ament_cmake'
[0.135s] INFO:colcon.colcon_cmake.task.cmake.build:Building CMake package in '/workspace/ros_ws/src/controller'
[0.136s] INFO:colcon.colcon_core.plugin_system:Skipping extension 'colcon_core.shell.bat': Not used on non-Windows systems
[0.136s] INFO:colcon.colcon_core.shell:Skip shell extension 'powershell' for command environment: Not usable outside of PowerShell
[0.136s] DEBUG:colcon.colcon_core.shell:Skip shell extension 'dsv' for command environment
[0.138s] INFO:colcon.colcon_ros.task.ament_cmake.build:Building ROS package in '/workspace/ros_ws/src/hmi_bridge' with build type 'ament_cmake'
[0.138s] INFO:colcon.colcon_cmake.task.cmake.build:Building CMake package in '/workspace/ros_ws/src/hmi_bridge'
[0.138s] INFO:colcon.colcon_core.shell:Skip shell extension 'powershell' for command environment: Not usable outside of PowerShell
[0.138s] DEBUG:colcon.colcon_core.shell:Skip shell extension 'dsv' for command environment
[0.140s] INFO:colcon.colcon_ros.task.ament_cmake.build:Building ROS package in '/workspace/ros_ws/src/simulator' with build type 'ament_cmake'
[0.141s] INFO:colcon.colcon_cmake.task.cmake.build:Building CMake package in '/workspace/ros_ws/src/simulator'
[0.141s] INFO:colcon.colcon_core.shell:Skip shell extension 'powershell' for command environment: Not usable outside of PowerShell
[0.141s] DEBUG:colcon.colcon_core.shell:Skip shell extension 'dsv' for command environment
[0.143s] DEBUG:colcon.colcon_core.event_handler.log_command:Invoking command in '/workspace/ros_ws/build/controller': CMAKE_PREFIX_PATH=${CMAKE_PREFIX_PATH}:/opt/ros/jazzy /usr/bin/cmake /workspace/ros_ws/src/controller -DCMAKE_INSTALL_PREFIX=/workspace/ros_ws/install/controller
[0.144s] DEBUG:colcon.colcon_core.event_handler.log_command:Invoking command in '/workspace/ros_ws/build/hmi_bridge': CMAKE_PREFIX_PATH=${CMAKE_PREFIX_PATH}:/opt/ros/jazzy /usr/bin/cmake /workspace/ros_ws/src/hmi_bridge -DCMAKE_INSTALL_PREFIX=/workspace/ros_ws/install/hmi_bridge
[0.145s] DEBUG:colcon.colcon_core.event_handler.log_command:Invoking command in '/workspace/ros_ws/build/simulator': CMAKE_PREFIX_PATH=${CMAKE_PREFIX_PATH}:/opt/ros/jazzy /usr/bin/cmake /workspace/ros_ws/src/simulator -DCMAKE_INSTALL_PREFIX=/workspace/ros_ws/install/simulator
[0.691s] DEBUG:colcon.colcon_core.event_handler.log_command:Invoked command in '/workspace/ros_ws/build/simulator' returned '0': CMAKE_PREFIX_PATH=${CMAKE_PREFIX_PATH}:/opt/ros/jazzy /usr/bin/cmake /workspace/ros_ws/src/simulator -DCMAKE_INSTALL_PREFIX=/workspace/ros_ws/install/simulator
[0.691s] DEBUG:colcon.colcon_core.event_handler.log_command:Invoking command in '/workspace/ros_ws/build/simulator': CMAKE_PREFIX_PATH=${CMAKE_PREFIX_PATH}:/opt/ros/jazzy /usr/bin/cmake --build /workspace/ros_ws/build/simulator -- -j20 -l20
[0.722s] DEBUG:colcon.colcon_core.event_handler.log_command:Invoked command in '/workspace/ros_ws/build/simulator' returned '0': CMAKE_PREFIX_PATH=${CMAKE_PREFIX_PATH}:/opt/ros/jazzy /usr/bin/cmake --build /workspace/ros_ws/build/simulator -- -j20 -l20
[0.728s] DEBUG:colcon.colcon_core.event_handler.log_command:Invoking command in '/workspace/ros_ws/build/simulator': CMAKE_PREFIX_PATH=${CMAKE_PREFIX_PATH}:/opt/ros/jazzy /usr/bin/cmake --install /workspace/ros_ws/build/simulator
[0.741s] Level 1:colcon.colcon_core.environment:create_environment_scripts_only(simulator)
[0.741s] DEBUG:colcon.colcon_core.event_handler.log_command:Invoked command in '/workspace/ros_ws/build/simulator' returned '0': CMAKE_PREFIX_PATH=${CMAKE_PREFIX_PATH}:/opt/ros/jazzy /usr/bin/cmake --install /workspace/ros_ws/build/simulator
[0.743s] Level 1:colcon.colcon_core.environment:checking '/workspace/ros_ws/install/simulator' for CMake module files
[0.744s] Level 1:colcon.colcon_core.environment:checking '/workspace/ros_ws/install/simulator' for CMake config files
[0.744s] Level 1:colcon.colcon_core.shell:create_environment_hook('simulator', 'cmake_prefix_path')
[0.744s] INFO:colcon.colcon_core.shell:Creating environment hook '/workspace/ros_ws/install/simulator/share/simulator/hook/cmake_prefix_path.ps1'
[0.744s] INFO:colcon.colcon_core.shell:Creating environment descriptor '/workspace/ros_ws/install/simulator/share/simulator/hook/cmake_prefix_path.dsv'
[0.745s] INFO:colcon.colcon_core.shell:Creating environment hook '/workspace/ros_ws/install/simulator/share/simulator/hook/cmake_prefix_path.sh'
[0.745s] Level 1:colcon.colcon_core.environment:checking '/workspace/ros_ws/install/simulator/bin'
[0.745s] Level 1:colcon.colcon_core.environment:checking '/workspace/ros_ws/install/simulator/lib/pkgconfig/simulator.pc'
[0.745s] Level 1:colcon.colcon_core.environment:checking '/workspace/ros_ws/install/simulator/lib/python3.12/site-packages'
[0.745s] Level 1:colcon.colcon_core.environment:checking '/workspace/ros_ws/install/simulator/bin'
[0.746s] INFO:colcon.colcon_core.shell:Creating package script '/workspace/ros_ws/install/simulator/share/simulator/package.ps1'
[0.746s] INFO:colcon.colcon_core.shell:Creating package descriptor '/workspace/ros_ws/install/simulator/share/simulator/package.dsv'
[0.746s] INFO:colcon.colcon_core.shell:Creating package script '/workspace/ros_ws/install/simulator/share/simulator/package.sh'
[0.747s] INFO:colcon.colcon_core.shell:Creating package script '/workspace/ros_ws/install/simulator/share/simulator/package.bash'
[0.747s] INFO:colcon.colcon_core.shell:Creating package script '/workspace/ros_ws/install/simulator/share/simulator/package.zsh'
[0.747s] Level 1:colcon.colcon_core.environment:create_file_with_runtime_dependencies(/workspace/ros_ws/install/simulator/share/colcon-core/packages/simulator)
[0.748s] Level 1:colcon.colcon_core.environment:create_environment_scripts_only(simulator)
[0.748s] Level 1:colcon.colcon_core.environment:checking '/workspace/ros_ws/install/simulator' for CMake module files
[0.748s] Level 1:colcon.colcon_core.environment:checking '/workspace/ros_ws/install/simulator' for CMake config files
[0.748s] Level 1:colcon.colcon_core.shell:create_environment_hook('simulator', 'cmake_prefix_path')
[0.748s] INFO:colcon.colcon_core.shell:Creating environment hook '/workspace/ros_ws/install/simulator/share/simulator/hook/cmake_prefix_path.ps1'
[0.749s] INFO:colcon.colcon_core.shell:Creating environment descriptor '/workspace/ros_ws/install/simulator/share/simulator/hook/cmake_prefix_path.dsv'
[0.749s] INFO:colcon.colcon_core.shell:Creating environment hook '/workspace/ros_ws/install/simulator/share/simulator/hook/cmake_prefix_path.sh'
[0.749s] Level 1:colcon.colcon_core.environment:checking '/workspace/ros_ws/install/simulator/bin'
[0.749s] Level 1:colcon.colcon_core.environment:checking '/workspace/ros_ws/install/simulator/lib/pkgconfig/simulator.pc'
[0.749s] Level 1:colcon.colcon_core.environment:checking '/workspace/ros_ws/install/simulator/lib/python3.12/site-packages'
[0.750s] Level 1:colcon.colcon_core.environment:checking '/workspace/ros_ws/install/simulator/bin'
[0.750s] INFO:colcon.colcon_core.shell:Creating package script '/workspace/ros_ws/install/simulator/share/simulator/package.ps1'
[0.750s] INFO:colcon.colcon_core.shell:Creating package descriptor '/workspace/ros_ws/install/simulator/share/simulator/package.dsv'
[0.750s] INFO:colcon.colcon_core.shell:Creating package script '/workspace/ros_ws/install/simulator/share/simulator/package.sh'
[0.751s] INFO:colcon.colcon_core.shell:Creating package script '/workspace/ros_ws/install/simulator/share/simulator/package.bash'
[0.751s] INFO:colcon.colcon_core.shell:Creating package script '/workspace/ros_ws/install/simulator/share/simulator/package.zsh'
[0.751s] Level 1:colcon.colcon_core.environment:create_file_with_runtime_dependencies(/workspace/ros_ws/install/simulator/share/colcon-core/packages/simulator)
[1.025s] DEBUG:colcon.colcon_core.event_handler.log_command:Invoked command in '/workspace/ros_ws/build/hmi_bridge' returned '0': CMAKE_PREFIX_PATH=${CMAKE_PREFIX_PATH}:/opt/ros/jazzy /usr/bin/cmake /workspace/ros_ws/src/hmi_bridge -DCMAKE_INSTALL_PREFIX=/workspace/ros_ws/install/hmi_bridge
[1.025s] DEBUG:colcon.colcon_core.event_handler.log_command:Invoking command in '/workspace/ros_ws/build/hmi_bridge': CMAKE_PREFIX_PATH=${CMAKE_PREFIX_PATH}:/opt/ros/jazzy /usr/bin/cmake --build /workspace/ros_ws/build/hmi_bridge -- -j20 -l20
[1.204s] DEBUG:colcon.colcon_core.event_handler.log_command:Invoked command in '/workspace/ros_ws/build/controller' returned '0': CMAKE_PREFIX_PATH=${CMAKE_PREFIX_PATH}:/opt/ros/jazzy /usr/bin/cmake /workspace/ros_ws/src/controller -DCMAKE_INSTALL_PREFIX=/workspace/ros_ws/install/controller
[1.204s] DEBUG:colcon.colcon_core.event_handler.log_command:Invoking command in '/workspace/ros_ws/build/controller': CMAKE_PREFIX_PATH=${CMAKE_PREFIX_PATH}:/opt/ros/jazzy /usr/bin/cmake --build /workspace/ros_ws/build/controller -- -j20 -l20
[9.944s] DEBUG:colcon.colcon_core.event_handler.log_command:Invoked command in '/workspace/ros_ws/build/hmi_bridge' returned '0': CMAKE_PREFIX_PATH=${CMAKE_PREFIX_PATH}:/opt/ros/jazzy /usr/bin/cmake --build /workspace/ros_ws/build/hmi_bridge -- -j20 -l20
[9.945s] DEBUG:colcon.colcon_core.event_handler.log_command:Invoking command in '/workspace/ros_ws/build/hmi_bridge': CMAKE_PREFIX_PATH=${CMAKE_PREFIX_PATH}:/opt/ros/jazzy /usr/bin/cmake --install /workspace/ros_ws/build/hmi_bridge
[9.953s] Level 1:colcon.colcon_core.environment:create_environment_scripts_only(hmi_bridge)
[9.954s] Level 1:colcon.colcon_core.environment:checking '/workspace/ros_ws/install/hmi_bridge' for CMake module files
[9.954s] DEBUG:colcon.colcon_core.event_handler.log_command:Invoked command in '/workspace/ros_ws/build/hmi_bridge' returned '0': CMAKE_PREFIX_PATH=${CMAKE_PREFIX_PATH}:/opt/ros/jazzy /usr/bin/cmake --install /workspace/ros_ws/build/hmi_bridge
[9.954s] Level 1:colcon.colcon_core.environment:checking '/workspace/ros_ws/install/hmi_bridge' for CMake config files
[9.954s] Level 1:colcon.colcon_core.shell:create_environment_hook('hmi_bridge', 'cmake_prefix_path')
[9.954s] INFO:colcon.colcon_core.shell:Creating environment hook '/workspace/ros_ws/install/hmi_bridge/share/hmi_bridge/hook/cmake_prefix_path.ps1'
[9.955s] INFO:colcon.colcon_core.shell:Creating environment descriptor '/workspace/ros_ws/install/hmi_bridge/share/hmi_bridge/hook/cmake_prefix_path.dsv'
[9.955s] INFO:colcon.colcon_core.shell:Creating environment hook '/workspace/ros_ws/install/hmi_bridge/share/hmi_bridge/hook/cmake_prefix_path.sh'
[9.956s] Level 1:colcon.colcon_core.environment:checking '/workspace/ros_ws/install/hmi_bridge/lib'
[9.956s] Level 1:colcon.colcon_core.environment:checking '/workspace/ros_ws/install/hmi_bridge/bin'
[9.956s] Level 1:colcon.colcon_core.environment:checking '/workspace/ros_ws/install/hmi_bridge/lib/pkgconfig/hmi_bridge.pc'
[9.956s] Level 1:colcon.colcon_core.environment:checking '/workspace/ros_ws/install/hmi_bridge/lib/python3.12/site-packages'
[9.956s] Level 1:colcon.colcon_core.environment:checking '/workspace/ros_ws/install/hmi_bridge/bin'
[9.956s] INFO:colcon.colcon_core.shell:Creating package script '/workspace/ros_ws/install/hmi_bridge/share/hmi_bridge/package.ps1'
[9.956s] INFO:colcon.colcon_core.shell:Creating package descriptor '/workspace/ros_ws/install/hmi_bridge/share/hmi_bridge/package.dsv'
[9.957s] INFO:colcon.colcon_core.shell:Creating package script '/workspace/ros_ws/install/hmi_bridge/share/hmi_bridge/package.sh'
[9.957s] INFO:colcon.colcon_core.shell:Creating package script '/workspace/ros_ws/install/hmi_bridge/share/hmi_bridge/package.bash'
[9.957s] INFO:colcon.colcon_core.shell:Creating package script '/workspace/ros_ws/install/hmi_bridge/share/hmi_bridge/package.zsh'
[9.957s] Level 1:colcon.colcon_core.environment:create_file_with_runtime_dependencies(/workspace/ros_ws/install/hmi_bridge/share/colcon-core/packages/hmi_bridge)
[9.958s] Level 1:colcon.colcon_core.environment:create_environment_scripts_only(hmi_bridge)
[9.958s] Level 1:colcon.colcon_core.environment:checking '/workspace/ros_ws/install/hmi_bridge' for CMake module files
[9.958s] Level 1:colcon.colcon_core.environment:checking '/workspace/ros_ws/install/hmi_bridge' for CMake config files
[9.958s] Level 1:colcon.colcon_core.shell:create_environment_hook('hmi_bridge', 'cmake_prefix_path')
[9.958s] INFO:colcon.colcon_core.shell:Creating environment hook '/workspace/ros_ws/install/hmi_bridge/share/hmi_bridge/hook/cmake_prefix_path.ps1'
[9.958s] INFO:colcon.colcon_core.shell:Creating environment descriptor '/workspace/ros_ws/install/hmi_bridge/share/hmi_bridge/hook/cmake_prefix_path.dsv'
[9.959s] INFO:colcon.colcon_core.shell:Creating environment hook '/workspace/ros_ws/install/hmi_bridge/share/hmi_bridge/hook/cmake_prefix_path.sh'
[9.959s] Level 1:colcon.colcon_core.environment:checking '/workspace/ros_ws/install/hmi_bridge/lib'
[9.959s] Level 1:colcon.colcon_core.environment:checking '/workspace/ros_ws/install/hmi_bridge/bin'
[9.959s] Level 1:colcon.colcon_core.environment:checking '/workspace/ros_ws/install/hmi_bridge/lib/pkgconfig/hmi_bridge.pc'
[9.959s] Level 1:colcon.colcon_core.environment:checking '/workspace/ros_ws/install/hmi_bridge/lib/python3.12/site-packages'
[9.959s] Level 1:colcon.colcon_core.environment:checking '/workspace/ros_ws/install/hmi_bridge/bin'
[9.959s] INFO:colcon.colcon_core.shell:Creating package script '/workspace/ros_ws/install/hmi_bridge/share/hmi_bridge/package.ps1'
[9.960s] INFO:colcon.colcon_core.shell:Creating package descriptor '/workspace/ros_ws/install/hmi_bridge/share/hmi_bridge/package.dsv'
[9.960s] INFO:colcon.colcon_core.shell:Creating package script '/workspace/ros_ws/install/hmi_bridge/share/hmi_bridge/package.sh'
[9.960s] INFO:colcon.colcon_core.shell:Creating package script '/workspace/ros_ws/install/hmi_bridge/share/hmi_bridge/package.bash'
[9.960s] INFO:colcon.colcon_core.shell:Creating package script '/workspace/ros_ws/install/hmi_bridge/share/hmi_bridge/package.zsh'
[9.960s] Level 1:colcon.colcon_core.environment:create_file_with_runtime_dependencies(/workspace/ros_ws/install/hmi_bridge/share/colcon-core/packages/hmi_bridge)
[12.336s] DEBUG:colcon.colcon_core.event_handler.log_command:Invoked command in '/workspace/ros_ws/build/controller' returned '0': CMAKE_PREFIX_PATH=${CMAKE_PREFIX_PATH}:/opt/ros/jazzy /usr/bin/cmake --build /workspace/ros_ws/build/controller -- -j20 -l20
[12.337s] DEBUG:colcon.colcon_core.event_handler.log_command:Invoking command in '/workspace/ros_ws/build/controller': CMAKE_PREFIX_PATH=${CMAKE_PREFIX_PATH}:/opt/ros/jazzy /usr/bin/cmake --install /workspace/ros_ws/build/controller
[12.347s] Level 1:colcon.colcon_core.environment:create_environment_scripts_only(controller)
[12.348s] Level 1:colcon.colcon_core.environment:checking '/workspace/ros_ws/install/controller' for CMake module files
[12.348s] DEBUG:colcon.colcon_core.event_handler.log_command:Invoked command in '/workspace/ros_ws/build/controller' returned '0': CMAKE_PREFIX_PATH=${CMAKE_PREFIX_PATH}:/opt/ros/jazzy /usr/bin/cmake --install /workspace/ros_ws/build/controller
[12.348s] Level 1:colcon.colcon_core.environment:checking '/workspace/ros_ws/install/controller' for CMake config files
[12.348s] Level 1:colcon.colcon_core.shell:create_environment_hook('controller', 'cmake_prefix_path')
[12.349s] INFO:colcon.colcon_core.shell:Creating environment hook '/workspace/ros_ws/install/controller/share/controller/hook/cmake_prefix_path.ps1'
[12.349s] INFO:colcon.colcon_core.shell:Creating environment descriptor '/workspace/ros_ws/install/controller/share/controller/hook/cmake_prefix_path.dsv'
[12.349s] INFO:colcon.colcon_core.shell:Creating environment hook '/workspace/ros_ws/install/controller/share/controller/hook/cmake_prefix_path.sh'
[12.350s] Level 1:colcon.colcon_core.environment:checking '/workspace/ros_ws/install/controller/lib'
[12.350s] Level 1:colcon.colcon_core.environment:checking '/workspace/ros_ws/install/controller/bin'
[12.350s] Level 1:colcon.colcon_core.environment:checking '/workspace/ros_ws/install/controller/lib/pkgconfig/controller.pc'
[12.350s] Level 1:colcon.colcon_core.environment:checking '/workspace/ros_ws/install/controller/lib/python3.12/site-packages'
[12.350s] Level 1:colcon.colcon_core.environment:checking '/workspace/ros_ws/install/controller/bin'
[12.350s] INFO:colcon.colcon_core.shell:Creating package script '/workspace/ros_ws/install/controller/share/controller/package.ps1'
[12.351s] INFO:colcon.colcon_core.shell:Creating package descriptor '/workspace/ros_ws/install/controller/share/controller/package.dsv'
[12.351s] INFO:colcon.colcon_core.shell:Creating package script '/workspace/ros_ws/install/controller/share/controller/package.sh'
[12.351s] INFO:colcon.colcon_core.shell:Creating package script '/workspace/ros_ws/install/controller/share/controller/package.bash'
[12.352s] INFO:colcon.colcon_core.shell:Creating package script '/workspace/ros_ws/install/controller/share/controller/package.zsh'
[12.352s] Level 1:colcon.colcon_core.environment:create_file_with_runtime_dependencies(/workspace/ros_ws/install/controller/share/colcon-core/packages/controller)
[12.352s] Level 1:colcon.colcon_core.environment:create_environment_scripts_only(controller)
[12.352s] Level 1:colcon.colcon_core.environment:checking '/workspace/ros_ws/install/controller' for CMake module files
[12.353s] Level 1:colcon.colcon_core.environment:checking '/workspace/ros_ws/install/controller' for CMake config files
[12.353s] Level 1:colcon.colcon_core.shell:create_environment_hook('controller', 'cmake_prefix_path')
[12.353s] INFO:colcon.colcon_core.shell:Creating environment hook '/workspace/ros_ws/install/controller/share/controller/hook/cmake_prefix_path.ps1'
[12.353s] INFO:colcon.colcon_core.shell:Creating environment descriptor '/workspace/ros_ws/install/controller/share/controller/hook/cmake_prefix_path.dsv'
[12.353s] INFO:colcon.colcon_core.shell:Creating environment hook '/workspace/ros_ws/install/controller/share/controller/hook/cmake_prefix_path.sh'
[12.354s] Level 1:colcon.colcon_core.environment:checking '/workspace/ros_ws/install/controller/lib'
[12.354s] Level 1:colcon.colcon_core.environment:checking '/workspace/ros_ws/install/controller/bin'
[12.354s] Level 1:colcon.colcon_core.environment:checking '/workspace/ros_ws/install/controller/lib/pkgconfig/controller.pc'
[12.354s] Level 1:colcon.colcon_core.environment:checking '/workspace/ros_ws/install/controller/lib/python3.12/site-packages'
[12.354s] Level 1:colcon.colcon_core.environment:checking '/workspace/ros_ws/install/controller/bin'
[12.354s] INFO:colcon.colcon_core.shell:Creating package script '/workspace/ros_ws/install/controller/share/controller/package.ps1'
[12.355s] INFO:colcon.colcon_core.shell:Creating package descriptor '/workspace/ros_ws/install/controller/share/controller/package.dsv'
[12.355s] INFO:colcon.colcon_core.shell:Creating package script '/workspace/ros_ws/install/controller/share/controller/package.sh'
[12.355s] INFO:colcon.colcon_core.shell:Creating package script '/workspace/ros_ws/install/controller/share/controller/package.bash'
[12.356s] INFO:colcon.colcon_core.shell:Creating package script '/workspace/ros_ws/install/controller/share/controller/package.zsh'
[12.356s] Level 1:colcon.colcon_core.environment:create_file_with_runtime_dependencies(/workspace/ros_ws/install/controller/share/colcon-core/packages/controller)
[12.356s] DEBUG:colcon.colcon_parallel_executor.executor.parallel:closing loop
[12.356s] DEBUG:colcon.colcon_parallel_executor.executor.parallel:loop closed
[12.356s] DEBUG:colcon.colcon_parallel_executor.executor.parallel:run_until_complete finished with '0'
[12.356s] DEBUG:colcon.colcon_core.event_reactor:joining thread
[12.365s] INFO:colcon.colcon_core.plugin_system:Skipping extension 'colcon_notification.desktop_notification.notify_send': Could not find 'notify-send'
[12.365s] INFO:colcon.colcon_core.plugin_system:Skipping extension 'colcon_notification.desktop_notification.terminal_notifier': Not used on non-Darwin systems
[12.365s] INFO:colcon.colcon_core.plugin_system:Skipping extension 'colcon_notification.desktop_notification.win32': Not used on non-Windows systems
[12.365s] INFO:colcon.colcon_notification.desktop_notification:Sending desktop notification using 'notify2'
[12.365s] DEBUG:colcon.colcon_notification.desktop_notification.notify2:Failed to initialize notify2: org.freedesktop.DBus.Error.NotSupported: Unable to autolaunch a dbus-daemon without a $DISPLAY for X11
[12.365s] DEBUG:colcon.colcon_core.event_reactor:joined thread
[12.365s] INFO:colcon.colcon_core.shell:Creating prefix script '/workspace/ros_ws/install/local_setup.ps1'
[12.366s] INFO:colcon.colcon_core.shell:Creating prefix util module '/workspace/ros_ws/install/_local_setup_util_ps1.py'
[12.367s] INFO:colcon.colcon_core.shell:Creating prefix chain script '/workspace/ros_ws/install/setup.ps1'
[12.368s] INFO:colcon.colcon_core.shell:Creating prefix script '/workspace/ros_ws/install/local_setup.sh'
[12.369s] INFO:colcon.colcon_core.shell:Creating prefix util module '/workspace/ros_ws/install/_local_setup_util_sh.py'
[12.369s] INFO:colcon.colcon_core.shell:Creating prefix chain script '/workspace/ros_ws/install/setup.sh'
[12.370s] INFO:colcon.colcon_core.shell:Creating prefix script '/workspace/ros_ws/install/local_setup.bash'
[12.371s] INFO:colcon.colcon_core.shell:Creating prefix chain script '/workspace/ros_ws/install/setup.bash'
[12.372s] INFO:colcon.colcon_core.shell:Creating prefix script '/workspace/ros_ws/install/local_setup.zsh'
[12.372s] INFO:colcon.colcon_core.shell:Creating prefix chain script '/workspace/ros_ws/install/setup.zsh'
