[0.107s] DEBUG:colcon:Command line arguments: ['/usr/bin/colcon', 'build']
[0.107s] DEBUG:colcon:Parsed command line arguments: Namespace(log_base=None, log_level=None, verb_name='build', build_base='build', install_base='install', merge_install=False, symlink_install=False, test_result_base=None, continue_on_error=False, executor='parallel', parallel_workers=20, event_handlers=None, ignore_user_meta=False, metas=['./colcon.meta'], base_paths=['.'], packages_ignore=None, packages_ignore_regex=None, paths=None, packages_up_to=None, packages_up_to_regex=None, packages_above=None, packages_above_and_dependencies=None, packages_above_depth=None, packages_select_by_dep=None, packages_skip_by_dep=None, packages_skip_up_to=None, packages_select_build_failed=False, packages_skip_build_finished=False, packages_select_test_failures=False, packages_skip_test_passed=False, packages_select=None, packages_skip=None, packages_select_regex=None, packages_skip_regex=None, packages_start=None, packages_end=None, allow_overriding=[], cmake_args=None, cmake_target=None, cmake_target_skip_unavailable=False, cmake_clean_cache=False, cmake_clean_first=False, cmake_force_configure=False, ament_cmake_args=None, catkin_cmake_args=None, catkin_skip_building_tests=False, verb_parser=<colcon_defaults.argument_parser.defaults.DefaultArgumentsDecorator object at 0x77e5d99fca70>, verb_extension=<colcon_core.verb.build.BuildVerb object at 0x77e5d9b4d400>, main=<bound method BuildVerb.main of <colcon_core.verb.build.BuildVerb object at 0x77e5d9b4d400>>)
[0.150s] Level 1:colcon.colcon_core.package_discovery:discover_packages(colcon_meta) check parameters
[0.150s] Level 1:colcon.colcon_core.package_discovery:discover_packages(recursive) check parameters
[0.150s] Level 1:colcon.colcon_core.package_discovery:discover_packages(ignore) check parameters
[0.150s] Level 1:colcon.colcon_core.package_discovery:discover_packages(path) check parameters
[0.150s] Level 1:colcon.colcon_core.package_discovery:discover_packages(colcon_meta) discover
[0.150s] Level 1:colcon.colcon_core.package_discovery:discover_packages(recursive) discover
[0.150s] INFO:colcon.colcon_core.package_discovery:Crawling recursively for packages in '/workspace'
[0.150s] Level 1:colcon.colcon_core.package_identification:_identify(.) by extensions ['ignore', 'ignore_ament_install']
[0.150s] Level 1:colcon.colcon_core.package_identification:_identify(.) by extension 'ignore'
[0.150s] Level 1:colcon.colcon_core.package_identification:_identify(.) by extension 'ignore_ament_install'
[0.150s] Level 1:colcon.colcon_core.package_identification:_identify(.) by extensions ['colcon_pkg']
[0.150s] Level 1:colcon.colcon_core.package_identification:_identify(.) by extension 'colcon_pkg'
[0.150s] Level 1:colcon.colcon_core.package_identification:_identify(.) by extensions ['colcon_meta']
[0.150s] Level 1:colcon.colcon_core.package_identification:_identify(.) by extension 'colcon_meta'
[0.150s] Level 1:colcon.colcon_core.package_identification:_identify(.) by extensions ['ros']
[0.150s] Level 1:colcon.colcon_core.package_identification:_identify(.) by extension 'ros'
[0.169s] Level 1:colcon.colcon_core.package_identification:_identify(.) by extensions ['cmake', 'python']
[0.169s] Level 1:colcon.colcon_core.package_identification:_identify(.) by extension 'cmake'
[0.169s] Level 1:colcon.colcon_core.package_identification:_identify(.) by extension 'python'
[0.169s] Level 1:colcon.colcon_core.package_identification:_identify(.) by extensions ['python_setup_py']
[0.169s] Level 1:colcon.colcon_core.package_identification:_identify(.) by extension 'python_setup_py'
[0.169s] Level 1:colcon.colcon_core.package_identification:_identify(build) by extensions ['ignore', 'ignore_ament_install']
[0.169s] Level 1:colcon.colcon_core.package_identification:_identify(build) by extension 'ignore'
[0.169s] Level 1:colcon.colcon_core.package_identification:_identify(build) ignored
[0.169s] Level 1:colcon.colcon_core.package_identification:_identify(install) by extensions ['ignore', 'ignore_ament_install']
[0.169s] Level 1:colcon.colcon_core.package_identification:_identify(install) by extension 'ignore'
[0.170s] Level 1:colcon.colcon_core.package_identification:_identify(install) ignored
[0.170s] Level 1:colcon.colcon_core.package_identification:_identify(log) by extensions ['ignore', 'ignore_ament_install']
[0.170s] Level 1:colcon.colcon_core.package_identification:_identify(log) by extension 'ignore'
[0.170s] Level 1:colcon.colcon_core.package_identification:_identify(log) ignored
[0.170s] Level 1:colcon.colcon_core.package_identification:_identify(src) by extensions ['ignore', 'ignore_ament_install']
[0.170s] Level 1:colcon.colcon_core.package_identification:_identify(src) by extension 'ignore'
[0.170s] Level 1:colcon.colcon_core.package_identification:_identify(src) by extension 'ignore_ament_install'
[0.170s] Level 1:colcon.colcon_core.package_identification:_identify(src) by extensions ['colcon_pkg']
[0.170s] Level 1:colcon.colcon_core.package_identification:_identify(src) by extension 'colcon_pkg'
[0.170s] Level 1:colcon.colcon_core.package_identification:_identify(src) by extensions ['colcon_meta']
[0.170s] Level 1:colcon.colcon_core.package_identification:_identify(src) by extension 'colcon_meta'
[0.170s] Level 1:colcon.colcon_core.package_identification:_identify(src) by extensions ['ros']
[0.170s] Level 1:colcon.colcon_core.package_identification:_identify(src) by extension 'ros'
[0.170s] Level 1:colcon.colcon_core.package_identification:_identify(src) by extensions ['cmake', 'python']
[0.170s] Level 1:colcon.colcon_core.package_identification:_identify(src) by extension 'cmake'
[0.170s] Level 1:colcon.colcon_core.package_identification:_identify(src) by extension 'python'
[0.170s] Level 1:colcon.colcon_core.package_identification:_identify(src) by extensions ['python_setup_py']
[0.170s] Level 1:colcon.colcon_core.package_identification:_identify(src) by extension 'python_setup_py'
[0.170s] Level 1:colcon.colcon_core.package_identification:_identify(src/controller) by extensions ['ignore', 'ignore_ament_install']
[0.170s] Level 1:colcon.colcon_core.package_identification:_identify(src/controller) by extension 'ignore'
[0.170s] Level 1:colcon.colcon_core.package_identification:_identify(src/controller) by extension 'ignore_ament_install'
[0.170s] Level 1:colcon.colcon_core.package_identification:_identify(src/controller) by extensions ['colcon_pkg']
[0.170s] Level 1:colcon.colcon_core.package_identification:_identify(src/controller) by extension 'colcon_pkg'
[0.170s] Level 1:colcon.colcon_core.package_identification:_identify(src/controller) by extensions ['colcon_meta']
[0.170s] Level 1:colcon.colcon_core.package_identification:_identify(src/controller) by extension 'colcon_meta'
[0.170s] Level 1:colcon.colcon_core.package_identification:_identify(src/controller) by extensions ['ros']
[0.170s] Level 1:colcon.colcon_core.package_identification:_identify(src/controller) by extension 'ros'
[0.172s] DEBUG:colcon.colcon_core.package_identification:Package 'src/controller' with type 'ros.ament_cmake' and name 'controller'
[0.173s] Level 1:colcon.colcon_core.package_identification:_identify(src/simulator) by extensions ['ignore', 'ignore_ament_install']
[0.173s] Level 1:colcon.colcon_core.package_identification:_identify(src/simulator) by extension 'ignore'
[0.173s] Level 1:colcon.colcon_core.package_identification:_identify(src/simulator) by extension 'ignore_ament_install'
[0.173s] Level 1:colcon.colcon_core.package_identification:_identify(src/simulator) by extensions ['colcon_pkg']
[0.173s] Level 1:colcon.colcon_core.package_identification:_identify(src/simulator) by extension 'colcon_pkg'
[0.173s] Level 1:colcon.colcon_core.package_identification:_identify(src/simulator) by extensions ['colcon_meta']
[0.173s] Level 1:colcon.colcon_core.package_identification:_identify(src/simulator) by extension 'colcon_meta'
[0.173s] Level 1:colcon.colcon_core.package_identification:_identify(src/simulator) by extensions ['ros']
[0.173s] Level 1:colcon.colcon_core.package_identification:_identify(src/simulator) by extension 'ros'
[0.173s] DEBUG:colcon.colcon_core.package_identification:Package 'src/simulator' with type 'ros.ament_cmake' and name 'simulator'
[0.173s] Level 1:colcon.colcon_core.package_discovery:discover_packages(recursive) using defaults
[0.173s] Level 1:colcon.colcon_core.package_discovery:discover_packages(ignore) discover
[0.173s] Level 1:colcon.colcon_core.package_discovery:discover_packages(ignore) using defaults
[0.173s] Level 1:colcon.colcon_core.package_discovery:discover_packages(path) discover
[0.173s] Level 1:colcon.colcon_core.package_discovery:discover_packages(path) using defaults
[0.188s] Level 1:colcon.colcon_core.package_discovery:discover_packages(prefix_path) check parameters
[0.188s] Level 1:colcon.colcon_core.package_discovery:discover_packages(prefix_path) discover
[0.190s] DEBUG:colcon.colcon_installed_package_information.package_discovery:Found 285 installed packages in /opt/ros/jazzy
[0.190s] Level 1:colcon.colcon_core.package_discovery:discover_packages(prefix_path) using defaults
[0.211s] Level 5:colcon.colcon_core.verb:set package 'controller' build argument 'cmake_args' from command line to 'None'
[0.211s] Level 5:colcon.colcon_core.verb:set package 'controller' build argument 'cmake_target' from command line to 'None'
[0.211s] Level 5:colcon.colcon_core.verb:set package 'controller' build argument 'cmake_target_skip_unavailable' from command line to 'False'
[0.211s] Level 5:colcon.colcon_core.verb:set package 'controller' build argument 'cmake_clean_cache' from command line to 'False'
[0.211s] Level 5:colcon.colcon_core.verb:set package 'controller' build argument 'cmake_clean_first' from command line to 'False'
[0.211s] Level 5:colcon.colcon_core.verb:set package 'controller' build argument 'cmake_force_configure' from command line to 'False'
[0.211s] Level 5:colcon.colcon_core.verb:set package 'controller' build argument 'ament_cmake_args' from command line to 'None'
[0.211s] Level 5:colcon.colcon_core.verb:set package 'controller' build argument 'catkin_cmake_args' from command line to 'None'
[0.211s] Level 5:colcon.colcon_core.verb:set package 'controller' build argument 'catkin_skip_building_tests' from command line to 'False'
[0.212s] DEBUG:colcon.colcon_core.verb:Building package 'controller' with the following arguments: {'ament_cmake_args': None, 'build_base': '/workspace/build/controller', 'catkin_cmake_args': None, 'catkin_skip_building_tests': False, 'cmake_args': None, 'cmake_clean_cache': False, 'cmake_clean_first': False, 'cmake_force_configure': False, 'cmake_target': None, 'cmake_target_skip_unavailable': False, 'install_base': '/workspace/install/controller', 'merge_install': False, 'path': '/workspace/src/controller', 'symlink_install': False, 'test_result_base': None}
[0.212s] Level 5:colcon.colcon_core.verb:set package 'simulator' build argument 'cmake_args' from command line to 'None'
[0.212s] Level 5:colcon.colcon_core.verb:set package 'simulator' build argument 'cmake_target' from command line to 'None'
[0.212s] Level 5:colcon.colcon_core.verb:set package 'simulator' build argument 'cmake_target_skip_unavailable' from command line to 'False'
[0.212s] Level 5:colcon.colcon_core.verb:set package 'simulator' build argument 'cmake_clean_cache' from command line to 'False'
[0.212s] Level 5:colcon.colcon_core.verb:set package 'simulator' build argument 'cmake_clean_first' from command line to 'False'
[0.212s] Level 5:colcon.colcon_core.verb:set package 'simulator' build argument 'cmake_force_configure' from command line to 'False'
[0.212s] Level 5:colcon.colcon_core.verb:set package 'simulator' build argument 'ament_cmake_args' from command line to 'None'
[0.212s] Level 5:colcon.colcon_core.verb:set package 'simulator' build argument 'catkin_cmake_args' from command line to 'None'
[0.212s] Level 5:colcon.colcon_core.verb:set package 'simulator' build argument 'catkin_skip_building_tests' from command line to 'False'
[0.212s] DEBUG:colcon.colcon_core.verb:Building package 'simulator' with the following arguments: {'ament_cmake_args': None, 'build_base': '/workspace/build/simulator', 'catkin_cmake_args': None, 'catkin_skip_building_tests': False, 'cmake_args': None, 'cmake_clean_cache': False, 'cmake_clean_first': False, 'cmake_force_configure': False, 'cmake_target': None, 'cmake_target_skip_unavailable': False, 'install_base': '/workspace/install/simulator', 'merge_install': False, 'path': '/workspace/src/simulator', 'symlink_install': False, 'test_result_base': None}
[0.212s] INFO:colcon.colcon_core.executor:Executing jobs using 'parallel' executor
[0.213s] DEBUG:colcon.colcon_parallel_executor.executor.parallel:run_until_complete
[0.213s] INFO:colcon.colcon_ros.task.ament_cmake.build:Building ROS package in '/workspace/src/controller' with build type 'ament_cmake'
[0.213s] INFO:colcon.colcon_cmake.task.cmake.build:Building CMake package in '/workspace/src/controller'
[0.215s] INFO:colcon.colcon_core.plugin_system:Skipping extension 'colcon_core.shell.bat': Not used on non-Windows systems
[0.215s] INFO:colcon.colcon_core.shell:Skip shell extension 'powershell' for command environment: Not usable outside of PowerShell
[0.215s] DEBUG:colcon.colcon_core.shell:Skip shell extension 'dsv' for command environment
[0.217s] INFO:colcon.colcon_ros.task.ament_cmake.build:Building ROS package in '/workspace/src/simulator' with build type 'ament_cmake'
[0.217s] INFO:colcon.colcon_cmake.task.cmake.build:Building CMake package in '/workspace/src/simulator'
[0.217s] INFO:colcon.colcon_core.shell:Skip shell extension 'powershell' for command environment: Not usable outside of PowerShell
[0.217s] DEBUG:colcon.colcon_core.shell:Skip shell extension 'dsv' for command environment
[0.220s] DEBUG:colcon.colcon_core.event_handler.log_command:Invoking command in '/workspace/build/controller': CMAKE_PREFIX_PATH=${CMAKE_PREFIX_PATH}:/opt/ros/jazzy /usr/bin/cmake /workspace/src/controller -DCMAKE_INSTALL_PREFIX=/workspace/install/controller
[0.220s] DEBUG:colcon.colcon_core.event_handler.log_command:Invoking command in '/workspace/build/simulator': CMAKE_PREFIX_PATH=${CMAKE_PREFIX_PATH}:/opt/ros/jazzy /usr/bin/cmake /workspace/src/simulator -DCMAKE_INSTALL_PREFIX=/workspace/install/simulator
[0.775s] DEBUG:colcon.colcon_core.event_handler.log_command:Invoked command in '/workspace/build/simulator' returned '0': CMAKE_PREFIX_PATH=${CMAKE_PREFIX_PATH}:/opt/ros/jazzy /usr/bin/cmake /workspace/src/simulator -DCMAKE_INSTALL_PREFIX=/workspace/install/simulator
[0.775s] DEBUG:colcon.colcon_core.event_handler.log_command:Invoking command in '/workspace/build/simulator': CMAKE_PREFIX_PATH=${CMAKE_PREFIX_PATH}:/opt/ros/jazzy /usr/bin/cmake --build /workspace/build/simulator -- -j20 -l20
[0.803s] DEBUG:colcon.colcon_core.event_handler.log_command:Invoked command in '/workspace/build/simulator' returned '0': CMAKE_PREFIX_PATH=${CMAKE_PREFIX_PATH}:/opt/ros/jazzy /usr/bin/cmake --build /workspace/build/simulator -- -j20 -l20
[0.809s] DEBUG:colcon.colcon_core.event_handler.log_command:Invoking command in '/workspace/build/simulator': CMAKE_PREFIX_PATH=${CMAKE_PREFIX_PATH}:/opt/ros/jazzy /usr/bin/cmake --install /workspace/build/simulator
[0.819s] Level 1:colcon.colcon_core.environment:create_environment_scripts_only(simulator)
[0.820s] DEBUG:colcon.colcon_core.event_handler.log_command:Invoked command in '/workspace/build/simulator' returned '0': CMAKE_PREFIX_PATH=${CMAKE_PREFIX_PATH}:/opt/ros/jazzy /usr/bin/cmake --install /workspace/build/simulator
[0.822s] Level 1:colcon.colcon_core.environment:checking '/workspace/install/simulator' for CMake module files
[0.822s] Level 1:colcon.colcon_core.environment:checking '/workspace/install/simulator' for CMake config files
[0.823s] Level 1:colcon.colcon_core.shell:create_environment_hook('simulator', 'cmake_prefix_path')
[0.823s] INFO:colcon.colcon_core.shell:Creating environment hook '/workspace/install/simulator/share/simulator/hook/cmake_prefix_path.ps1'
[0.823s] INFO:colcon.colcon_core.shell:Creating environment descriptor '/workspace/install/simulator/share/simulator/hook/cmake_prefix_path.dsv'
[0.823s] INFO:colcon.colcon_core.shell:Creating environment hook '/workspace/install/simulator/share/simulator/hook/cmake_prefix_path.sh'
[0.824s] Level 1:colcon.colcon_core.environment:checking '/workspace/install/simulator/bin'
[0.824s] Level 1:colcon.colcon_core.environment:checking '/workspace/install/simulator/lib/pkgconfig/simulator.pc'
[0.824s] Level 1:colcon.colcon_core.environment:checking '/workspace/install/simulator/lib/python3.12/site-packages'
[0.824s] Level 1:colcon.colcon_core.environment:checking '/workspace/install/simulator/bin'
[0.825s] INFO:colcon.colcon_core.shell:Creating package script '/workspace/install/simulator/share/simulator/package.ps1'
[0.825s] INFO:colcon.colcon_core.shell:Creating package descriptor '/workspace/install/simulator/share/simulator/package.dsv'
[0.825s] INFO:colcon.colcon_core.shell:Creating package script '/workspace/install/simulator/share/simulator/package.sh'
[0.826s] INFO:colcon.colcon_core.shell:Creating package script '/workspace/install/simulator/share/simulator/package.bash'
[0.826s] INFO:colcon.colcon_core.shell:Creating package script '/workspace/install/simulator/share/simulator/package.zsh'
[0.826s] Level 1:colcon.colcon_core.environment:create_file_with_runtime_dependencies(/workspace/install/simulator/share/colcon-core/packages/simulator)
[0.827s] Level 1:colcon.colcon_core.environment:create_environment_scripts_only(simulator)
[0.827s] Level 1:colcon.colcon_core.environment:checking '/workspace/install/simulator' for CMake module files
[0.827s] Level 1:colcon.colcon_core.environment:checking '/workspace/install/simulator' for CMake config files
[0.827s] Level 1:colcon.colcon_core.shell:create_environment_hook('simulator', 'cmake_prefix_path')
[0.827s] INFO:colcon.colcon_core.shell:Creating environment hook '/workspace/install/simulator/share/simulator/hook/cmake_prefix_path.ps1'
[0.827s] INFO:colcon.colcon_core.shell:Creating environment descriptor '/workspace/install/simulator/share/simulator/hook/cmake_prefix_path.dsv'
[0.828s] INFO:colcon.colcon_core.shell:Creating environment hook '/workspace/install/simulator/share/simulator/hook/cmake_prefix_path.sh'
[0.828s] Level 1:colcon.colcon_core.environment:checking '/workspace/install/simulator/bin'
[0.828s] Level 1:colcon.colcon_core.environment:checking '/workspace/install/simulator/lib/pkgconfig/simulator.pc'
[0.828s] Level 1:colcon.colcon_core.environment:checking '/workspace/install/simulator/lib/python3.12/site-packages'
[0.828s] Level 1:colcon.colcon_core.environment:checking '/workspace/install/simulator/bin'
[0.828s] INFO:colcon.colcon_core.shell:Creating package script '/workspace/install/simulator/share/simulator/package.ps1'
[0.829s] INFO:colcon.colcon_core.shell:Creating package descriptor '/workspace/install/simulator/share/simulator/package.dsv'
[0.829s] INFO:colcon.colcon_core.shell:Creating package script '/workspace/install/simulator/share/simulator/package.sh'
[0.829s] INFO:colcon.colcon_core.shell:Creating package script '/workspace/install/simulator/share/simulator/package.bash'
[0.829s] INFO:colcon.colcon_core.shell:Creating package script '/workspace/install/simulator/share/simulator/package.zsh'
[0.829s] Level 1:colcon.colcon_core.environment:create_file_with_runtime_dependencies(/workspace/install/simulator/share/colcon-core/packages/simulator)
[1.241s] DEBUG:colcon.colcon_core.event_handler.log_command:Invoked command in '/workspace/build/controller' returned '0': CMAKE_PREFIX_PATH=${CMAKE_PREFIX_PATH}:/opt/ros/jazzy /usr/bin/cmake /workspace/src/controller -DCMAKE_INSTALL_PREFIX=/workspace/install/controller
[1.241s] DEBUG:colcon.colcon_core.event_handler.log_command:Invoking command in '/workspace/build/controller': CMAKE_PREFIX_PATH=${CMAKE_PREFIX_PATH}:/opt/ros/jazzy /usr/bin/cmake --build /workspace/build/controller -- -j20 -l20
[12.817s] DEBUG:colcon.colcon_core.event_handler.log_command:Invoked command in '/workspace/build/controller' returned '0': CMAKE_PREFIX_PATH=${CMAKE_PREFIX_PATH}:/opt/ros/jazzy /usr/bin/cmake --build /workspace/build/controller -- -j20 -l20
[12.818s] DEBUG:colcon.colcon_core.event_handler.log_command:Invoking command in '/workspace/build/controller': CMAKE_PREFIX_PATH=${CMAKE_PREFIX_PATH}:/opt/ros/jazzy /usr/bin/cmake --install /workspace/build/controller
[12.826s] Level 1:colcon.colcon_core.environment:create_environment_scripts_only(controller)
[12.826s] Level 1:colcon.colcon_core.environment:checking '/workspace/install/controller' for CMake module files
[12.826s] DEBUG:colcon.colcon_core.event_handler.log_command:Invoked command in '/workspace/build/controller' returned '0': CMAKE_PREFIX_PATH=${CMAKE_PREFIX_PATH}:/opt/ros/jazzy /usr/bin/cmake --install /workspace/build/controller
[12.827s] Level 1:colcon.colcon_core.environment:checking '/workspace/install/controller' for CMake config files
[12.827s] Level 1:colcon.colcon_core.shell:create_environment_hook('controller', 'cmake_prefix_path')
[12.827s] INFO:colcon.colcon_core.shell:Creating environment hook '/workspace/install/controller/share/controller/hook/cmake_prefix_path.ps1'
[12.827s] INFO:colcon.colcon_core.shell:Creating environment descriptor '/workspace/install/controller/share/controller/hook/cmake_prefix_path.dsv'
[12.827s] INFO:colcon.colcon_core.shell:Creating environment hook '/workspace/install/controller/share/controller/hook/cmake_prefix_path.sh'
[12.828s] Level 1:colcon.colcon_core.environment:checking '/workspace/install/controller/lib'
[12.828s] Level 1:colcon.colcon_core.environment:checking '/workspace/install/controller/bin'
[12.828s] Level 1:colcon.colcon_core.environment:checking '/workspace/install/controller/lib/pkgconfig/controller.pc'
[12.828s] Level 1:colcon.colcon_core.environment:checking '/workspace/install/controller/lib/python3.12/site-packages'
[12.828s] Level 1:colcon.colcon_core.environment:checking '/workspace/install/controller/bin'
[12.828s] INFO:colcon.colcon_core.shell:Creating package script '/workspace/install/controller/share/controller/package.ps1'
[12.829s] INFO:colcon.colcon_core.shell:Creating package descriptor '/workspace/install/controller/share/controller/package.dsv'
[12.829s] INFO:colcon.colcon_core.shell:Creating package script '/workspace/install/controller/share/controller/package.sh'
[12.829s] INFO:colcon.colcon_core.shell:Creating package script '/workspace/install/controller/share/controller/package.bash'
[12.830s] INFO:colcon.colcon_core.shell:Creating package script '/workspace/install/controller/share/controller/package.zsh'
[12.830s] Level 1:colcon.colcon_core.environment:create_file_with_runtime_dependencies(/workspace/install/controller/share/colcon-core/packages/controller)
[12.830s] Level 1:colcon.colcon_core.environment:create_environment_scripts_only(controller)
[12.830s] Level 1:colcon.colcon_core.environment:checking '/workspace/install/controller' for CMake module files
[12.831s] Level 1:colcon.colcon_core.environment:checking '/workspace/install/controller' for CMake config files
[12.831s] Level 1:colcon.colcon_core.shell:create_environment_hook('controller', 'cmake_prefix_path')
[12.831s] INFO:colcon.colcon_core.shell:Creating environment hook '/workspace/install/controller/share/controller/hook/cmake_prefix_path.ps1'
[12.831s] INFO:colcon.colcon_core.shell:Creating environment descriptor '/workspace/install/controller/share/controller/hook/cmake_prefix_path.dsv'
[12.831s] INFO:colcon.colcon_core.shell:Creating environment hook '/workspace/install/controller/share/controller/hook/cmake_prefix_path.sh'
[12.832s] Level 1:colcon.colcon_core.environment:checking '/workspace/install/controller/lib'
[12.832s] Level 1:colcon.colcon_core.environment:checking '/workspace/install/controller/bin'
[12.832s] Level 1:colcon.colcon_core.environment:checking '/workspace/install/controller/lib/pkgconfig/controller.pc'
[12.832s] Level 1:colcon.colcon_core.environment:checking '/workspace/install/controller/lib/python3.12/site-packages'
[12.832s] Level 1:colcon.colcon_core.environment:checking '/workspace/install/controller/bin'
[12.832s] INFO:colcon.colcon_core.shell:Creating package script '/workspace/install/controller/share/controller/package.ps1'
[12.833s] INFO:colcon.colcon_core.shell:Creating package descriptor '/workspace/install/controller/share/controller/package.dsv'
[12.833s] INFO:colcon.colcon_core.shell:Creating package script '/workspace/install/controller/share/controller/package.sh'
[12.833s] INFO:colcon.colcon_core.shell:Creating package script '/workspace/install/controller/share/controller/package.bash'
[12.834s] INFO:colcon.colcon_core.shell:Creating package script '/workspace/install/controller/share/controller/package.zsh'
[12.834s] Level 1:colcon.colcon_core.environment:create_file_with_runtime_dependencies(/workspace/install/controller/share/colcon-core/packages/controller)
[12.834s] DEBUG:colcon.colcon_parallel_executor.executor.parallel:closing loop
[12.834s] DEBUG:colcon.colcon_parallel_executor.executor.parallel:loop closed
[12.835s] DEBUG:colcon.colcon_parallel_executor.executor.parallel:run_until_complete finished with '0'
[12.835s] DEBUG:colcon.colcon_core.event_reactor:joining thread
[12.842s] INFO:colcon.colcon_core.plugin_system:Skipping extension 'colcon_notification.desktop_notification.notify_send': Could not find 'notify-send'
[12.842s] INFO:colcon.colcon_core.plugin_system:Skipping extension 'colcon_notification.desktop_notification.terminal_notifier': Not used on non-Darwin systems
[12.842s] INFO:colcon.colcon_core.plugin_system:Skipping extension 'colcon_notification.desktop_notification.win32': Not used on non-Windows systems
[12.842s] INFO:colcon.colcon_notification.desktop_notification:Sending desktop notification using 'notify2'
[12.842s] DEBUG:colcon.colcon_notification.desktop_notification.notify2:Failed to initialize notify2: org.freedesktop.DBus.Error.NotSupported: Unable to autolaunch a dbus-daemon without a $DISPLAY for X11
[12.842s] DEBUG:colcon.colcon_core.event_reactor:joined thread
[12.842s] INFO:colcon.colcon_core.shell:Creating prefix script '/workspace/install/local_setup.ps1'
[12.843s] INFO:colcon.colcon_core.shell:Creating prefix util module '/workspace/install/_local_setup_util_ps1.py'
[12.844s] INFO:colcon.colcon_core.shell:Creating prefix chain script '/workspace/install/setup.ps1'
[12.844s] INFO:colcon.colcon_core.shell:Creating prefix script '/workspace/install/local_setup.sh'
[12.845s] INFO:colcon.colcon_core.shell:Creating prefix util module '/workspace/install/_local_setup_util_sh.py'
[12.845s] INFO:colcon.colcon_core.shell:Creating prefix chain script '/workspace/install/setup.sh'
[12.846s] INFO:colcon.colcon_core.shell:Creating prefix script '/workspace/install/local_setup.bash'
[12.846s] INFO:colcon.colcon_core.shell:Creating prefix chain script '/workspace/install/setup.bash'
[12.847s] INFO:colcon.colcon_core.shell:Creating prefix script '/workspace/install/local_setup.zsh'
[12.847s] INFO:colcon.colcon_core.shell:Creating prefix chain script '/workspace/install/setup.zsh'
