-- The C compiler identification is GNU 13.3.0
-- The CXX compiler identification is GNU 13.3.0
-- Detecting C compiler ABI info
-- Detecting C compiler ABI info - done
-- Check for working C compiler: /usr/bin/cc - skipped
-- Detecting C compile features
-- Detecting C compile features - done
-- Detecting CXX compiler ABI info
-- Detecting CXX compiler ABI info - done
-- Check for working CXX compiler: /usr/bin/c++ - skipped
-- Detecting CXX compile features
-- Detecting CXX compile features - done
-- Found ament_cmake: 2.5.4 (/opt/ros/jazzy/share/ament_cmake/cmake)
-- Found Python3: /usr/bin/python3 (found version "3.12.3") found components: Interpreter 
-- Found rclcpp: 28.1.13 (/opt/ros/jazzy/share/rclcpp/cmake)
-- Found rosidl_generator_c: 4.6.6 (/opt/ros/jazzy/share/rosidl_generator_c/cmake)
-- Found rosidl_generator_cpp: 4.6.6 (/opt/ros/jazzy/share/rosidl_generator_cpp/cmake)
-- Using all available rosidl_typesupport_c: rosidl_typesupport_fastrtps_c;rosidl_typesupport_introspection_c
-- Using all available rosidl_typesupport_cpp: rosidl_typesupport_fastrtps_cpp;rosidl_typesupport_introspection_cpp
-- Found rmw_implementation_cmake: 7.3.2 (/opt/ros/jazzy/share/rmw_implementation_cmake/cmake)
-- Found rmw_fastrtps_cpp: 8.4.3 (/opt/ros/jazzy/share/rmw_fastrtps_cpp/cmake)
-- Found OpenSSL: /usr/lib/x86_64-linux-gnu/libcrypto.so (found version "3.0.13")  
-- Found FastRTPS: /opt/ros/jazzy/include (Required is at least version "2.13") 
-- Using RMW implementation 'rmw_fastrtps_cpp' as default
-- Configuring done (0.9s)
-- Generating done (0.0s)
-- Build files have been written to: /workspace/ros_ws/build/hmi_bridge
[ 66%] Building CXX object CMakeFiles/hmi_bridge.dir/src/Bridge.cpp.o
[ 66%] Building CXX object CMakeFiles/hmi_bridge.dir/src/main.cpp.o
[100%] Linking CXX executable hmi_bridge
[100%] Built target hmi_bridge
-- Install configuration: "Release"
-- Installing: /workspace/ros_ws/install/hmi_bridge/lib/hmi_bridge/hmi_bridge
-- Set non-toolchain portion of runtime path of "/workspace/ros_ws/install/hmi_bridge/lib/hmi_bridge/hmi_bridge" to ""
-- Installing: /workspace/ros_ws/install/hmi_bridge/share/hmi_bridge//launch
-- Installing: /workspace/ros_ws/install/hmi_bridge/share/ament_index/resource_index/package_run_dependencies/hmi_bridge
-- Installing: /workspace/ros_ws/install/hmi_bridge/share/ament_index/resource_index/parent_prefix_path/hmi_bridge
-- Installing: /workspace/ros_ws/install/hmi_bridge/share/hmi_bridge/environment/ament_prefix_path.sh
-- Installing: /workspace/ros_ws/install/hmi_bridge/share/hmi_bridge/environment/ament_prefix_path.dsv
-- Installing: /workspace/ros_ws/install/hmi_bridge/share/hmi_bridge/environment/path.sh
-- Installing: /workspace/ros_ws/install/hmi_bridge/share/hmi_bridge/environment/path.dsv
-- Installing: /workspace/ros_ws/install/hmi_bridge/share/hmi_bridge/local_setup.bash
-- Installing: /workspace/ros_ws/install/hmi_bridge/share/hmi_bridge/local_setup.sh
-- Installing: /workspace/ros_ws/install/hmi_bridge/share/hmi_bridge/local_setup.zsh
-- Installing: /workspace/ros_ws/install/hmi_bridge/share/hmi_bridge/local_setup.dsv
-- Installing: /workspace/ros_ws/install/hmi_bridge/share/hmi_bridge/package.dsv
-- Installing: /workspace/ros_ws/install/hmi_bridge/share/ament_index/resource_index/packages/hmi_bridge
-- Installing: /workspace/ros_ws/install/hmi_bridge/share/hmi_bridge/cmake/hmi_bridgeConfig.cmake
-- Installing: /workspace/ros_ws/install/hmi_bridge/share/hmi_bridge/cmake/hmi_bridgeConfig-version.cmake
-- Installing: /workspace/ros_ws/install/hmi_bridge/share/hmi_bridge/package.xml
