[0.006s] Invoking command in '/workspace/ros_ws/build/hmi_bridge': CMAKE_PREFIX_PATH=${CMAKE_PREFIX_PATH}:/opt/ros/jazzy /usr/bin/cmake /workspace/ros_ws/src/hmi_bridge -DCMAKE_INSTALL_PREFIX=/workspace/ros_ws/install/hmi_bridge
[0.083s] -- The C compiler identification is GNU 13.3.0
[0.131s] -- The CXX compiler identification is GNU 13.3.0
[0.146s] -- Detecting C compiler ABI info
[0.213s] -- Detecting C compiler ABI info - done
[0.223s] -- Check for working C compiler: /usr/bin/cc - skipped
[0.223s] -- Detecting C compile features
[0.223s] -- Detecting C compile features - done
[0.230s] -- Detecting CXX compiler ABI info
[0.295s] -- Detecting CXX compiler ABI info - done
[0.301s] -- Check for working CXX compiler: /usr/bin/c++ - skipped
[0.301s] -- Detecting CXX compile features
[0.301s] -- Detecting CXX compile features - done
[0.303s] -- Found ament_cmake: 2.5.4 (/opt/ros/jazzy/share/ament_cmake/cmake)
[0.403s] -- Found Python3: /usr/bin/python3 (found version "3.12.3") found components: Interpreter 
[0.485s] -- Found rclcpp: 28.1.13 (/opt/ros/jazzy/share/rclcpp/cmake)
[0.519s] -- Found rosidl_generator_c: 4.6.6 (/opt/ros/jazzy/share/rosidl_generator_c/cmake)
[0.530s] -- Found rosidl_generator_cpp: 4.6.6 (/opt/ros/jazzy/share/rosidl_generator_cpp/cmake)
[0.545s] -- Using all available rosidl_typesupport_c: rosidl_typesupport_fastrtps_c;rosidl_typesupport_introspection_c
[0.562s] -- Using all available rosidl_typesupport_cpp: rosidl_typesupport_fastrtps_cpp;rosidl_typesupport_introspection_cpp
[0.630s] -- Found rmw_implementation_cmake: 7.3.2 (/opt/ros/jazzy/share/rmw_implementation_cmake/cmake)
[0.632s] -- Found rmw_fastrtps_cpp: 8.4.3 (/opt/ros/jazzy/share/rmw_fastrtps_cpp/cmake)
[0.721s] -- Found OpenSSL: /usr/lib/x86_64-linux-gnu/libcrypto.so (found version "3.0.13")  
[0.743s] -- Found FastRTPS: /opt/ros/jazzy/include (Required is at least version "2.13") 
[0.769s] -- Using RMW implementation 'rmw_fastrtps_cpp' as default
[0.873s] -- Configuring done (0.9s)
[0.880s] -- Generating done (0.0s)
[0.882s] -- Build files have been written to: /workspace/ros_ws/build/hmi_bridge
[0.887s] Invoked command in '/workspace/ros_ws/build/hmi_bridge' returned '0': CMAKE_PREFIX_PATH=${CMAKE_PREFIX_PATH}:/opt/ros/jazzy /usr/bin/cmake /workspace/ros_ws/src/hmi_bridge -DCMAKE_INSTALL_PREFIX=/workspace/ros_ws/install/hmi_bridge
[0.887s] Invoking command in '/workspace/ros_ws/build/hmi_bridge': CMAKE_PREFIX_PATH=${CMAKE_PREFIX_PATH}:/opt/ros/jazzy /usr/bin/cmake --build /workspace/ros_ws/build/hmi_bridge -- -j20 -l20
[0.924s] [ 66%] Building CXX object CMakeFiles/hmi_bridge.dir/src/Bridge.cpp.o
[0.924s] [ 66%] Building CXX object CMakeFiles/hmi_bridge.dir/src/main.cpp.o
[9.703s] [100%] Linking CXX executable hmi_bridge
[9.796s] [100%] Built target hmi_bridge
[9.806s] Invoked command in '/workspace/ros_ws/build/hmi_bridge' returned '0': CMAKE_PREFIX_PATH=${CMAKE_PREFIX_PATH}:/opt/ros/jazzy /usr/bin/cmake --build /workspace/ros_ws/build/hmi_bridge -- -j20 -l20
[9.807s] Invoking command in '/workspace/ros_ws/build/hmi_bridge': CMAKE_PREFIX_PATH=${CMAKE_PREFIX_PATH}:/opt/ros/jazzy /usr/bin/cmake --install /workspace/ros_ws/build/hmi_bridge
[9.813s] -- Install configuration: "Release"
[9.813s] -- Installing: /workspace/ros_ws/install/hmi_bridge/lib/hmi_bridge/hmi_bridge
[9.813s] -- Set non-toolchain portion of runtime path of "/workspace/ros_ws/install/hmi_bridge/lib/hmi_bridge/hmi_bridge" to ""
[9.813s] -- Installing: /workspace/ros_ws/install/hmi_bridge/share/hmi_bridge//launch
[9.813s] -- Installing: /workspace/ros_ws/install/hmi_bridge/share/ament_index/resource_index/package_run_dependencies/hmi_bridge
[9.813s] -- Installing: /workspace/ros_ws/install/hmi_bridge/share/ament_index/resource_index/parent_prefix_path/hmi_bridge
[9.814s] -- Installing: /workspace/ros_ws/install/hmi_bridge/share/hmi_bridge/environment/ament_prefix_path.sh
[9.814s] -- Installing: /workspace/ros_ws/install/hmi_bridge/share/hmi_bridge/environment/ament_prefix_path.dsv
[9.814s] -- Installing: /workspace/ros_ws/install/hmi_bridge/share/hmi_bridge/environment/path.sh
[9.814s] -- Installing: /workspace/ros_ws/install/hmi_bridge/share/hmi_bridge/environment/path.dsv
[9.814s] -- Installing: /workspace/ros_ws/install/hmi_bridge/share/hmi_bridge/local_setup.bash
[9.814s] -- Installing: /workspace/ros_ws/install/hmi_bridge/share/hmi_bridge/local_setup.sh
[9.814s] -- Installing: /workspace/ros_ws/install/hmi_bridge/share/hmi_bridge/local_setup.zsh
[9.815s] -- Installing: /workspace/ros_ws/install/hmi_bridge/share/hmi_bridge/local_setup.dsv
[9.815s] -- Installing: /workspace/ros_ws/install/hmi_bridge/share/hmi_bridge/package.dsv
[9.815s] -- Installing: /workspace/ros_ws/install/hmi_bridge/share/ament_index/resource_index/packages/hmi_bridge
[9.815s] -- Installing: /workspace/ros_ws/install/hmi_bridge/share/hmi_bridge/cmake/hmi_bridgeConfig.cmake
[9.815s] -- Installing: /workspace/ros_ws/install/hmi_bridge/share/hmi_bridge/cmake/hmi_bridgeConfig-version.cmake
[9.815s] -- Installing: /workspace/ros_ws/install/hmi_bridge/share/hmi_bridge/package.xml
[9.816s] Invoked command in '/workspace/ros_ws/build/hmi_bridge' returned '0': CMAKE_PREFIX_PATH=${CMAKE_PREFIX_PATH}:/opt/ros/jazzy /usr/bin/cmake --install /workspace/ros_ws/build/hmi_bridge
