[0.007s] Invoking command in '/workspace/build/controller': CMAKE_PREFIX_PATH=${CMAKE_PREFIX_PATH}:/opt/ros/jazzy /usr/bin/cmake /workspace/src/controller -DCMAKE_INSTALL_PREFIX=/workspace/install/controller
[0.101s] -- The C compiler identification is GNU 13.3.0
[0.147s] -- The CXX compiler identification is GNU 13.3.0
[0.160s] -- Detecting C compiler ABI info
[0.232s] -- Detecting C compiler ABI info - done
[0.240s] -- Check for working C compiler: /usr/bin/cc - skipped
[0.240s] -- Detecting C compile features
[0.241s] -- Detecting C compile features - done
[0.248s] -- Detecting CXX compiler ABI info
[0.316s] -- Detecting CXX compiler ABI info - done
[0.324s] -- Check for working CXX compiler: /usr/bin/c++ - skipped
[0.324s] -- Detecting CXX compile features
[0.324s] -- Detecting CXX compile features - done
[0.326s] -- Found ament_cmake: 2.5.4 (/opt/ros/jazzy/share/ament_cmake/cmake)
[0.420s] -- Found Python3: /usr/bin/python3 (found version "3.12.3") found components: Interpreter 
[0.497s] -- Found rclcpp: 28.1.13 (/opt/ros/jazzy/share/rclcpp/cmake)
[0.524s] -- Found rosidl_generator_c: 4.6.6 (/opt/ros/jazzy/share/rosidl_generator_c/cmake)
[0.532s] -- Found rosidl_generator_cpp: 4.6.6 (/opt/ros/jazzy/share/rosidl_generator_cpp/cmake)
[0.543s] -- Using all available rosidl_typesupport_c: rosidl_typesupport_fastrtps_c;rosidl_typesupport_introspection_c
[0.555s] -- Using all available rosidl_typesupport_cpp: rosidl_typesupport_fastrtps_cpp;rosidl_typesupport_introspection_cpp
[0.617s] -- Found rmw_implementation_cmake: 7.3.2 (/opt/ros/jazzy/share/rmw_implementation_cmake/cmake)
[0.619s] -- Found rmw_fastrtps_cpp: 8.4.3 (/opt/ros/jazzy/share/rmw_fastrtps_cpp/cmake)
[0.703s] -- Found OpenSSL: /usr/lib/x86_64-linux-gnu/libcrypto.so (found version "3.0.13")  
[0.724s] -- Found FastRTPS: /opt/ros/jazzy/include (Required is at least version "2.13") 
[0.742s] -- Using RMW implementation 'rmw_fastrtps_cpp' as default
[0.794s] -- Found geometry_msgs: 5.3.6 (/opt/ros/jazzy/share/geometry_msgs/cmake)
[0.820s] -- Found sensor_msgs: 5.3.6 (/opt/ros/jazzy/share/sensor_msgs/cmake)
[0.838s] -- Found tf2_geometry_msgs: 0.36.16 (/opt/ros/jazzy/share/tf2_geometry_msgs/cmake)
[0.848s] -- Found eigen3_cmake_module: 0.3.0 (/opt/ros/jazzy/share/eigen3_cmake_module/cmake)
[0.849s] -- Found Eigen3: TRUE (found version "3.4.0") 
[0.849s] -- Ensuring Eigen3 include directory is part of orocos-kdl CMake target
[1.008s] -- Configuring done (1.0s)
[1.019s] -- Generating done (0.0s)
[1.021s] -- Build files have been written to: /workspace/build/controller
[1.028s] Invoked command in '/workspace/build/controller' returned '0': CMAKE_PREFIX_PATH=${CMAKE_PREFIX_PATH}:/opt/ros/jazzy /usr/bin/cmake /workspace/src/controller -DCMAKE_INSTALL_PREFIX=/workspace/install/controller
[1.028s] Invoking command in '/workspace/build/controller': CMAKE_PREFIX_PATH=${CMAKE_PREFIX_PATH}:/opt/ros/jazzy /usr/bin/cmake --build /workspace/build/controller -- -j20 -l20
[1.073s] [ 50%] Building CXX object CMakeFiles/controller.dir/src/main.cpp.o
[12.406s] [100%] Linking CXX executable controller
[12.597s] [100%] Built target controller
[12.604s] Invoked command in '/workspace/build/controller' returned '0': CMAKE_PREFIX_PATH=${CMAKE_PREFIX_PATH}:/opt/ros/jazzy /usr/bin/cmake --build /workspace/build/controller -- -j20 -l20
[12.604s] Invoking command in '/workspace/build/controller': CMAKE_PREFIX_PATH=${CMAKE_PREFIX_PATH}:/opt/ros/jazzy /usr/bin/cmake --install /workspace/build/controller
[12.610s] -- Install configuration: "Release"
[12.610s] -- Installing: /workspace/install/controller/lib/controller/controller
[12.611s] -- Set non-toolchain portion of runtime path of "/workspace/install/controller/lib/controller/controller" to ""
[12.611s] -- Installing: /workspace/install/controller/share/controller//launch
[12.611s] -- Installing: /workspace/install/controller/share/controller//launch/launch.xml
[12.611s] -- Installing: /workspace/install/controller/share/ament_index/resource_index/package_run_dependencies/controller
[12.611s] -- Installing: /workspace/install/controller/share/ament_index/resource_index/parent_prefix_path/controller
[12.611s] -- Installing: /workspace/install/controller/share/controller/environment/ament_prefix_path.sh
[12.611s] -- Installing: /workspace/install/controller/share/controller/environment/ament_prefix_path.dsv
[12.611s] -- Installing: /workspace/install/controller/share/controller/environment/path.sh
[12.612s] -- Installing: /workspace/install/controller/share/controller/environment/path.dsv
[12.612s] -- Installing: /workspace/install/controller/share/controller/local_setup.bash
[12.612s] -- Installing: /workspace/install/controller/share/controller/local_setup.sh
[12.612s] -- Installing: /workspace/install/controller/share/controller/local_setup.zsh
[12.612s] -- Installing: /workspace/install/controller/share/controller/local_setup.dsv
[12.612s] -- Installing: /workspace/install/controller/share/controller/package.dsv
[12.612s] -- Installing: /workspace/install/controller/share/ament_index/resource_index/packages/controller
[12.612s] -- Installing: /workspace/install/controller/share/controller/cmake/controllerConfig.cmake
[12.612s] -- Installing: /workspace/install/controller/share/controller/cmake/controllerConfig-version.cmake
[12.612s] -- Installing: /workspace/install/controller/share/controller/package.xml
[12.613s] Invoked command in '/workspace/build/controller' returned '0': CMAKE_PREFIX_PATH=${CMAKE_PREFIX_PATH}:/opt/ros/jazzy /usr/bin/cmake --install /workspace/build/controller
