[0.010s] Invoking command in '/workspace/ros_ws/build/bringup': CMAKE_PREFIX_PATH=${CMAKE_PREFIX_PATH}:/opt/ros/jazzy /usr/bin/cmake /workspace/ros_ws/src/bringup -DCMAKE_INSTALL_PREFIX=/workspace/ros_ws/install/bringup
[0.068s] -- The C compiler identification is GNU 13.3.0
[0.094s] -- The CXX compiler identification is GNU 13.3.0
[0.112s] -- Detecting C compiler ABI info
[0.244s] -- Detecting C compiler ABI info - done
[0.250s] -- Check for working C compiler: /usr/bin/cc - skipped
[0.250s] -- Detecting C compile features
[0.250s] -- Detecting C compile features - done
[0.258s] -- Detecting CXX compiler ABI info
[0.352s] -- Detecting CXX compiler ABI info - done
[0.358s] -- Check for working CXX compiler: /usr/bin/c++ - skipped
[0.358s] -- Detecting CXX compile features
[0.358s] -- Detecting CXX compile features - done
[0.361s] -- Found ament_cmake: 2.5.4 (/opt/ros/jazzy/share/ament_cmake/cmake)
[0.494s] -- Found Python3: /usr/bin/python3 (found version "3.12.3") found components: Interpreter 
[0.645s] -- Configuring done (0.6s)
[0.646s] -- Generating done (0.0s)
[0.647s] -- Build files have been written to: /workspace/ros_ws/build/bringup
[0.650s] Invoked command in '/workspace/ros_ws/build/bringup' returned '0': CMAKE_PREFIX_PATH=${CMAKE_PREFIX_PATH}:/opt/ros/jazzy /usr/bin/cmake /workspace/ros_ws/src/bringup -DCMAKE_INSTALL_PREFIX=/workspace/ros_ws/install/bringup
[0.651s] Invoking command in '/workspace/ros_ws/build/bringup': CMAKE_PREFIX_PATH=${CMAKE_PREFIX_PATH}:/opt/ros/jazzy /usr/bin/cmake --build /workspace/ros_ws/build/bringup -- -j20 -l20
[0.674s] Invoked command in '/workspace/ros_ws/build/bringup' returned '0': CMAKE_PREFIX_PATH=${CMAKE_PREFIX_PATH}:/opt/ros/jazzy /usr/bin/cmake --build /workspace/ros_ws/build/bringup -- -j20 -l20
[0.674s] Invoking command in '/workspace/ros_ws/build/bringup': CMAKE_PREFIX_PATH=${CMAKE_PREFIX_PATH}:/opt/ros/jazzy /usr/bin/cmake --install /workspace/ros_ws/build/bringup
[0.681s] -- Install configuration: ""
[0.681s] -- Installing: /workspace/ros_ws/install/bringup/share/bringup//launch
[0.681s] -- Installing: /workspace/ros_ws/install/bringup/share/bringup//launch/launch.xml
[0.682s] -- Installing: /workspace/ros_ws/install/bringup/share/ament_index/resource_index/package_run_dependencies/bringup
[0.682s] -- Installing: /workspace/ros_ws/install/bringup/share/ament_index/resource_index/parent_prefix_path/bringup
[0.682s] -- Installing: /workspace/ros_ws/install/bringup/share/bringup/environment/ament_prefix_path.sh
[0.682s] -- Installing: /workspace/ros_ws/install/bringup/share/bringup/environment/ament_prefix_path.dsv
[0.682s] -- Installing: /workspace/ros_ws/install/bringup/share/bringup/environment/path.sh
[0.682s] -- Installing: /workspace/ros_ws/install/bringup/share/bringup/environment/path.dsv
[0.682s] -- Installing: /workspace/ros_ws/install/bringup/share/bringup/local_setup.bash
[0.682s] -- Installing: /workspace/ros_ws/install/bringup/share/bringup/local_setup.sh
[0.682s] -- Installing: /workspace/ros_ws/install/bringup/share/bringup/local_setup.zsh
[0.682s] -- Installing: /workspace/ros_ws/install/bringup/share/bringup/local_setup.dsv
[0.682s] -- Installing: /workspace/ros_ws/install/bringup/share/bringup/package.dsv
[0.682s] -- Installing: /workspace/ros_ws/install/bringup/share/ament_index/resource_index/packages/bringup
[0.682s] -- Installing: /workspace/ros_ws/install/bringup/share/bringup/cmake/bringupConfig.cmake
[0.683s] -- Installing: /workspace/ros_ws/install/bringup/share/bringup/cmake/bringupConfig-version.cmake
[0.683s] -- Installing: /workspace/ros_ws/install/bringup/share/bringup/package.xml
[0.684s] Invoked command in '/workspace/ros_ws/build/bringup' returned '0': CMAKE_PREFIX_PATH=${CMAKE_PREFIX_PATH}:/opt/ros/jazzy /usr/bin/cmake --install /workspace/ros_ws/build/bringup
