-- The C compiler identification is GNU 13.3.0
-- The CXX compiler identification is GNU 13.3.0
-- Detecting C compiler ABI info
-- Detecting C compiler ABI info - done
-- Check for working C compiler: /usr/bin/cc - skipped
-- Detecting C compile features
-- Detecting C compile features - done
-- Detecting CXX compiler ABI info
-- Detecting CXX compiler ABI info - done
-- Check for working CXX compiler: /usr/bin/c++ - skipped
-- Detecting CXX compile features
-- Detecting CXX compile features - done
-- Found ament_cmake: 2.5.4 (/opt/ros/jazzy/share/ament_cmake/cmake)
-- Found Python3: /usr/bin/python3 (found version "3.12.3") found components: Interpreter 
-- Found rclcpp: 28.1.13 (/opt/ros/jazzy/share/rclcpp/cmake)
-- Found rosidl_generator_c: 4.6.6 (/opt/ros/jazzy/share/rosidl_generator_c/cmake)
-- Found rosidl_generator_cpp: 4.6.6 (/opt/ros/jazzy/share/rosidl_generator_cpp/cmake)
-- Using all available rosidl_typesupport_c: rosidl_typesupport_fastrtps_c;rosidl_typesupport_introspection_c
-- Using all available rosidl_typesupport_cpp: rosidl_typesupport_fastrtps_cpp;rosidl_typesupport_introspection_cpp
-- Found rmw_implementation_cmake: 7.3.2 (/opt/ros/jazzy/share/rmw_implementation_cmake/cmake)
-- Found rmw_fastrtps_cpp: 8.4.3 (/opt/ros/jazzy/share/rmw_fastrtps_cpp/cmake)
-- Found OpenSSL: /usr/lib/x86_64-linux-gnu/libcrypto.so (found version "3.0.13")  
-- Found FastRTPS: /opt/ros/jazzy/include (Required is at least version "2.13") 
-- Using RMW implementation 'rmw_fastrtps_cpp' as default
-- Found geometry_msgs: 5.3.6 (/opt/ros/jazzy/share/geometry_msgs/cmake)
-- Found sensor_msgs: 5.3.6 (/opt/ros/jazzy/share/sensor_msgs/cmake)
-- Found tf2_geometry_msgs: 0.36.16 (/opt/ros/jazzy/share/tf2_geometry_msgs/cmake)
-- Found eigen3_cmake_module: 0.3.0 (/opt/ros/jazzy/share/eigen3_cmake_module/cmake)
-- Found Eigen3: TRUE (found version "3.4.0") 
-- Ensuring Eigen3 include directory is part of orocos-kdl CMake target
-- Configuring done (1.0s)
-- Generating done (0.0s)
-- Build files have been written to: /workspace/ros_ws/build/controller
[ 50%] Building CXX object CMakeFiles/controller.dir/src/main.cpp.o
[100%] Linking CXX executable controller
[100%] Built target controller
-- Install configuration: "Release"
-- Installing: /workspace/ros_ws/install/controller/lib/controller/controller
-- Set non-toolchain portion of runtime path of "/workspace/ros_ws/install/controller/lib/controller/controller" to ""
-- Installing: /workspace/ros_ws/install/controller/share/controller//launch
-- Installing: /workspace/ros_ws/install/controller/share/controller//launch/launch.xml
-- Installing: /workspace/ros_ws/install/controller/share/ament_index/resource_index/package_run_dependencies/controller
-- Installing: /workspace/ros_ws/install/controller/share/ament_index/resource_index/parent_prefix_path/controller
-- Installing: /workspace/ros_ws/install/controller/share/controller/environment/ament_prefix_path.sh
-- Installing: /workspace/ros_ws/install/controller/share/controller/environment/ament_prefix_path.dsv
-- Installing: /workspace/ros_ws/install/controller/share/controller/environment/path.sh
-- Installing: /workspace/ros_ws/install/controller/share/controller/environment/path.dsv
-- Installing: /workspace/ros_ws/install/controller/share/controller/local_setup.bash
-- Installing: /workspace/ros_ws/install/controller/share/controller/local_setup.sh
-- Installing: /workspace/ros_ws/install/controller/share/controller/local_setup.zsh
-- Installing: /workspace/ros_ws/install/controller/share/controller/local_setup.dsv
-- Installing: /workspace/ros_ws/install/controller/share/controller/package.dsv
-- Installing: /workspace/ros_ws/install/controller/share/ament_index/resource_index/packages/controller
-- Installing: /workspace/ros_ws/install/controller/share/controller/cmake/controllerConfig.cmake
-- Installing: /workspace/ros_ws/install/controller/share/controller/cmake/controllerConfig-version.cmake
-- Installing: /workspace/ros_ws/install/controller/share/controller/package.xml
