-- Install configuration: ""
-- Up-to-date: /workspace/ros_ws/install/simulator/share/simulator//launch
-- Up-to-date: /workspace/ros_ws/install/simulator/share/simulator//launch/launch.xml
-- Up-to-date: /workspace/ros_ws/install/simulator/share/simulator//launch/gz_bridge_config.yaml
-- Up-to-date: /workspace/ros_ws/install/simulator/share/simulator//gazebo
-- Up-to-date: /workspace/ros_ws/install/simulator/share/simulator//gazebo/plane.xml
-- Up-to-date: /workspace/ros_ws/install/simulator/share/ament_index/resource_index/package_run_dependencies/simulator
-- Up-to-date: /workspace/ros_ws/install/simulator/share/ament_index/resource_index/parent_prefix_path/simulator
-- Up-to-date: /workspace/ros_ws/install/simulator/share/simulator/environment/ament_prefix_path.sh
-- Up-to-date: /workspace/ros_ws/install/simulator/share/simulator/environment/ament_prefix_path.dsv
-- Up-to-date: /workspace/ros_ws/install/simulator/share/simulator/environment/path.sh
-- Up-to-date: /workspace/ros_ws/install/simulator/share/simulator/environment/path.dsv
-- Up-to-date: /workspace/ros_ws/install/simulator/share/simulator/local_setup.bash
-- Up-to-date: /workspace/ros_ws/install/simulator/share/simulator/local_setup.sh
-- Up-to-date: /workspace/ros_ws/install/simulator/share/simulator/local_setup.zsh
-- Up-to-date: /workspace/ros_ws/install/simulator/share/simulator/local_setup.dsv
-- Up-to-date: /workspace/ros_ws/install/simulator/share/simulator/package.dsv
-- Up-to-date: /workspace/ros_ws/install/simulator/share/ament_index/resource_index/packages/simulator
-- Up-to-date: /workspace/ros_ws/install/simulator/share/simulator/cmake/simulatorConfig.cmake
-- Up-to-date: /workspace/ros_ws/install/simulator/share/simulator/cmake/simulatorConfig-version.cmake
-- Up-to-date: /workspace/ros_ws/install/simulator/share/simulator/package.xml
