[0.010s] Invoking command in '/workspace/build/simulator': CMAKE_PREFIX_PATH=${CMAKE_PREFIX_PATH}:/opt/ros/jazzy /usr/bin/cmake --build /workspace/build/simulator -- -j20 -l20
[0.054s] Invoked command in '/workspace/build/simulator' returned '0': CMAKE_PREFIX_PATH=${CMAKE_PREFIX_PATH}:/opt/ros/jazzy /usr/bin/cmake --build /workspace/build/simulator -- -j20 -l20
[0.062s] Invoking command in '/workspace/build/simulator': CMAKE_PREFIX_PATH=${CMAKE_PREFIX_PATH}:/opt/ros/jazzy /usr/bin/cmake --install /workspace/build/simulator
[0.068s] -- Install configuration: ""
[0.068s] -- Up-to-date: /workspace/install/simulator/share/simulator//launch
[0.068s] -- Up-to-date: /workspace/install/simulator/share/simulator//launch/launch.xml
[0.068s] -- Up-to-date: /workspace/install/simulator/share/simulator//launch/gz_bridge_config.yaml
[0.068s] -- Up-to-date: /workspace/install/simulator/share/simulator//gazebo
[0.068s] -- Up-to-date: /workspace/install/simulator/share/simulator//gazebo/plane.xml
[0.068s] -- Up-to-date: /workspace/install/simulator/share/ament_index/resource_index/package_run_dependencies/simulator
[0.068s] -- Up-to-date: /workspace/install/simulator/share/ament_index/resource_index/parent_prefix_path/simulator
[0.068s] -- Up-to-date: /workspace/install/simulator/share/simulator/environment/ament_prefix_path.sh
[0.068s] -- Up-to-date: /workspace/install/simulator/share/simulator/environment/ament_prefix_path.dsv
[0.068s] -- Up-to-date: /workspace/install/simulator/share/simulator/environment/path.sh
[0.068s] -- Up-to-date: /workspace/install/simulator/share/simulator/environment/path.dsv
[0.068s] -- Up-to-date: /workspace/install/simulator/share/simulator/local_setup.bash
[0.068s] -- Up-to-date: /workspace/install/simulator/share/simulator/local_setup.sh
[0.068s] -- Up-to-date: /workspace/install/simulator/share/simulator/local_setup.zsh
[0.068s] -- Up-to-date: /workspace/install/simulator/share/simulator/local_setup.dsv
[0.069s] -- Up-to-date: /workspace/install/simulator/share/simulator/package.dsv
[0.069s] -- Up-to-date: /workspace/install/simulator/share/ament_index/resource_index/packages/simulator
[0.069s] -- Up-to-date: /workspace/install/simulator/share/simulator/cmake/simulatorConfig.cmake
[0.069s] -- Up-to-date: /workspace/install/simulator/share/simulator/cmake/simulatorConfig-version.cmake
[0.069s] -- Up-to-date: /workspace/install/simulator/share/simulator/package.xml
[0.069s] Invoked command in '/workspace/build/simulator' returned '0': CMAKE_PREFIX_PATH=${CMAKE_PREFIX_PATH}:/opt/ros/jazzy /usr/bin/cmake --install /workspace/build/simulator
