[0.006s] Invoking command in '/workspace/ros_ws/build/simulator': CMAKE_PREFIX_PATH=${CMAKE_PREFIX_PATH}:/opt/ros/jazzy /usr/bin/cmake --build /workspace/ros_ws/build/simulator -- -j20 -l20
[0.039s] Invoked command in '/workspace/ros_ws/build/simulator' returned '0': CMAKE_PREFIX_PATH=${CMAKE_PREFIX_PATH}:/opt/ros/jazzy /usr/bin/cmake --build /workspace/ros_ws/build/simulator -- -j20 -l20
[0.040s] Invoking command in '/workspace/ros_ws/build/simulator': CMAKE_PREFIX_PATH=${CMAKE_PREFIX_PATH}:/opt/ros/jazzy /usr/bin/cmake --install /workspace/ros_ws/build/simulator
[0.046s] -- Install configuration: ""
[0.046s] -- Up-to-date: /workspace/ros_ws/install/simulator/share/simulator//launch
[0.046s] -- Up-to-date: /workspace/ros_ws/install/simulator/share/simulator//launch/launch.xml
[0.047s] -- Up-to-date: /workspace/ros_ws/install/simulator/share/simulator//launch/gz_bridge_config.yaml
[0.047s] -- Up-to-date: /workspace/ros_ws/install/simulator/share/simulator//gazebo
[0.047s] -- Up-to-date: /workspace/ros_ws/install/simulator/share/simulator//gazebo/plane.xml
[0.047s] -- Up-to-date: /workspace/ros_ws/install/simulator/share/ament_index/resource_index/package_run_dependencies/simulator
[0.047s] -- Up-to-date: /workspace/ros_ws/install/simulator/share/ament_index/resource_index/parent_prefix_path/simulator
[0.047s] -- Up-to-date: /workspace/ros_ws/install/simulator/share/simulator/environment/ament_prefix_path.sh
[0.047s] -- Up-to-date: /workspace/ros_ws/install/simulator/share/simulator/environment/ament_prefix_path.dsv
[0.048s] -- Up-to-date: /workspace/ros_ws/install/simulator/share/simulator/environment/path.sh
[0.048s] -- Up-to-date: /workspace/ros_ws/install/simulator/share/simulator/environment/path.dsv
[0.048s] -- Up-to-date: /workspace/ros_ws/install/simulator/share/simulator/local_setup.bash
[0.048s] -- Up-to-date: /workspace/ros_ws/install/simulator/share/simulator/local_setup.sh
[0.048s] -- Up-to-date: /workspace/ros_ws/install/simulator/share/simulator/local_setup.zsh
[0.048s] -- Up-to-date: /workspace/ros_ws/install/simulator/share/simulator/local_setup.dsv
[0.049s] -- Installing: /workspace/ros_ws/install/simulator/share/simulator/package.dsv
[0.049s] -- Up-to-date: /workspace/ros_ws/install/simulator/share/ament_index/resource_index/packages/simulator
[0.049s] -- Up-to-date: /workspace/ros_ws/install/simulator/share/simulator/cmake/simulatorConfig.cmake
[0.049s] -- Up-to-date: /workspace/ros_ws/install/simulator/share/simulator/cmake/simulatorConfig-version.cmake
[0.050s] -- Up-to-date: /workspace/ros_ws/install/simulator/share/simulator/package.xml
[0.051s] Invoked command in '/workspace/ros_ws/build/simulator' returned '0': CMAKE_PREFIX_PATH=${CMAKE_PREFIX_PATH}:/opt/ros/jazzy /usr/bin/cmake --install /workspace/ros_ws/build/simulator
