[0.007s] Invoking command in '/workspace/ros_ws/build/hmi_bridge': CMAKE_PREFIX_PATH=${CMAKE_PREFIX_PATH}:/opt/ros/jazzy /usr/bin/cmake --build /workspace/ros_ws/build/hmi_bridge -- -j20 -l20
[0.044s] [100%] Built target hmi_bridge
[0.063s] Invoked command in '/workspace/ros_ws/build/hmi_bridge' returned '0': CMAKE_PREFIX_PATH=${CMAKE_PREFIX_PATH}:/opt/ros/jazzy /usr/bin/cmake --build /workspace/ros_ws/build/hmi_bridge -- -j20 -l20
[0.063s] Invoking command in '/workspace/ros_ws/build/hmi_bridge': CMAKE_PREFIX_PATH=${CMAKE_PREFIX_PATH}:/opt/ros/jazzy /usr/bin/cmake --install /workspace/ros_ws/build/hmi_bridge
[0.068s] -- Install configuration: "Release"
[0.068s] -- Up-to-date: /workspace/ros_ws/install/hmi_bridge/lib/hmi_bridge/hmi_bridge
[0.069s] -- Up-to-date: /workspace/ros_ws/install/hmi_bridge/share/hmi_bridge//launch
[0.069s] -- Installing: /workspace/ros_ws/install/hmi_bridge/share/hmi_bridge//launch/launch.xml
[0.069s] -- Up-to-date: /workspace/ros_ws/install/hmi_bridge/share/ament_index/resource_index/package_run_dependencies/hmi_bridge
[0.069s] -- Up-to-date: /workspace/ros_ws/install/hmi_bridge/share/ament_index/resource_index/parent_prefix_path/hmi_bridge
[0.069s] -- Up-to-date: /workspace/ros_ws/install/hmi_bridge/share/hmi_bridge/environment/ament_prefix_path.sh
[0.069s] -- Up-to-date: /workspace/ros_ws/install/hmi_bridge/share/hmi_bridge/environment/ament_prefix_path.dsv
[0.069s] -- Up-to-date: /workspace/ros_ws/install/hmi_bridge/share/hmi_bridge/environment/path.sh
[0.069s] -- Up-to-date: /workspace/ros_ws/install/hmi_bridge/share/hmi_bridge/environment/path.dsv
[0.069s] -- Up-to-date: /workspace/ros_ws/install/hmi_bridge/share/hmi_bridge/local_setup.bash
[0.069s] -- Up-to-date: /workspace/ros_ws/install/hmi_bridge/share/hmi_bridge/local_setup.sh
[0.069s] -- Up-to-date: /workspace/ros_ws/install/hmi_bridge/share/hmi_bridge/local_setup.zsh
[0.069s] -- Up-to-date: /workspace/ros_ws/install/hmi_bridge/share/hmi_bridge/local_setup.dsv
[0.069s] -- Installing: /workspace/ros_ws/install/hmi_bridge/share/hmi_bridge/package.dsv
[0.069s] -- Up-to-date: /workspace/ros_ws/install/hmi_bridge/share/ament_index/resource_index/packages/hmi_bridge
[0.069s] -- Up-to-date: /workspace/ros_ws/install/hmi_bridge/share/hmi_bridge/cmake/hmi_bridgeConfig.cmake
[0.069s] -- Up-to-date: /workspace/ros_ws/install/hmi_bridge/share/hmi_bridge/cmake/hmi_bridgeConfig-version.cmake
[0.069s] -- Up-to-date: /workspace/ros_ws/install/hmi_bridge/share/hmi_bridge/package.xml
[0.069s] Invoked command in '/workspace/ros_ws/build/hmi_bridge' returned '0': CMAKE_PREFIX_PATH=${CMAKE_PREFIX_PATH}:/opt/ros/jazzy /usr/bin/cmake --install /workspace/ros_ws/build/hmi_bridge
