[0.004s] Invoking command in '/workspace/ros_ws/build/simulator': CMAKE_PREFIX_PATH=${CMAKE_PREFIX_PATH}:/opt/ros/jazzy /usr/bin/cmake /workspace/ros_ws/src/simulator -DCMAKE_INSTALL_PREFIX=/workspace/ros_ws/install/simulator
[0.080s] -- The C compiler identification is GNU 13.3.0
[0.126s] -- The CXX compiler identification is GNU 13.3.0
[0.142s] -- Detecting C compiler ABI info
[0.208s] -- Detecting C compiler ABI info - done
[0.219s] -- Check for working C compiler: /usr/bin/cc - skipped
[0.219s] -- Detecting C compile features
[0.219s] -- Detecting C compile features - done
[0.226s] -- Detecting CXX compiler ABI info
[0.290s] -- Detecting CXX compiler ABI info - done
[0.296s] -- Check for working CXX compiler: /usr/bin/c++ - skipped
[0.296s] -- Detecting CXX compile features
[0.296s] -- Detecting CXX compile features - done
[0.298s] -- Found ament_cmake: 2.5.4 (/opt/ros/jazzy/share/ament_cmake/cmake)
[0.396s] -- Found Python3: /usr/bin/python3 (found version "3.12.3") found components: Interpreter 
[0.544s] -- Configuring done (0.5s)
[0.546s] -- Generating done (0.0s)
[0.547s] -- Build files have been written to: /workspace/ros_ws/build/simulator
[0.550s] Invoked command in '/workspace/ros_ws/build/simulator' returned '0': CMAKE_PREFIX_PATH=${CMAKE_PREFIX_PATH}:/opt/ros/jazzy /usr/bin/cmake /workspace/ros_ws/src/simulator -DCMAKE_INSTALL_PREFIX=/workspace/ros_ws/install/simulator
[0.551s] Invoking command in '/workspace/ros_ws/build/simulator': CMAKE_PREFIX_PATH=${CMAKE_PREFIX_PATH}:/opt/ros/jazzy /usr/bin/cmake --build /workspace/ros_ws/build/simulator -- -j20 -l20
[0.581s] Invoked command in '/workspace/ros_ws/build/simulator' returned '0': CMAKE_PREFIX_PATH=${CMAKE_PREFIX_PATH}:/opt/ros/jazzy /usr/bin/cmake --build /workspace/ros_ws/build/simulator -- -j20 -l20
[0.587s] Invoking command in '/workspace/ros_ws/build/simulator': CMAKE_PREFIX_PATH=${CMAKE_PREFIX_PATH}:/opt/ros/jazzy /usr/bin/cmake --install /workspace/ros_ws/build/simulator
[0.595s] -- Install configuration: ""
[0.596s] -- Installing: /workspace/ros_ws/install/simulator/share/simulator//launch
[0.596s] -- Installing: /workspace/ros_ws/install/simulator/share/simulator//launch/launch.xml
[0.596s] -- Installing: /workspace/ros_ws/install/simulator/share/simulator//launch/gz_bridge_config.yaml
[0.596s] -- Installing: /workspace/ros_ws/install/simulator/share/simulator//gazebo
[0.596s] -- Installing: /workspace/ros_ws/install/simulator/share/simulator//gazebo/plane.xml
[0.597s] -- Installing: /workspace/ros_ws/install/simulator/share/ament_index/resource_index/package_run_dependencies/simulator
[0.597s] -- Installing: /workspace/ros_ws/install/simulator/share/ament_index/resource_index/parent_prefix_path/simulator
[0.597s] -- Installing: /workspace/ros_ws/install/simulator/share/simulator/environment/ament_prefix_path.sh
[0.597s] -- Installing: /workspace/ros_ws/install/simulator/share/simulator/environment/ament_prefix_path.dsv
[0.597s] -- Installing: /workspace/ros_ws/install/simulator/share/simulator/environment/path.sh
[0.598s] -- Installing: /workspace/ros_ws/install/simulator/share/simulator/environment/path.dsv
[0.598s] -- Installing: /workspace/ros_ws/install/simulator/share/simulator/local_setup.bash
[0.598s] -- Installing: /workspace/ros_ws/install/simulator/share/simulator/local_setup.sh
[0.598s] -- Installing: /workspace/ros_ws/install/simulator/share/simulator/local_setup.zsh
[0.598s] -- Installing: /workspace/ros_ws/install/simulator/share/simulator/local_setup.dsv
[0.598s] -- Installing: /workspace/ros_ws/install/simulator/share/simulator/package.dsv
[0.598s] -- Installing: /workspace/ros_ws/install/simulator/share/ament_index/resource_index/packages/simulator
[0.599s] -- Installing: /workspace/ros_ws/install/simulator/share/simulator/cmake/simulatorConfig.cmake
[0.599s] -- Installing: /workspace/ros_ws/install/simulator/share/simulator/cmake/simulatorConfig-version.cmake
[0.599s] -- Installing: /workspace/ros_ws/install/simulator/share/simulator/package.xml
[0.600s] Invoked command in '/workspace/ros_ws/build/simulator' returned '0': CMAKE_PREFIX_PATH=${CMAKE_PREFIX_PATH}:/opt/ros/jazzy /usr/bin/cmake --install /workspace/ros_ws/build/simulator
