[0.058s] DEBUG:colcon:Command line arguments: ['/usr/bin/colcon', 'build']
[0.058s] DEBUG:colcon:Parsed command line arguments: Namespace(log_base=None, log_level=None, verb_name='build', build_base='build', install_base='install', merge_install=False, symlink_install=False, test_result_base=None, continue_on_error=False, executor='parallel', parallel_workers=20, event_handlers=None, ignore_user_meta=False, metas=['./colcon.meta'], base_paths=['.'], packages_ignore=None, packages_ignore_regex=None, paths=None, packages_up_to=None, packages_up_to_regex=None, packages_above=None, packages_above_and_dependencies=None, packages_above_depth=None, packages_select_by_dep=None, packages_skip_by_dep=None, packages_skip_up_to=None, packages_select_build_failed=False, packages_skip_build_finished=False, packages_select_test_failures=False, packages_skip_test_passed=False, packages_select=None, packages_skip=None, packages_select_regex=None, packages_skip_regex=None, packages_start=None, packages_end=None, allow_overriding=[], cmake_args=None, cmake_target=None, cmake_target_skip_unavailable=False, cmake_clean_cache=False, cmake_clean_first=False, cmake_force_configure=False, ament_cmake_args=None, catkin_cmake_args=None, catkin_skip_building_tests=False, verb_parser=<colcon_defaults.argument_parser.defaults.DefaultArgumentsDecorator object at 0x7487cb792c30>, verb_extension=<colcon_core.verb.build.BuildVerb object at 0x7487cb73caa0>, main=<bound method BuildVerb.main of <colcon_core.verb.build.BuildVerb object at 0x7487cb73caa0>>)
[0.082s] Level 1:colcon.colcon_core.package_discovery:discover_packages(colcon_meta) check parameters
[0.082s] Level 1:colcon.colcon_core.package_discovery:discover_packages(recursive) check parameters
[0.082s] Level 1:colcon.colcon_core.package_discovery:discover_packages(ignore) check parameters
[0.082s] Level 1:colcon.colcon_core.package_discovery:discover_packages(path) check parameters
[0.082s] Level 1:colcon.colcon_core.package_discovery:discover_packages(colcon_meta) discover
[0.082s] Level 1:colcon.colcon_core.package_discovery:discover_packages(recursive) discover
[0.082s] INFO:colcon.colcon_core.package_discovery:Crawling recursively for packages in '/workspace/ros_ws'
[0.082s] Level 1:colcon.colcon_core.package_identification:_identify(.) by extensions ['ignore', 'ignore_ament_install']
[0.082s] Level 1:colcon.colcon_core.package_identification:_identify(.) by extension 'ignore'
[0.082s] Level 1:colcon.colcon_core.package_identification:_identify(.) by extension 'ignore_ament_install'
[0.082s] Level 1:colcon.colcon_core.package_identification:_identify(.) by extensions ['colcon_pkg']
[0.082s] Level 1:colcon.colcon_core.package_identification:_identify(.) by extension 'colcon_pkg'
[0.082s] Level 1:colcon.colcon_core.package_identification:_identify(.) by extensions ['colcon_meta']
[0.082s] Level 1:colcon.colcon_core.package_identification:_identify(.) by extension 'colcon_meta'
[0.082s] Level 1:colcon.colcon_core.package_identification:_identify(.) by extensions ['ros']
[0.082s] Level 1:colcon.colcon_core.package_identification:_identify(.) by extension 'ros'
[0.097s] Level 1:colcon.colcon_core.package_identification:_identify(.) by extensions ['cmake', 'python']
[0.097s] Level 1:colcon.colcon_core.package_identification:_identify(.) by extension 'cmake'
[0.097s] Level 1:colcon.colcon_core.package_identification:_identify(.) by extension 'python'
[0.097s] Level 1:colcon.colcon_core.package_identification:_identify(.) by extensions ['python_setup_py']
[0.097s] Level 1:colcon.colcon_core.package_identification:_identify(.) by extension 'python_setup_py'
[0.097s] Level 1:colcon.colcon_core.package_identification:_identify(build) by extensions ['ignore', 'ignore_ament_install']
[0.097s] Level 1:colcon.colcon_core.package_identification:_identify(build) by extension 'ignore'
[0.097s] Level 1:colcon.colcon_core.package_identification:_identify(build) ignored
[0.098s] Level 1:colcon.colcon_core.package_identification:_identify(install) by extensions ['ignore', 'ignore_ament_install']
[0.098s] Level 1:colcon.colcon_core.package_identification:_identify(install) by extension 'ignore'
[0.098s] Level 1:colcon.colcon_core.package_identification:_identify(install) ignored
[0.098s] Level 1:colcon.colcon_core.package_identification:_identify(log) by extensions ['ignore', 'ignore_ament_install']
[0.098s] Level 1:colcon.colcon_core.package_identification:_identify(log) by extension 'ignore'
[0.098s] Level 1:colcon.colcon_core.package_identification:_identify(log) ignored
[0.098s] Level 1:colcon.colcon_core.package_identification:_identify(src) by extensions ['ignore', 'ignore_ament_install']
[0.098s] Level 1:colcon.colcon_core.package_identification:_identify(src) by extension 'ignore'
[0.098s] Level 1:colcon.colcon_core.package_identification:_identify(src) by extension 'ignore_ament_install'
[0.098s] Level 1:colcon.colcon_core.package_identification:_identify(src) by extensions ['colcon_pkg']
[0.098s] Level 1:colcon.colcon_core.package_identification:_identify(src) by extension 'colcon_pkg'
[0.098s] Level 1:colcon.colcon_core.package_identification:_identify(src) by extensions ['colcon_meta']
[0.098s] Level 1:colcon.colcon_core.package_identification:_identify(src) by extension 'colcon_meta'
[0.098s] Level 1:colcon.colcon_core.package_identification:_identify(src) by extensions ['ros']
[0.098s] Level 1:colcon.colcon_core.package_identification:_identify(src) by extension 'ros'
[0.098s] Level 1:colcon.colcon_core.package_identification:_identify(src) by extensions ['cmake', 'python']
[0.098s] Level 1:colcon.colcon_core.package_identification:_identify(src) by extension 'cmake'
[0.098s] Level 1:colcon.colcon_core.package_identification:_identify(src) by extension 'python'
[0.098s] Level 1:colcon.colcon_core.package_identification:_identify(src) by extensions ['python_setup_py']
[0.098s] Level 1:colcon.colcon_core.package_identification:_identify(src) by extension 'python_setup_py'
[0.098s] Level 1:colcon.colcon_core.package_identification:_identify(src/bringup) by extensions ['ignore', 'ignore_ament_install']
[0.098s] Level 1:colcon.colcon_core.package_identification:_identify(src/bringup) by extension 'ignore'
[0.098s] Level 1:colcon.colcon_core.package_identification:_identify(src/bringup) by extension 'ignore_ament_install'
[0.098s] Level 1:colcon.colcon_core.package_identification:_identify(src/bringup) by extensions ['colcon_pkg']
[0.098s] Level 1:colcon.colcon_core.package_identification:_identify(src/bringup) by extension 'colcon_pkg'
[0.098s] Level 1:colcon.colcon_core.package_identification:_identify(src/bringup) by extensions ['colcon_meta']
[0.098s] Level 1:colcon.colcon_core.package_identification:_identify(src/bringup) by extension 'colcon_meta'
[0.098s] Level 1:colcon.colcon_core.package_identification:_identify(src/bringup) by extensions ['ros']
[0.098s] Level 1:colcon.colcon_core.package_identification:_identify(src/bringup) by extension 'ros'
[0.100s] DEBUG:colcon.colcon_core.package_identification:Package 'src/bringup' with type 'ros.ament_cmake' and name 'bringup'
[0.100s] Level 1:colcon.colcon_core.package_identification:_identify(src/controller) by extensions ['ignore', 'ignore_ament_install']
[0.100s] Level 1:colcon.colcon_core.package_identification:_identify(src/controller) by extension 'ignore'
[0.100s] Level 1:colcon.colcon_core.package_identification:_identify(src/controller) by extension 'ignore_ament_install'
[0.100s] Level 1:colcon.colcon_core.package_identification:_identify(src/controller) by extensions ['colcon_pkg']
[0.100s] Level 1:colcon.colcon_core.package_identification:_identify(src/controller) by extension 'colcon_pkg'
[0.100s] Level 1:colcon.colcon_core.package_identification:_identify(src/controller) by extensions ['colcon_meta']
[0.100s] Level 1:colcon.colcon_core.package_identification:_identify(src/controller) by extension 'colcon_meta'
[0.100s] Level 1:colcon.colcon_core.package_identification:_identify(src/controller) by extensions ['ros']
[0.100s] Level 1:colcon.colcon_core.package_identification:_identify(src/controller) by extension 'ros'
[0.100s] DEBUG:colcon.colcon_core.package_identification:Package 'src/controller' with type 'ros.ament_cmake' and name 'controller'
[0.100s] Level 1:colcon.colcon_core.package_identification:_identify(src/hmi_bridge) by extensions ['ignore', 'ignore_ament_install']
[0.100s] Level 1:colcon.colcon_core.package_identification:_identify(src/hmi_bridge) by extension 'ignore'
[0.100s] Level 1:colcon.colcon_core.package_identification:_identify(src/hmi_bridge) by extension 'ignore_ament_install'
[0.100s] Level 1:colcon.colcon_core.package_identification:_identify(src/hmi_bridge) by extensions ['colcon_pkg']
[0.100s] Level 1:colcon.colcon_core.package_identification:_identify(src/hmi_bridge) by extension 'colcon_pkg'
[0.100s] Level 1:colcon.colcon_core.package_identification:_identify(src/hmi_bridge) by extensions ['colcon_meta']
[0.100s] Level 1:colcon.colcon_core.package_identification:_identify(src/hmi_bridge) by extension 'colcon_meta'
[0.100s] Level 1:colcon.colcon_core.package_identification:_identify(src/hmi_bridge) by extensions ['ros']
[0.100s] Level 1:colcon.colcon_core.package_identification:_identify(src/hmi_bridge) by extension 'ros'
[0.101s] DEBUG:colcon.colcon_core.package_identification:Package 'src/hmi_bridge' with type 'ros.ament_cmake' and name 'hmi_bridge'
[0.101s] Level 1:colcon.colcon_core.package_identification:_identify(src/simulator) by extensions ['ignore', 'ignore_ament_install']
[0.101s] Level 1:colcon.colcon_core.package_identification:_identify(src/simulator) by extension 'ignore'
[0.101s] Level 1:colcon.colcon_core.package_identification:_identify(src/simulator) by extension 'ignore_ament_install'
[0.101s] Level 1:colcon.colcon_core.package_identification:_identify(src/simulator) by extensions ['colcon_pkg']
[0.101s] Level 1:colcon.colcon_core.package_identification:_identify(src/simulator) by extension 'colcon_pkg'
[0.101s] Level 1:colcon.colcon_core.package_identification:_identify(src/simulator) by extensions ['colcon_meta']
[0.101s] Level 1:colcon.colcon_core.package_identification:_identify(src/simulator) by extension 'colcon_meta'
[0.101s] Level 1:colcon.colcon_core.package_identification:_identify(src/simulator) by extensions ['ros']
[0.101s] Level 1:colcon.colcon_core.package_identification:_identify(src/simulator) by extension 'ros'
[0.101s] DEBUG:colcon.colcon_core.package_identification:Package 'src/simulator' with type 'ros.ament_cmake' and name 'simulator'
[0.101s] Level 1:colcon.colcon_core.package_discovery:discover_packages(recursive) using defaults
[0.101s] Level 1:colcon.colcon_core.package_discovery:discover_packages(ignore) discover
[0.101s] Level 1:colcon.colcon_core.package_discovery:discover_packages(ignore) using defaults
[0.101s] Level 1:colcon.colcon_core.package_discovery:discover_packages(path) discover
[0.101s] Level 1:colcon.colcon_core.package_discovery:discover_packages(path) using defaults
[0.112s] Level 1:colcon.colcon_core.package_discovery:discover_packages(prefix_path) check parameters
[0.112s] Level 1:colcon.colcon_core.package_discovery:discover_packages(prefix_path) discover
[0.114s] DEBUG:colcon.colcon_installed_package_information.package_discovery:Found 285 installed packages in /opt/ros/jazzy
[0.114s] Level 1:colcon.colcon_core.package_discovery:discover_packages(prefix_path) using defaults
[0.135s] Level 5:colcon.colcon_core.verb:set package 'bringup' build argument 'cmake_args' from command line to 'None'
[0.135s] Level 5:colcon.colcon_core.verb:set package 'bringup' build argument 'cmake_target' from command line to 'None'
[0.135s] Level 5:colcon.colcon_core.verb:set package 'bringup' build argument 'cmake_target_skip_unavailable' from command line to 'False'
[0.135s] Level 5:colcon.colcon_core.verb:set package 'bringup' build argument 'cmake_clean_cache' from command line to 'False'
[0.135s] Level 5:colcon.colcon_core.verb:set package 'bringup' build argument 'cmake_clean_first' from command line to 'False'
[0.135s] Level 5:colcon.colcon_core.verb:set package 'bringup' build argument 'cmake_force_configure' from command line to 'False'
[0.135s] Level 5:colcon.colcon_core.verb:set package 'bringup' build argument 'ament_cmake_args' from command line to 'None'
[0.135s] Level 5:colcon.colcon_core.verb:set package 'bringup' build argument 'catkin_cmake_args' from command line to 'None'
[0.135s] Level 5:colcon.colcon_core.verb:set package 'bringup' build argument 'catkin_skip_building_tests' from command line to 'False'
[0.135s] DEBUG:colcon.colcon_core.verb:Building package 'bringup' with the following arguments: {'ament_cmake_args': None, 'build_base': '/workspace/ros_ws/build/bringup', 'catkin_cmake_args': None, 'catkin_skip_building_tests': False, 'cmake_args': None, 'cmake_clean_cache': False, 'cmake_clean_first': False, 'cmake_force_configure': False, 'cmake_target': None, 'cmake_target_skip_unavailable': False, 'install_base': '/workspace/ros_ws/install/bringup', 'merge_install': False, 'path': '/workspace/ros_ws/src/bringup', 'symlink_install': False, 'test_result_base': None}
[0.136s] Level 5:colcon.colcon_core.verb:set package 'controller' build argument 'cmake_args' from command line to 'None'
[0.136s] Level 5:colcon.colcon_core.verb:set package 'controller' build argument 'cmake_target' from command line to 'None'
[0.136s] Level 5:colcon.colcon_core.verb:set package 'controller' build argument 'cmake_target_skip_unavailable' from command line to 'False'
[0.136s] Level 5:colcon.colcon_core.verb:set package 'controller' build argument 'cmake_clean_cache' from command line to 'False'
[0.136s] Level 5:colcon.colcon_core.verb:set package 'controller' build argument 'cmake_clean_first' from command line to 'False'
[0.136s] Level 5:colcon.colcon_core.verb:set package 'controller' build argument 'cmake_force_configure' from command line to 'False'
[0.136s] Level 5:colcon.colcon_core.verb:set package 'controller' build argument 'ament_cmake_args' from command line to 'None'
[0.136s] Level 5:colcon.colcon_core.verb:set package 'controller' build argument 'catkin_cmake_args' from command line to 'None'
[0.136s] Level 5:colcon.colcon_core.verb:set package 'controller' build argument 'catkin_skip_building_tests' from command line to 'False'
[0.136s] DEBUG:colcon.colcon_core.verb:Building package 'controller' with the following arguments: {'ament_cmake_args': None, 'build_base': '/workspace/ros_ws/build/controller', 'catkin_cmake_args': None, 'catkin_skip_building_tests': False, 'cmake_args': None, 'cmake_clean_cache': False, 'cmake_clean_first': False, 'cmake_force_configure': False, 'cmake_target': None, 'cmake_target_skip_unavailable': False, 'install_base': '/workspace/ros_ws/install/controller', 'merge_install': False, 'path': '/workspace/ros_ws/src/controller', 'symlink_install': False, 'test_result_base': None}
[0.136s] Level 5:colcon.colcon_core.verb:set package 'hmi_bridge' build argument 'cmake_args' from command line to 'None'
[0.136s] Level 5:colcon.colcon_core.verb:set package 'hmi_bridge' build argument 'cmake_target' from command line to 'None'
[0.136s] Level 5:colcon.colcon_core.verb:set package 'hmi_bridge' build argument 'cmake_target_skip_unavailable' from command line to 'False'
[0.136s] Level 5:colcon.colcon_core.verb:set package 'hmi_bridge' build argument 'cmake_clean_cache' from command line to 'False'
[0.136s] Level 5:colcon.colcon_core.verb:set package 'hmi_bridge' build argument 'cmake_clean_first' from command line to 'False'
[0.136s] Level 5:colcon.colcon_core.verb:set package 'hmi_bridge' build argument 'cmake_force_configure' from command line to 'False'
[0.136s] Level 5:colcon.colcon_core.verb:set package 'hmi_bridge' build argument 'ament_cmake_args' from command line to 'None'
[0.136s] Level 5:colcon.colcon_core.verb:set package 'hmi_bridge' build argument 'catkin_cmake_args' from command line to 'None'
[0.136s] Level 5:colcon.colcon_core.verb:set package 'hmi_bridge' build argument 'catkin_skip_building_tests' from command line to 'False'
[0.136s] DEBUG:colcon.colcon_core.verb:Building package 'hmi_bridge' with the following arguments: {'ament_cmake_args': None, 'build_base': '/workspace/ros_ws/build/hmi_bridge', 'catkin_cmake_args': None, 'catkin_skip_building_tests': False, 'cmake_args': None, 'cmake_clean_cache': False, 'cmake_clean_first': False, 'cmake_force_configure': False, 'cmake_target': None, 'cmake_target_skip_unavailable': False, 'install_base': '/workspace/ros_ws/install/hmi_bridge', 'merge_install': False, 'path': '/workspace/ros_ws/src/hmi_bridge', 'symlink_install': False, 'test_result_base': None}
[0.136s] Level 5:colcon.colcon_core.verb:set package 'simulator' build argument 'cmake_args' from command line to 'None'
[0.136s] Level 5:colcon.colcon_core.verb:set package 'simulator' build argument 'cmake_target' from command line to 'None'
[0.136s] Level 5:colcon.colcon_core.verb:set package 'simulator' build argument 'cmake_target_skip_unavailable' from command line to 'False'
[0.136s] Level 5:colcon.colcon_core.verb:set package 'simulator' build argument 'cmake_clean_cache' from command line to 'False'
[0.136s] Level 5:colcon.colcon_core.verb:set package 'simulator' build argument 'cmake_clean_first' from command line to 'False'
[0.136s] Level 5:colcon.colcon_core.verb:set package 'simulator' build argument 'cmake_force_configure' from command line to 'False'
[0.136s] Level 5:colcon.colcon_core.verb:set package 'simulator' build argument 'ament_cmake_args' from command line to 'None'
[0.136s] Level 5:colcon.colcon_core.verb:set package 'simulator' build argument 'catkin_cmake_args' from command line to 'None'
[0.136s] Level 5:colcon.colcon_core.verb:set package 'simulator' build argument 'catkin_skip_building_tests' from command line to 'False'
[0.136s] DEBUG:colcon.colcon_core.verb:Building package 'simulator' with the following arguments: {'ament_cmake_args': None, 'build_base': '/workspace/ros_ws/build/simulator', 'catkin_cmake_args': None, 'catkin_skip_building_tests': False, 'cmake_args': None, 'cmake_clean_cache': False, 'cmake_clean_first': False, 'cmake_force_configure': False, 'cmake_target': None, 'cmake_target_skip_unavailable': False, 'install_base': '/workspace/ros_ws/install/simulator', 'merge_install': False, 'path': '/workspace/ros_ws/src/simulator', 'symlink_install': False, 'test_result_base': None}
[0.136s] INFO:colcon.colcon_core.executor:Executing jobs using 'parallel' executor
[0.137s] DEBUG:colcon.colcon_parallel_executor.executor.parallel:run_until_complete
[0.137s] INFO:colcon.colcon_ros.task.ament_cmake.build:Building ROS package in '/workspace/ros_ws/src/bringup' with build type 'ament_cmake'
[0.137s] INFO:colcon.colcon_cmake.task.cmake.build:Building CMake package in '/workspace/ros_ws/src/bringup'
[0.138s] INFO:colcon.colcon_core.plugin_system:Skipping extension 'colcon_core.shell.bat': Not used on non-Windows systems
[0.138s] INFO:colcon.colcon_core.shell:Skip shell extension 'powershell' for command environment: Not usable outside of PowerShell
[0.138s] DEBUG:colcon.colcon_core.shell:Skip shell extension 'dsv' for command environment
[0.140s] INFO:colcon.colcon_ros.task.ament_cmake.build:Building ROS package in '/workspace/ros_ws/src/controller' with build type 'ament_cmake'
[0.140s] INFO:colcon.colcon_cmake.task.cmake.build:Building CMake package in '/workspace/ros_ws/src/controller'
[0.140s] INFO:colcon.colcon_core.shell:Skip shell extension 'powershell' for command environment: Not usable outside of PowerShell
[0.140s] DEBUG:colcon.colcon_core.shell:Skip shell extension 'dsv' for command environment
[0.142s] INFO:colcon.colcon_ros.task.ament_cmake.build:Building ROS package in '/workspace/ros_ws/src/hmi_bridge' with build type 'ament_cmake'
[0.142s] INFO:colcon.colcon_cmake.task.cmake.build:Building CMake package in '/workspace/ros_ws/src/hmi_bridge'
[0.142s] INFO:colcon.colcon_core.shell:Skip shell extension 'powershell' for command environment: Not usable outside of PowerShell
[0.142s] DEBUG:colcon.colcon_core.shell:Skip shell extension 'dsv' for command environment
[0.143s] INFO:colcon.colcon_ros.task.ament_cmake.build:Building ROS package in '/workspace/ros_ws/src/simulator' with build type 'ament_cmake'
[0.143s] INFO:colcon.colcon_cmake.task.cmake.build:Building CMake package in '/workspace/ros_ws/src/simulator'
[0.143s] INFO:colcon.colcon_core.shell:Skip shell extension 'powershell' for command environment: Not usable outside of PowerShell
[0.143s] DEBUG:colcon.colcon_core.shell:Skip shell extension 'dsv' for command environment
[0.147s] DEBUG:colcon.colcon_core.event_handler.log_command:Invoking command in '/workspace/ros_ws/build/bringup': CMAKE_PREFIX_PATH=${CMAKE_PREFIX_PATH}:/opt/ros/jazzy /usr/bin/cmake --build /workspace/ros_ws/build/bringup -- -j20 -l20
[0.147s] DEBUG:colcon.colcon_core.event_handler.log_command:Invoking command in '/workspace/ros_ws/build/controller': CMAKE_PREFIX_PATH=${CMAKE_PREFIX_PATH}:/opt/ros/jazzy /usr/bin/cmake --build /workspace/ros_ws/build/controller -- -j20 -l20
[0.148s] DEBUG:colcon.colcon_core.event_handler.log_command:Invoking command in '/workspace/ros_ws/build/hmi_bridge': CMAKE_PREFIX_PATH=${CMAKE_PREFIX_PATH}:/opt/ros/jazzy /usr/bin/cmake --build /workspace/ros_ws/build/hmi_bridge -- -j20 -l20
[0.150s] DEBUG:colcon.colcon_core.event_handler.log_command:Invoking command in '/workspace/ros_ws/build/simulator': CMAKE_PREFIX_PATH=${CMAKE_PREFIX_PATH}:/opt/ros/jazzy /usr/bin/cmake --build /workspace/ros_ws/build/simulator -- -j20 -l20
[0.173s] DEBUG:colcon.colcon_core.event_handler.log_command:Invoked command in '/workspace/ros_ws/build/bringup' returned '0': CMAKE_PREFIX_PATH=${CMAKE_PREFIX_PATH}:/opt/ros/jazzy /usr/bin/cmake --build /workspace/ros_ws/build/bringup -- -j20 -l20
[0.182s] DEBUG:colcon.colcon_core.event_handler.log_command:Invoking command in '/workspace/ros_ws/build/bringup': CMAKE_PREFIX_PATH=${CMAKE_PREFIX_PATH}:/opt/ros/jazzy /usr/bin/cmake --install /workspace/ros_ws/build/bringup
[0.182s] DEBUG:colcon.colcon_core.event_handler.log_command:Invoked command in '/workspace/ros_ws/build/simulator' returned '0': CMAKE_PREFIX_PATH=${CMAKE_PREFIX_PATH}:/opt/ros/jazzy /usr/bin/cmake --build /workspace/ros_ws/build/simulator -- -j20 -l20
[0.183s] DEBUG:colcon.colcon_core.event_handler.log_command:Invoking command in '/workspace/ros_ws/build/simulator': CMAKE_PREFIX_PATH=${CMAKE_PREFIX_PATH}:/opt/ros/jazzy /usr/bin/cmake --install /workspace/ros_ws/build/simulator
[0.190s] Level 1:colcon.colcon_core.environment:create_environment_scripts_only(simulator)
[0.195s] DEBUG:colcon.colcon_core.event_handler.log_command:Invoked command in '/workspace/ros_ws/build/simulator' returned '0': CMAKE_PREFIX_PATH=${CMAKE_PREFIX_PATH}:/opt/ros/jazzy /usr/bin/cmake --install /workspace/ros_ws/build/simulator
[0.195s] Level 1:colcon.colcon_core.environment:checking '/workspace/ros_ws/install/simulator' for CMake module files
[0.195s] Level 1:colcon.colcon_core.environment:checking '/workspace/ros_ws/install/simulator' for CMake config files
[0.196s] Level 1:colcon.colcon_core.shell:create_environment_hook('simulator', 'cmake_prefix_path')
[0.196s] INFO:colcon.colcon_core.shell:Creating environment hook '/workspace/ros_ws/install/simulator/share/simulator/hook/cmake_prefix_path.ps1'
[0.196s] INFO:colcon.colcon_core.shell:Creating environment descriptor '/workspace/ros_ws/install/simulator/share/simulator/hook/cmake_prefix_path.dsv'
[0.196s] INFO:colcon.colcon_core.shell:Creating environment hook '/workspace/ros_ws/install/simulator/share/simulator/hook/cmake_prefix_path.sh'
[0.197s] Level 1:colcon.colcon_core.environment:checking '/workspace/ros_ws/install/simulator/bin'
[0.197s] Level 1:colcon.colcon_core.environment:checking '/workspace/ros_ws/install/simulator/lib/pkgconfig/simulator.pc'
[0.197s] Level 1:colcon.colcon_core.environment:checking '/workspace/ros_ws/install/simulator/lib/python3.12/site-packages'
[0.197s] Level 1:colcon.colcon_core.environment:checking '/workspace/ros_ws/install/simulator/bin'
[0.197s] INFO:colcon.colcon_core.shell:Creating package script '/workspace/ros_ws/install/simulator/share/simulator/package.ps1'
[0.198s] INFO:colcon.colcon_core.shell:Creating package descriptor '/workspace/ros_ws/install/simulator/share/simulator/package.dsv'
[0.198s] INFO:colcon.colcon_core.shell:Creating package script '/workspace/ros_ws/install/simulator/share/simulator/package.sh'
[0.198s] INFO:colcon.colcon_core.shell:Creating package script '/workspace/ros_ws/install/simulator/share/simulator/package.bash'
[0.199s] INFO:colcon.colcon_core.shell:Creating package script '/workspace/ros_ws/install/simulator/share/simulator/package.zsh'
[0.199s] Level 1:colcon.colcon_core.environment:create_file_with_runtime_dependencies(/workspace/ros_ws/install/simulator/share/colcon-core/packages/simulator)
[0.199s] Level 1:colcon.colcon_core.environment:create_environment_scripts_only(simulator)
[0.199s] Level 1:colcon.colcon_core.environment:checking '/workspace/ros_ws/install/simulator' for CMake module files
[0.200s] Level 1:colcon.colcon_core.environment:checking '/workspace/ros_ws/install/simulator' for CMake config files
[0.200s] Level 1:colcon.colcon_core.shell:create_environment_hook('simulator', 'cmake_prefix_path')
[0.200s] INFO:colcon.colcon_core.shell:Creating environment hook '/workspace/ros_ws/install/simulator/share/simulator/hook/cmake_prefix_path.ps1'
[0.200s] INFO:colcon.colcon_core.shell:Creating environment descriptor '/workspace/ros_ws/install/simulator/share/simulator/hook/cmake_prefix_path.dsv'
[0.200s] INFO:colcon.colcon_core.shell:Creating environment hook '/workspace/ros_ws/install/simulator/share/simulator/hook/cmake_prefix_path.sh'
[0.200s] Level 1:colcon.colcon_core.environment:checking '/workspace/ros_ws/install/simulator/bin'
[0.200s] Level 1:colcon.colcon_core.environment:checking '/workspace/ros_ws/install/simulator/lib/pkgconfig/simulator.pc'
[0.201s] Level 1:colcon.colcon_core.environment:checking '/workspace/ros_ws/install/simulator/lib/python3.12/site-packages'
[0.201s] Level 1:colcon.colcon_core.environment:checking '/workspace/ros_ws/install/simulator/bin'
[0.201s] INFO:colcon.colcon_core.shell:Creating package script '/workspace/ros_ws/install/simulator/share/simulator/package.ps1'
[0.201s] INFO:colcon.colcon_core.shell:Creating package descriptor '/workspace/ros_ws/install/simulator/share/simulator/package.dsv'
[0.201s] INFO:colcon.colcon_core.shell:Creating package script '/workspace/ros_ws/install/simulator/share/simulator/package.sh'
[0.202s] INFO:colcon.colcon_core.shell:Creating package script '/workspace/ros_ws/install/simulator/share/simulator/package.bash'
[0.202s] INFO:colcon.colcon_core.shell:Creating package script '/workspace/ros_ws/install/simulator/share/simulator/package.zsh'
[0.202s] Level 1:colcon.colcon_core.environment:create_file_with_runtime_dependencies(/workspace/ros_ws/install/simulator/share/colcon-core/packages/simulator)
[0.203s] Level 1:colcon.colcon_core.environment:create_environment_scripts_only(bringup)
[0.203s] Level 1:colcon.colcon_core.environment:checking '/workspace/ros_ws/install/bringup' for CMake module files
[0.203s] DEBUG:colcon.colcon_core.event_handler.log_command:Invoked command in '/workspace/ros_ws/build/bringup' returned '0': CMAKE_PREFIX_PATH=${CMAKE_PREFIX_PATH}:/opt/ros/jazzy /usr/bin/cmake --install /workspace/ros_ws/build/bringup
[0.203s] Level 1:colcon.colcon_core.environment:checking '/workspace/ros_ws/install/bringup' for CMake config files
[0.203s] Level 1:colcon.colcon_core.shell:create_environment_hook('bringup', 'cmake_prefix_path')
[0.204s] INFO:colcon.colcon_core.shell:Creating environment hook '/workspace/ros_ws/install/bringup/share/bringup/hook/cmake_prefix_path.ps1'
[0.204s] INFO:colcon.colcon_core.shell:Creating environment descriptor '/workspace/ros_ws/install/bringup/share/bringup/hook/cmake_prefix_path.dsv'
[0.204s] INFO:colcon.colcon_core.shell:Creating environment hook '/workspace/ros_ws/install/bringup/share/bringup/hook/cmake_prefix_path.sh'
[0.204s] Level 1:colcon.colcon_core.environment:checking '/workspace/ros_ws/install/bringup/bin'
[0.204s] Level 1:colcon.colcon_core.environment:checking '/workspace/ros_ws/install/bringup/lib/pkgconfig/bringup.pc'
[0.205s] Level 1:colcon.colcon_core.environment:checking '/workspace/ros_ws/install/bringup/lib/python3.12/site-packages'
[0.205s] Level 1:colcon.colcon_core.environment:checking '/workspace/ros_ws/install/bringup/bin'
[0.205s] INFO:colcon.colcon_core.shell:Creating package script '/workspace/ros_ws/install/bringup/share/bringup/package.ps1'
[0.205s] INFO:colcon.colcon_core.shell:Creating package descriptor '/workspace/ros_ws/install/bringup/share/bringup/package.dsv'
[0.205s] INFO:colcon.colcon_core.shell:Creating package script '/workspace/ros_ws/install/bringup/share/bringup/package.sh'
[0.205s] INFO:colcon.colcon_core.shell:Creating package script '/workspace/ros_ws/install/bringup/share/bringup/package.bash'
[0.206s] INFO:colcon.colcon_core.shell:Creating package script '/workspace/ros_ws/install/bringup/share/bringup/package.zsh'
[0.206s] Level 1:colcon.colcon_core.environment:create_file_with_runtime_dependencies(/workspace/ros_ws/install/bringup/share/colcon-core/packages/bringup)
[0.206s] Level 1:colcon.colcon_core.environment:create_environment_scripts_only(bringup)
[0.206s] Level 1:colcon.colcon_core.environment:checking '/workspace/ros_ws/install/bringup' for CMake module files
[0.206s] Level 1:colcon.colcon_core.environment:checking '/workspace/ros_ws/install/bringup' for CMake config files
[0.206s] Level 1:colcon.colcon_core.shell:create_environment_hook('bringup', 'cmake_prefix_path')
[0.206s] INFO:colcon.colcon_core.shell:Creating environment hook '/workspace/ros_ws/install/bringup/share/bringup/hook/cmake_prefix_path.ps1'
[0.207s] INFO:colcon.colcon_core.shell:Creating environment descriptor '/workspace/ros_ws/install/bringup/share/bringup/hook/cmake_prefix_path.dsv'
[0.207s] INFO:colcon.colcon_core.shell:Creating environment hook '/workspace/ros_ws/install/bringup/share/bringup/hook/cmake_prefix_path.sh'
[0.207s] Level 1:colcon.colcon_core.environment:checking '/workspace/ros_ws/install/bringup/bin'
[0.207s] Level 1:colcon.colcon_core.environment:checking '/workspace/ros_ws/install/bringup/lib/pkgconfig/bringup.pc'
[0.208s] Level 1:colcon.colcon_core.environment:checking '/workspace/ros_ws/install/bringup/lib/python3.12/site-packages'
[0.208s] Level 1:colcon.colcon_core.environment:checking '/workspace/ros_ws/install/bringup/bin'
[0.208s] INFO:colcon.colcon_core.shell:Creating package script '/workspace/ros_ws/install/bringup/share/bringup/package.ps1'
[0.208s] INFO:colcon.colcon_core.shell:Creating package descriptor '/workspace/ros_ws/install/bringup/share/bringup/package.dsv'
[0.208s] INFO:colcon.colcon_core.shell:Creating package script '/workspace/ros_ws/install/bringup/share/bringup/package.sh'
[0.209s] INFO:colcon.colcon_core.shell:Creating package script '/workspace/ros_ws/install/bringup/share/bringup/package.bash'
[0.209s] INFO:colcon.colcon_core.shell:Creating package script '/workspace/ros_ws/install/bringup/share/bringup/package.zsh'
[0.209s] Level 1:colcon.colcon_core.environment:create_file_with_runtime_dependencies(/workspace/ros_ws/install/bringup/share/colcon-core/packages/bringup)
[0.210s] DEBUG:colcon.colcon_core.event_handler.log_command:Invoked command in '/workspace/ros_ws/build/hmi_bridge' returned '0': CMAKE_PREFIX_PATH=${CMAKE_PREFIX_PATH}:/opt/ros/jazzy /usr/bin/cmake --build /workspace/ros_ws/build/hmi_bridge -- -j20 -l20
[0.210s] DEBUG:colcon.colcon_core.event_handler.log_command:Invoking command in '/workspace/ros_ws/build/hmi_bridge': CMAKE_PREFIX_PATH=${CMAKE_PREFIX_PATH}:/opt/ros/jazzy /usr/bin/cmake --install /workspace/ros_ws/build/hmi_bridge
[0.211s] DEBUG:colcon.colcon_core.event_handler.log_command:Invoked command in '/workspace/ros_ws/build/controller' returned '0': CMAKE_PREFIX_PATH=${CMAKE_PREFIX_PATH}:/opt/ros/jazzy /usr/bin/cmake --build /workspace/ros_ws/build/controller -- -j20 -l20
[0.211s] DEBUG:colcon.colcon_core.event_handler.log_command:Invoking command in '/workspace/ros_ws/build/controller': CMAKE_PREFIX_PATH=${CMAKE_PREFIX_PATH}:/opt/ros/jazzy /usr/bin/cmake --install /workspace/ros_ws/build/controller
[0.216s] Level 1:colcon.colcon_core.environment:create_environment_scripts_only(hmi_bridge)
[0.216s] Level 1:colcon.colcon_core.environment:checking '/workspace/ros_ws/install/hmi_bridge' for CMake module files
[0.216s] DEBUG:colcon.colcon_core.event_handler.log_command:Invoked command in '/workspace/ros_ws/build/hmi_bridge' returned '0': CMAKE_PREFIX_PATH=${CMAKE_PREFIX_PATH}:/opt/ros/jazzy /usr/bin/cmake --install /workspace/ros_ws/build/hmi_bridge
[0.216s] Level 1:colcon.colcon_core.environment:checking '/workspace/ros_ws/install/hmi_bridge' for CMake config files
[0.216s] Level 1:colcon.colcon_core.shell:create_environment_hook('hmi_bridge', 'cmake_prefix_path')
[0.217s] INFO:colcon.colcon_core.shell:Creating environment hook '/workspace/ros_ws/install/hmi_bridge/share/hmi_bridge/hook/cmake_prefix_path.ps1'
[0.217s] INFO:colcon.colcon_core.shell:Creating environment descriptor '/workspace/ros_ws/install/hmi_bridge/share/hmi_bridge/hook/cmake_prefix_path.dsv'
[0.217s] INFO:colcon.colcon_core.shell:Creating environment hook '/workspace/ros_ws/install/hmi_bridge/share/hmi_bridge/hook/cmake_prefix_path.sh'
[0.217s] Level 1:colcon.colcon_core.environment:checking '/workspace/ros_ws/install/hmi_bridge/lib'
[0.217s] Level 1:colcon.colcon_core.environment:checking '/workspace/ros_ws/install/hmi_bridge/bin'
[0.218s] Level 1:colcon.colcon_core.environment:checking '/workspace/ros_ws/install/hmi_bridge/lib/pkgconfig/hmi_bridge.pc'
[0.218s] Level 1:colcon.colcon_core.environment:checking '/workspace/ros_ws/install/hmi_bridge/lib/python3.12/site-packages'
[0.218s] Level 1:colcon.colcon_core.environment:checking '/workspace/ros_ws/install/hmi_bridge/bin'
[0.218s] INFO:colcon.colcon_core.shell:Creating package script '/workspace/ros_ws/install/hmi_bridge/share/hmi_bridge/package.ps1'
[0.218s] INFO:colcon.colcon_core.shell:Creating package descriptor '/workspace/ros_ws/install/hmi_bridge/share/hmi_bridge/package.dsv'
[0.218s] INFO:colcon.colcon_core.shell:Creating package script '/workspace/ros_ws/install/hmi_bridge/share/hmi_bridge/package.sh'
[0.219s] INFO:colcon.colcon_core.shell:Creating package script '/workspace/ros_ws/install/hmi_bridge/share/hmi_bridge/package.bash'
[0.219s] INFO:colcon.colcon_core.shell:Creating package script '/workspace/ros_ws/install/hmi_bridge/share/hmi_bridge/package.zsh'
[0.219s] Level 1:colcon.colcon_core.environment:create_file_with_runtime_dependencies(/workspace/ros_ws/install/hmi_bridge/share/colcon-core/packages/hmi_bridge)
[0.219s] Level 1:colcon.colcon_core.environment:create_environment_scripts_only(hmi_bridge)
[0.219s] Level 1:colcon.colcon_core.environment:checking '/workspace/ros_ws/install/hmi_bridge' for CMake module files
[0.219s] Level 1:colcon.colcon_core.environment:checking '/workspace/ros_ws/install/hmi_bridge' for CMake config files
[0.220s] Level 1:colcon.colcon_core.shell:create_environment_hook('hmi_bridge', 'cmake_prefix_path')
[0.220s] INFO:colcon.colcon_core.shell:Creating environment hook '/workspace/ros_ws/install/hmi_bridge/share/hmi_bridge/hook/cmake_prefix_path.ps1'
[0.220s] INFO:colcon.colcon_core.shell:Creating environment descriptor '/workspace/ros_ws/install/hmi_bridge/share/hmi_bridge/hook/cmake_prefix_path.dsv'
[0.220s] INFO:colcon.colcon_core.shell:Creating environment hook '/workspace/ros_ws/install/hmi_bridge/share/hmi_bridge/hook/cmake_prefix_path.sh'
[0.220s] Level 1:colcon.colcon_core.environment:checking '/workspace/ros_ws/install/hmi_bridge/lib'
[0.220s] Level 1:colcon.colcon_core.environment:checking '/workspace/ros_ws/install/hmi_bridge/bin'
[0.220s] Level 1:colcon.colcon_core.environment:checking '/workspace/ros_ws/install/hmi_bridge/lib/pkgconfig/hmi_bridge.pc'
[0.220s] Level 1:colcon.colcon_core.environment:checking '/workspace/ros_ws/install/hmi_bridge/lib/python3.12/site-packages'
[0.221s] Level 1:colcon.colcon_core.environment:checking '/workspace/ros_ws/install/hmi_bridge/bin'
[0.221s] INFO:colcon.colcon_core.shell:Creating package script '/workspace/ros_ws/install/hmi_bridge/share/hmi_bridge/package.ps1'
[0.221s] INFO:colcon.colcon_core.shell:Creating package descriptor '/workspace/ros_ws/install/hmi_bridge/share/hmi_bridge/package.dsv'
[0.221s] INFO:colcon.colcon_core.shell:Creating package script '/workspace/ros_ws/install/hmi_bridge/share/hmi_bridge/package.sh'
[0.221s] INFO:colcon.colcon_core.shell:Creating package script '/workspace/ros_ws/install/hmi_bridge/share/hmi_bridge/package.bash'
[0.222s] INFO:colcon.colcon_core.shell:Creating package script '/workspace/ros_ws/install/hmi_bridge/share/hmi_bridge/package.zsh'
[0.222s] Level 1:colcon.colcon_core.environment:create_file_with_runtime_dependencies(/workspace/ros_ws/install/hmi_bridge/share/colcon-core/packages/hmi_bridge)
[0.222s] Level 1:colcon.colcon_core.environment:create_environment_scripts_only(controller)
[0.222s] Level 1:colcon.colcon_core.environment:checking '/workspace/ros_ws/install/controller' for CMake module files
[0.223s] DEBUG:colcon.colcon_core.event_handler.log_command:Invoked command in '/workspace/ros_ws/build/controller' returned '0': CMAKE_PREFIX_PATH=${CMAKE_PREFIX_PATH}:/opt/ros/jazzy /usr/bin/cmake --install /workspace/ros_ws/build/controller
[0.223s] Level 1:colcon.colcon_core.environment:checking '/workspace/ros_ws/install/controller' for CMake config files
[0.223s] Level 1:colcon.colcon_core.shell:create_environment_hook('controller', 'cmake_prefix_path')
[0.224s] INFO:colcon.colcon_core.shell:Creating environment hook '/workspace/ros_ws/install/controller/share/controller/hook/cmake_prefix_path.ps1'
[0.224s] INFO:colcon.colcon_core.shell:Creating environment descriptor '/workspace/ros_ws/install/controller/share/controller/hook/cmake_prefix_path.dsv'
[0.224s] INFO:colcon.colcon_core.shell:Creating environment hook '/workspace/ros_ws/install/controller/share/controller/hook/cmake_prefix_path.sh'
[0.224s] Level 1:colcon.colcon_core.environment:checking '/workspace/ros_ws/install/controller/lib'
[0.224s] Level 1:colcon.colcon_core.environment:checking '/workspace/ros_ws/install/controller/bin'
[0.224s] Level 1:colcon.colcon_core.environment:checking '/workspace/ros_ws/install/controller/lib/pkgconfig/controller.pc'
[0.225s] Level 1:colcon.colcon_core.environment:checking '/workspace/ros_ws/install/controller/lib/python3.12/site-packages'
[0.225s] Level 1:colcon.colcon_core.environment:checking '/workspace/ros_ws/install/controller/bin'
[0.225s] INFO:colcon.colcon_core.shell:Creating package script '/workspace/ros_ws/install/controller/share/controller/package.ps1'
[0.225s] INFO:colcon.colcon_core.shell:Creating package descriptor '/workspace/ros_ws/install/controller/share/controller/package.dsv'
[0.225s] INFO:colcon.colcon_core.shell:Creating package script '/workspace/ros_ws/install/controller/share/controller/package.sh'
[0.225s] INFO:colcon.colcon_core.shell:Creating package script '/workspace/ros_ws/install/controller/share/controller/package.bash'
[0.226s] INFO:colcon.colcon_core.shell:Creating package script '/workspace/ros_ws/install/controller/share/controller/package.zsh'
[0.226s] Level 1:colcon.colcon_core.environment:create_file_with_runtime_dependencies(/workspace/ros_ws/install/controller/share/colcon-core/packages/controller)
[0.226s] Level 1:colcon.colcon_core.environment:create_environment_scripts_only(controller)
[0.226s] Level 1:colcon.colcon_core.environment:checking '/workspace/ros_ws/install/controller' for CMake module files
[0.226s] Level 1:colcon.colcon_core.environment:checking '/workspace/ros_ws/install/controller' for CMake config files
[0.226s] Level 1:colcon.colcon_core.shell:create_environment_hook('controller', 'cmake_prefix_path')
[0.226s] INFO:colcon.colcon_core.shell:Creating environment hook '/workspace/ros_ws/install/controller/share/controller/hook/cmake_prefix_path.ps1'
[0.227s] INFO:colcon.colcon_core.shell:Creating environment descriptor '/workspace/ros_ws/install/controller/share/controller/hook/cmake_prefix_path.dsv'
[0.227s] INFO:colcon.colcon_core.shell:Creating environment hook '/workspace/ros_ws/install/controller/share/controller/hook/cmake_prefix_path.sh'
[0.227s] Level 1:colcon.colcon_core.environment:checking '/workspace/ros_ws/install/controller/lib'
[0.227s] Level 1:colcon.colcon_core.environment:checking '/workspace/ros_ws/install/controller/bin'
[0.227s] Level 1:colcon.colcon_core.environment:checking '/workspace/ros_ws/install/controller/lib/pkgconfig/controller.pc'
[0.227s] Level 1:colcon.colcon_core.environment:checking '/workspace/ros_ws/install/controller/lib/python3.12/site-packages'
[0.227s] Level 1:colcon.colcon_core.environment:checking '/workspace/ros_ws/install/controller/bin'
[0.228s] INFO:colcon.colcon_core.shell:Creating package script '/workspace/ros_ws/install/controller/share/controller/package.ps1'
[0.228s] INFO:colcon.colcon_core.shell:Creating package descriptor '/workspace/ros_ws/install/controller/share/controller/package.dsv'
[0.228s] INFO:colcon.colcon_core.shell:Creating package script '/workspace/ros_ws/install/controller/share/controller/package.sh'
[0.228s] INFO:colcon.colcon_core.shell:Creating package script '/workspace/ros_ws/install/controller/share/controller/package.bash'
[0.228s] INFO:colcon.colcon_core.shell:Creating package script '/workspace/ros_ws/install/controller/share/controller/package.zsh'
[0.229s] Level 1:colcon.colcon_core.environment:create_file_with_runtime_dependencies(/workspace/ros_ws/install/controller/share/colcon-core/packages/controller)
[0.229s] DEBUG:colcon.colcon_parallel_executor.executor.parallel:closing loop
[0.229s] DEBUG:colcon.colcon_parallel_executor.executor.parallel:loop closed
[0.229s] DEBUG:colcon.colcon_parallel_executor.executor.parallel:run_until_complete finished with '0'
[0.229s] DEBUG:colcon.colcon_core.event_reactor:joining thread
[0.232s] INFO:colcon.colcon_core.plugin_system:Skipping extension 'colcon_notification.desktop_notification.notify_send': Could not find 'notify-send'
[0.232s] INFO:colcon.colcon_core.plugin_system:Skipping extension 'colcon_notification.desktop_notification.terminal_notifier': Not used on non-Darwin systems
[0.232s] INFO:colcon.colcon_core.plugin_system:Skipping extension 'colcon_notification.desktop_notification.win32': Not used on non-Windows systems
[0.232s] INFO:colcon.colcon_notification.desktop_notification:Sending desktop notification using 'notify2'
[0.232s] DEBUG:colcon.colcon_notification.desktop_notification.notify2:Failed to initialize notify2: org.freedesktop.DBus.Error.NotSupported: Unable to autolaunch a dbus-daemon without a $DISPLAY for X11
[0.232s] DEBUG:colcon.colcon_core.event_reactor:joined thread
[0.232s] INFO:colcon.colcon_core.shell:Creating prefix script '/workspace/ros_ws/install/local_setup.ps1'
[0.233s] INFO:colcon.colcon_core.shell:Creating prefix util module '/workspace/ros_ws/install/_local_setup_util_ps1.py'
[0.233s] INFO:colcon.colcon_core.shell:Creating prefix chain script '/workspace/ros_ws/install/setup.ps1'
[0.234s] INFO:colcon.colcon_core.shell:Creating prefix script '/workspace/ros_ws/install/local_setup.sh'
[0.234s] INFO:colcon.colcon_core.shell:Creating prefix util module '/workspace/ros_ws/install/_local_setup_util_sh.py'
[0.234s] INFO:colcon.colcon_core.shell:Creating prefix chain script '/workspace/ros_ws/install/setup.sh'
[0.235s] INFO:colcon.colcon_core.shell:Creating prefix script '/workspace/ros_ws/install/local_setup.bash'
[0.235s] INFO:colcon.colcon_core.shell:Creating prefix chain script '/workspace/ros_ws/install/setup.bash'
[0.235s] INFO:colcon.colcon_core.shell:Creating prefix script '/workspace/ros_ws/install/local_setup.zsh'
[0.236s] INFO:colcon.colcon_core.shell:Creating prefix chain script '/workspace/ros_ws/install/setup.zsh'
