[0.000000] (-) TimerEvent: {}
[0.000131] (bringup) JobQueued: {'identifier': 'bringup', 'dependencies': OrderedDict()}
[0.000287] (controller) JobQueued: {'identifier': 'controller', 'dependencies': OrderedDict()}
[0.000425] (hmi_bridge) JobQueued: {'identifier': 'hmi_bridge', 'dependencies': OrderedDict()}
[0.000455] (simulator) JobQueued: {'identifier': 'simulator', 'dependencies': OrderedDict()}
[0.000474] (bringup) JobStarted: {'identifier': 'bringup'}
[0.004776] (controller) JobStarted: {'identifier': 'controller'}
[0.006171] (hmi_bridge) JobStarted: {'identifier': 'hmi_bridge'}
[0.007797] (simulator) JobStarted: {'identifier': 'simulator'}
[0.009766] (bringup) JobProgress: {'identifier': 'bringup', 'progress': 'cmake'}
[0.010015] (bringup) Command: {'cmd': ['/usr/bin/cmake', '/workspace/ros_ws/src/bringup', '-DCMAKE_INSTALL_PREFIX=/workspace/ros_ws/install/bringup'], 'cwd': '/workspace/ros_ws/build/bringup', 'env': OrderedDict({'NODE_VERSION': '24.11.1', 'HOSTNAME': '6df9dca69e16', 'SHLVL': '0', 'LD_LIBRARY_PATH': '/opt/ros/jazzy/opt/rviz_ogre_vendor/lib:/opt/ros/jazzy/lib/x86_64-linux-gnu:/opt/ros/jazzy/opt/gz_math_vendor/lib:/opt/ros/jazzy/opt/gz_utils_vendor/lib:/opt/ros/jazzy/opt/gz_cmake_vendor/lib:/opt/ros/jazzy/lib', 'HOME': '/home/ubuntu', 'OLDPWD': '/', 'ROS_PYTHON_VERSION': '3', 'LC_CTYPE': 'C.UTF-8', 'NVM_DIR': '/usr/local/nvm', 'ROS_DISTRO': 'jazzy', '_': '/usr/bin/colcon', 'ROS_VERSION': '2', 'PATH': '/opt/ros/jazzy/bin:/usr/local/nvm/versions/node/v24.11.1/bin:/usr/local/sbin:/usr/local/bin:/usr/sbin:/usr/bin:/sbin:/bin', 'AMENT_PREFIX_PATH': '/opt/ros/jazzy', 'NG_CLI_ANALYTICS': 'false', 'ROS_AUTOMATIC_DISCOVERY_RANGE': 'SUBNET', 'PWD': '/workspace/ros_ws/build/bringup', 'PYTHONPATH': '/opt/ros/jazzy/lib/python3.12/site-packages', 'COLCON': '1', 'CMAKE_PREFIX_PATH': '/opt/ros/jazzy/opt/gz_math_vendor:/opt/ros/jazzy/opt/gz_utils_vendor:/opt/ros/jazzy/opt/gz_cmake_vendor:/opt/ros/jazzy'}), 'shell': False}
[0.010901] (controller) JobProgress: {'identifier': 'controller', 'progress': 'cmake'}
[0.011013] (controller) JobProgress: {'identifier': 'controller', 'progress': 'build'}
[0.011334] (controller) Command: {'cmd': ['/usr/bin/cmake', '--build', '/workspace/ros_ws/build/controller', '--', '-j20', '-l20'], 'cwd': '/workspace/ros_ws/build/controller', 'env': OrderedDict({'NODE_VERSION': '24.11.1', 'HOSTNAME': '6df9dca69e16', 'SHLVL': '0', 'LD_LIBRARY_PATH': '/opt/ros/jazzy/opt/rviz_ogre_vendor/lib:/opt/ros/jazzy/lib/x86_64-linux-gnu:/opt/ros/jazzy/opt/gz_math_vendor/lib:/opt/ros/jazzy/opt/gz_utils_vendor/lib:/opt/ros/jazzy/opt/gz_cmake_vendor/lib:/opt/ros/jazzy/lib', 'HOME': '/home/ubuntu', 'OLDPWD': '/', 'ROS_PYTHON_VERSION': '3', 'LC_CTYPE': 'C.UTF-8', 'NVM_DIR': '/usr/local/nvm', 'ROS_DISTRO': 'jazzy', '_': '/usr/bin/colcon', 'ROS_VERSION': '2', 'PATH': '/opt/ros/jazzy/bin:/usr/local/nvm/versions/node/v24.11.1/bin:/usr/local/sbin:/usr/local/bin:/usr/sbin:/usr/bin:/sbin:/bin', 'AMENT_PREFIX_PATH': '/opt/ros/jazzy', 'NG_CLI_ANALYTICS': 'false', 'ROS_AUTOMATIC_DISCOVERY_RANGE': 'SUBNET', 'PWD': '/workspace/ros_ws/build/controller', 'PYTHONPATH': '/opt/ros/jazzy/lib/python3.12/site-packages', 'COLCON': '1', 'CMAKE_PREFIX_PATH': '/opt/ros/jazzy/opt/gz_math_vendor:/opt/ros/jazzy/opt/gz_utils_vendor:/opt/ros/jazzy/opt/gz_cmake_vendor:/opt/ros/jazzy'}), 'shell': False}
[0.012122] (hmi_bridge) JobProgress: {'identifier': 'hmi_bridge', 'progress': 'cmake'}
[0.012354] (hmi_bridge) JobProgress: {'identifier': 'hmi_bridge', 'progress': 'build'}
[0.012416] (hmi_bridge) Command: {'cmd': ['/usr/bin/cmake', '--build', '/workspace/ros_ws/build/hmi_bridge', '--', '-j20', '-l20'], 'cwd': '/workspace/ros_ws/build/hmi_bridge', 'env': OrderedDict({'NODE_VERSION': '24.11.1', 'HOSTNAME': '6df9dca69e16', 'SHLVL': '0', 'LD_LIBRARY_PATH': '/opt/ros/jazzy/opt/rviz_ogre_vendor/lib:/opt/ros/jazzy/lib/x86_64-linux-gnu:/opt/ros/jazzy/opt/gz_math_vendor/lib:/opt/ros/jazzy/opt/gz_utils_vendor/lib:/opt/ros/jazzy/opt/gz_cmake_vendor/lib:/opt/ros/jazzy/lib', 'HOME': '/home/ubuntu', 'OLDPWD': '/', 'ROS_PYTHON_VERSION': '3', 'LC_CTYPE': 'C.UTF-8', 'NVM_DIR': '/usr/local/nvm', 'ROS_DISTRO': 'jazzy', '_': '/usr/bin/colcon', 'ROS_VERSION': '2', 'PATH': '/opt/ros/jazzy/bin:/usr/local/nvm/versions/node/v24.11.1/bin:/usr/local/sbin:/usr/local/bin:/usr/sbin:/usr/bin:/sbin:/bin', 'AMENT_PREFIX_PATH': '/opt/ros/jazzy', 'NG_CLI_ANALYTICS': 'false', 'ROS_AUTOMATIC_DISCOVERY_RANGE': 'SUBNET', 'PWD': '/workspace/ros_ws/build/hmi_bridge', 'PYTHONPATH': '/opt/ros/jazzy/lib/python3.12/site-packages', 'COLCON': '1', 'CMAKE_PREFIX_PATH': '/opt/ros/jazzy/opt/gz_math_vendor:/opt/ros/jazzy/opt/gz_utils_vendor:/opt/ros/jazzy/opt/gz_cmake_vendor:/opt/ros/jazzy'}), 'shell': False}
[0.013454] (simulator) JobProgress: {'identifier': 'simulator', 'progress': 'cmake'}
[0.013517] (simulator) JobProgress: {'identifier': 'simulator', 'progress': 'build'}
[0.013644] (simulator) Command: {'cmd': ['/usr/bin/cmake', '--build', '/workspace/ros_ws/build/simulator', '--', '-j20', '-l20'], 'cwd': '/workspace/ros_ws/build/simulator', 'env': OrderedDict({'NODE_VERSION': '24.11.1', 'HOSTNAME': '6df9dca69e16', 'SHLVL': '0', 'LD_LIBRARY_PATH': '/opt/ros/jazzy/opt/rviz_ogre_vendor/lib:/opt/ros/jazzy/lib/x86_64-linux-gnu:/opt/ros/jazzy/opt/gz_math_vendor/lib:/opt/ros/jazzy/opt/gz_utils_vendor/lib:/opt/ros/jazzy/opt/gz_cmake_vendor/lib:/opt/ros/jazzy/lib', 'HOME': '/home/ubuntu', 'OLDPWD': '/', 'ROS_PYTHON_VERSION': '3', 'LC_CTYPE': 'C.UTF-8', 'NVM_DIR': '/usr/local/nvm', 'ROS_DISTRO': 'jazzy', '_': '/usr/bin/colcon', 'ROS_VERSION': '2', 'PATH': '/opt/ros/jazzy/bin:/usr/local/nvm/versions/node/v24.11.1/bin:/usr/local/sbin:/usr/local/bin:/usr/sbin:/usr/bin:/sbin:/bin', 'AMENT_PREFIX_PATH': '/opt/ros/jazzy', 'NG_CLI_ANALYTICS': 'false', 'ROS_AUTOMATIC_DISCOVERY_RANGE': 'SUBNET', 'PWD': '/workspace/ros_ws/build/simulator', 'PYTHONPATH': '/opt/ros/jazzy/lib/python3.12/site-packages', 'COLCON': '1', 'CMAKE_PREFIX_PATH': '/opt/ros/jazzy/opt/gz_math_vendor:/opt/ros/jazzy/opt/gz_utils_vendor:/opt/ros/jazzy/opt/gz_cmake_vendor:/opt/ros/jazzy'}), 'shell': False}
[0.041505] (simulator) CommandEnded: {'returncode': 0}
[0.041913] (simulator) JobProgress: {'identifier': 'simulator', 'progress': 'install'}
[0.047421] (simulator) Command: {'cmd': ['/usr/bin/cmake', '--install', '/workspace/ros_ws/build/simulator'], 'cwd': '/workspace/ros_ws/build/simulator', 'env': OrderedDict({'NODE_VERSION': '24.11.1', 'HOSTNAME': '6df9dca69e16', 'SHLVL': '0', 'LD_LIBRARY_PATH': '/opt/ros/jazzy/opt/rviz_ogre_vendor/lib:/opt/ros/jazzy/lib/x86_64-linux-gnu:/opt/ros/jazzy/opt/gz_math_vendor/lib:/opt/ros/jazzy/opt/gz_utils_vendor/lib:/opt/ros/jazzy/opt/gz_cmake_vendor/lib:/opt/ros/jazzy/lib', 'HOME': '/home/ubuntu', 'OLDPWD': '/', 'ROS_PYTHON_VERSION': '3', 'LC_CTYPE': 'C.UTF-8', 'NVM_DIR': '/usr/local/nvm', 'ROS_DISTRO': 'jazzy', '_': '/usr/bin/colcon', 'ROS_VERSION': '2', 'PATH': '/opt/ros/jazzy/bin:/usr/local/nvm/versions/node/v24.11.1/bin:/usr/local/sbin:/usr/local/bin:/usr/sbin:/usr/bin:/sbin:/bin', 'AMENT_PREFIX_PATH': '/opt/ros/jazzy', 'NG_CLI_ANALYTICS': 'false', 'ROS_AUTOMATIC_DISCOVERY_RANGE': 'SUBNET', 'PWD': '/workspace/ros_ws/build/simulator', 'PYTHONPATH': '/opt/ros/jazzy/lib/python3.12/site-packages', 'COLCON': '1', 'CMAKE_PREFIX_PATH': '/opt/ros/jazzy/opt/gz_math_vendor:/opt/ros/jazzy/opt/gz_utils_vendor:/opt/ros/jazzy/opt/gz_cmake_vendor:/opt/ros/jazzy'}), 'shell': False}
[0.050012] (hmi_bridge) StdoutLine: {'line': b'[100%] Built target hmi_bridge\n'}
[0.052883] (simulator) StdoutLine: {'line': b'-- Install configuration: ""\n'}
[0.053169] (simulator) StdoutLine: {'line': b'-- Up-to-date: /workspace/ros_ws/install/simulator/share/simulator//launch\n'}
[0.053252] (simulator) StdoutLine: {'line': b'-- Up-to-date: /workspace/ros_ws/install/simulator/share/simulator//launch/launch.xml\n'}
[0.053325] (simulator) StdoutLine: {'line': b'-- Up-to-date: /workspace/ros_ws/install/simulator/share/simulator//launch/gz_bridge_config.yaml\n'}
[0.053395] (simulator) StdoutLine: {'line': b'-- Up-to-date: /workspace/ros_ws/install/simulator/share/simulator//gazebo\n'}
[0.053463] (simulator) StdoutLine: {'line': b'-- Up-to-date: /workspace/ros_ws/install/simulator/share/simulator//gazebo/plane.xml\n'}
[0.053538] (simulator) StdoutLine: {'line': b'-- Up-to-date: /workspace/ros_ws/install/simulator/share/ament_index/resource_index/package_run_dependencies/simulator\n'}
[0.053611] (simulator) StdoutLine: {'line': b'-- Up-to-date: /workspace/ros_ws/install/simulator/share/ament_index/resource_index/parent_prefix_path/simulator\n'}
[0.053681] (simulator) StdoutLine: {'line': b'-- Up-to-date: /workspace/ros_ws/install/simulator/share/simulator/environment/ament_prefix_path.sh\n'}
[0.053787] (simulator) StdoutLine: {'line': b'-- Up-to-date: /workspace/ros_ws/install/simulator/share/simulator/environment/ament_prefix_path.dsv\n'}
[0.053883] (simulator) StdoutLine: {'line': b'-- Up-to-date: /workspace/ros_ws/install/simulator/share/simulator/environment/path.sh\n'}
[0.054197] (simulator) StdoutLine: {'line': b'-- Up-to-date: /workspace/ros_ws/install/simulator/share/simulator/environment/path.dsv\n'}
[0.054299] (simulator) StdoutLine: {'line': b'-- Up-to-date: /workspace/ros_ws/install/simulator/share/simulator/local_setup.bash\n'}
[0.054432] (simulator) StdoutLine: {'line': b'-- Up-to-date: /workspace/ros_ws/install/simulator/share/simulator/local_setup.sh\n'}
[0.054507] (simulator) StdoutLine: {'line': b'-- Up-to-date: /workspace/ros_ws/install/simulator/share/simulator/local_setup.zsh\n'}
[0.054740] (simulator) StdoutLine: {'line': b'-- Up-to-date: /workspace/ros_ws/install/simulator/share/simulator/local_setup.dsv\n'}
[0.054825] (simulator) StdoutLine: {'line': b'-- Up-to-date: /workspace/ros_ws/install/simulator/share/simulator/package.dsv\n'}
[0.054968] (simulator) StdoutLine: {'line': b'-- Up-to-date: /workspace/ros_ws/install/simulator/share/ament_index/resource_index/packages/simulator\n'}
[0.055038] (simulator) StdoutLine: {'line': b'-- Up-to-date: /workspace/ros_ws/install/simulator/share/simulator/cmake/simulatorConfig.cmake\n'}
[0.055250] (simulator) StdoutLine: {'line': b'-- Up-to-date: /workspace/ros_ws/install/simulator/share/simulator/cmake/simulatorConfig-version.cmake\n'}
[0.055365] (simulator) StdoutLine: {'line': b'-- Up-to-date: /workspace/ros_ws/install/simulator/share/simulator/package.xml\n'}
[0.055446] (simulator) CommandEnded: {'returncode': 0}
[0.067960] (simulator) JobEnded: {'identifier': 'simulator', 'rc': 0}
[0.068539] (bringup) StdoutLine: {'line': b'-- The C compiler identification is GNU 13.3.0\n'}
[0.068903] (controller) StdoutLine: {'line': b'[100%] Built target controller\n'}
[0.068992] (hmi_bridge) CommandEnded: {'returncode': 0}
[0.069250] (hmi_bridge) JobProgress: {'identifier': 'hmi_bridge', 'progress': 'install'}
[0.069269] (hmi_bridge) Command: {'cmd': ['/usr/bin/cmake', '--install', '/workspace/ros_ws/build/hmi_bridge'], 'cwd': '/workspace/ros_ws/build/hmi_bridge', 'env': OrderedDict({'NODE_VERSION': '24.11.1', 'HOSTNAME': '6df9dca69e16', 'SHLVL': '0', 'LD_LIBRARY_PATH': '/opt/ros/jazzy/opt/rviz_ogre_vendor/lib:/opt/ros/jazzy/lib/x86_64-linux-gnu:/opt/ros/jazzy/opt/gz_math_vendor/lib:/opt/ros/jazzy/opt/gz_utils_vendor/lib:/opt/ros/jazzy/opt/gz_cmake_vendor/lib:/opt/ros/jazzy/lib', 'HOME': '/home/ubuntu', 'OLDPWD': '/', 'ROS_PYTHON_VERSION': '3', 'LC_CTYPE': 'C.UTF-8', 'NVM_DIR': '/usr/local/nvm', 'ROS_DISTRO': 'jazzy', '_': '/usr/bin/colcon', 'ROS_VERSION': '2', 'PATH': '/opt/ros/jazzy/bin:/usr/local/nvm/versions/node/v24.11.1/bin:/usr/local/sbin:/usr/local/bin:/usr/sbin:/usr/bin:/sbin:/bin', 'AMENT_PREFIX_PATH': '/opt/ros/jazzy', 'NG_CLI_ANALYTICS': 'false', 'ROS_AUTOMATIC_DISCOVERY_RANGE': 'SUBNET', 'PWD': '/workspace/ros_ws/build/hmi_bridge', 'PYTHONPATH': '/opt/ros/jazzy/lib/python3.12/site-packages', 'COLCON': '1', 'CMAKE_PREFIX_PATH': '/opt/ros/jazzy/opt/gz_math_vendor:/opt/ros/jazzy/opt/gz_utils_vendor:/opt/ros/jazzy/opt/gz_cmake_vendor:/opt/ros/jazzy'}), 'shell': False}
[0.069427] (controller) CommandEnded: {'returncode': 0}
[0.069801] (controller) JobProgress: {'identifier': 'controller', 'progress': 'install'}
[0.069819] (controller) Command: {'cmd': ['/usr/bin/cmake', '--install', '/workspace/ros_ws/build/controller'], 'cwd': '/workspace/ros_ws/build/controller', 'env': OrderedDict({'NODE_VERSION': '24.11.1', 'HOSTNAME': '6df9dca69e16', 'SHLVL': '0', 'LD_LIBRARY_PATH': '/opt/ros/jazzy/opt/rviz_ogre_vendor/lib:/opt/ros/jazzy/lib/x86_64-linux-gnu:/opt/ros/jazzy/opt/gz_math_vendor/lib:/opt/ros/jazzy/opt/gz_utils_vendor/lib:/opt/ros/jazzy/opt/gz_cmake_vendor/lib:/opt/ros/jazzy/lib', 'HOME': '/home/ubuntu', 'OLDPWD': '/', 'ROS_PYTHON_VERSION': '3', 'LC_CTYPE': 'C.UTF-8', 'NVM_DIR': '/usr/local/nvm', 'ROS_DISTRO': 'jazzy', '_': '/usr/bin/colcon', 'ROS_VERSION': '2', 'PATH': '/opt/ros/jazzy/bin:/usr/local/nvm/versions/node/v24.11.1/bin:/usr/local/sbin:/usr/local/bin:/usr/sbin:/usr/bin:/sbin:/bin', 'AMENT_PREFIX_PATH': '/opt/ros/jazzy', 'NG_CLI_ANALYTICS': 'false', 'ROS_AUTOMATIC_DISCOVERY_RANGE': 'SUBNET', 'PWD': '/workspace/ros_ws/build/controller', 'PYTHONPATH': '/opt/ros/jazzy/lib/python3.12/site-packages', 'COLCON': '1', 'CMAKE_PREFIX_PATH': '/opt/ros/jazzy/opt/gz_math_vendor:/opt/ros/jazzy/opt/gz_utils_vendor:/opt/ros/jazzy/opt/gz_cmake_vendor:/opt/ros/jazzy'}), 'shell': False}
[0.074213] (hmi_bridge) StdoutLine: {'line': b'-- Install configuration: "Release"\n'}
[0.074748] (hmi_bridge) StdoutLine: {'line': b'-- Up-to-date: /workspace/ros_ws/install/hmi_bridge/lib/hmi_bridge/hmi_bridge\n'}
[0.074893] (hmi_bridge) StdoutLine: {'line': b'-- Up-to-date: /workspace/ros_ws/install/hmi_bridge/share/hmi_bridge//launch\n'}
[0.074964] (hmi_bridge) StdoutLine: {'line': b'-- Installing: /workspace/ros_ws/install/hmi_bridge/share/hmi_bridge//launch/launch.xml\n'}
[0.075068] (hmi_bridge) StdoutLine: {'line': b'-- Up-to-date: /workspace/ros_ws/install/hmi_bridge/share/ament_index/resource_index/package_run_dependencies/hmi_bridge\n'}
[0.075109] (hmi_bridge) StdoutLine: {'line': b'-- Up-to-date: /workspace/ros_ws/install/hmi_bridge/share/ament_index/resource_index/parent_prefix_path/hmi_bridge\n'}
[0.075141] (hmi_bridge) StdoutLine: {'line': b'-- Up-to-date: /workspace/ros_ws/install/hmi_bridge/share/hmi_bridge/environment/ament_prefix_path.sh\n'}
[0.075170] (hmi_bridge) StdoutLine: {'line': b'-- Up-to-date: /workspace/ros_ws/install/hmi_bridge/share/hmi_bridge/environment/ament_prefix_path.dsv\n'}
[0.075200] (hmi_bridge) StdoutLine: {'line': b'-- Up-to-date: /workspace/ros_ws/install/hmi_bridge/share/hmi_bridge/environment/path.sh\n'}
[0.075228] (hmi_bridge) StdoutLine: {'line': b'-- Up-to-date: /workspace/ros_ws/install/hmi_bridge/share/hmi_bridge/environment/path.dsv\n'}
[0.075257] (hmi_bridge) StdoutLine: {'line': b'-- Up-to-date: /workspace/ros_ws/install/hmi_bridge/share/hmi_bridge/local_setup.bash\n'}
[0.075286] (hmi_bridge) StdoutLine: {'line': b'-- Up-to-date: /workspace/ros_ws/install/hmi_bridge/share/hmi_bridge/local_setup.sh\n'}
[0.075313] (hmi_bridge) StdoutLine: {'line': b'-- Up-to-date: /workspace/ros_ws/install/hmi_bridge/share/hmi_bridge/local_setup.zsh\n'}
[0.075341] (hmi_bridge) StdoutLine: {'line': b'-- Up-to-date: /workspace/ros_ws/install/hmi_bridge/share/hmi_bridge/local_setup.dsv\n'}
[0.075369] (hmi_bridge) StdoutLine: {'line': b'-- Installing: /workspace/ros_ws/install/hmi_bridge/share/hmi_bridge/package.dsv\n'}
[0.075398] (hmi_bridge) StdoutLine: {'line': b'-- Up-to-date: /workspace/ros_ws/install/hmi_bridge/share/ament_index/resource_index/packages/hmi_bridge\n'}
[0.075425] (hmi_bridge) StdoutLine: {'line': b'-- Up-to-date: /workspace/ros_ws/install/hmi_bridge/share/hmi_bridge/cmake/hmi_bridgeConfig.cmake\n'}
[0.075474] (hmi_bridge) StdoutLine: {'line': b'-- Up-to-date: /workspace/ros_ws/install/hmi_bridge/share/hmi_bridge/cmake/hmi_bridgeConfig-version.cmake\n'}
[0.075508] (hmi_bridge) StdoutLine: {'line': b'-- Up-to-date: /workspace/ros_ws/install/hmi_bridge/share/hmi_bridge/package.xml\n'}
[0.075817] (hmi_bridge) CommandEnded: {'returncode': 0}
[0.085332] (hmi_bridge) JobEnded: {'identifier': 'hmi_bridge', 'rc': 0}
[0.085891] (controller) StdoutLine: {'line': b'-- Install configuration: "Release"\n'}
[0.086013] (controller) StdoutLine: {'line': b'-- Up-to-date: /workspace/ros_ws/install/controller/lib/controller/controller\n'}
[0.086059] (controller) StdoutLine: {'line': b'-- Up-to-date: /workspace/ros_ws/install/controller/share/controller//launch\n'}
[0.086090] (controller) StdoutLine: {'line': b'-- Up-to-date: /workspace/ros_ws/install/controller/share/controller//launch/launch.xml\n'}
[0.086120] (controller) StdoutLine: {'line': b'-- Up-to-date: /workspace/ros_ws/install/controller/share/ament_index/resource_index/package_run_dependencies/controller\n'}
[0.086148] (controller) StdoutLine: {'line': b'-- Up-to-date: /workspace/ros_ws/install/controller/share/ament_index/resource_index/parent_prefix_path/controller\n'}
[0.086182] (controller) StdoutLine: {'line': b'-- Up-to-date: /workspace/ros_ws/install/controller/share/controller/environment/ament_prefix_path.sh\n'}
[0.086211] (controller) StdoutLine: {'line': b'-- Up-to-date: /workspace/ros_ws/install/controller/share/controller/environment/ament_prefix_path.dsv\n'}
[0.086239] (controller) StdoutLine: {'line': b'-- Up-to-date: /workspace/ros_ws/install/controller/share/controller/environment/path.sh\n'}
[0.086269] (controller) StdoutLine: {'line': b'-- Up-to-date: /workspace/ros_ws/install/controller/share/controller/environment/path.dsv\n'}
[0.086297] (controller) StdoutLine: {'line': b'-- Up-to-date: /workspace/ros_ws/install/controller/share/controller/local_setup.bash\n'}
[0.086325] (controller) StdoutLine: {'line': b'-- Up-to-date: /workspace/ros_ws/install/controller/share/controller/local_setup.sh\n'}
[0.086354] (controller) StdoutLine: {'line': b'-- Up-to-date: /workspace/ros_ws/install/controller/share/controller/local_setup.zsh\n'}
[0.086381] (controller) StdoutLine: {'line': b'-- Up-to-date: /workspace/ros_ws/install/controller/share/controller/local_setup.dsv\n'}
[0.086408] (controller) StdoutLine: {'line': b'-- Installing: /workspace/ros_ws/install/controller/share/controller/package.dsv\n'}
[0.086436] (controller) StdoutLine: {'line': b'-- Up-to-date: /workspace/ros_ws/install/controller/share/ament_index/resource_index/packages/controller\n'}
[0.086464] (controller) StdoutLine: {'line': b'-- Up-to-date: /workspace/ros_ws/install/controller/share/controller/cmake/controllerConfig.cmake\n'}
[0.086493] (controller) StdoutLine: {'line': b'-- Up-to-date: /workspace/ros_ws/install/controller/share/controller/cmake/controllerConfig-version.cmake\n'}
[0.086520] (controller) StdoutLine: {'line': b'-- Up-to-date: /workspace/ros_ws/install/controller/share/controller/package.xml\n'}
[0.086547] (controller) CommandEnded: {'returncode': 0}
[0.091801] (controller) JobEnded: {'identifier': 'controller', 'rc': 0}
[0.094414] (bringup) StdoutLine: {'line': b'-- The CXX compiler identification is GNU 13.3.0\n'}
[0.099868] (-) TimerEvent: {}
[0.112044] (bringup) StdoutLine: {'line': b'-- Detecting C compiler ABI info\n'}
[0.200004] (-) TimerEvent: {}
[0.244456] (bringup) StdoutLine: {'line': b'-- Detecting C compiler ABI info - done\n'}
[0.250159] (bringup) StdoutLine: {'line': b'-- Check for working C compiler: /usr/bin/cc - skipped\n'}
[0.250368] (bringup) StdoutLine: {'line': b'-- Detecting C compile features\n'}
[0.250559] (bringup) StdoutLine: {'line': b'-- Detecting C compile features - done\n'}
[0.258256] (bringup) StdoutLine: {'line': b'-- Detecting CXX compiler ABI info\n'}
[0.300109] (-) TimerEvent: {}
[0.352607] (bringup) StdoutLine: {'line': b'-- Detecting CXX compiler ABI info - done\n'}
[0.358302] (bringup) StdoutLine: {'line': b'-- Check for working CXX compiler: /usr/bin/c++ - skipped\n'}
[0.358441] (bringup) StdoutLine: {'line': b'-- Detecting CXX compile features\n'}
[0.358869] (bringup) StdoutLine: {'line': b'-- Detecting CXX compile features - done\n'}
[0.361229] (bringup) StdoutLine: {'line': b'-- Found ament_cmake: 2.5.4 (/opt/ros/jazzy/share/ament_cmake/cmake)\n'}
[0.400288] (-) TimerEvent: {}
[0.493925] (bringup) StdoutLine: {'line': b'-- Found Python3: /usr/bin/python3 (found version "3.12.3") found components: Interpreter \n'}
[0.500402] (-) TimerEvent: {}
[0.600572] (-) TimerEvent: {}
[0.645062] (bringup) StdoutLine: {'line': b'-- Configuring done (0.6s)\n'}
[0.646394] (bringup) StdoutLine: {'line': b'-- Generating done (0.0s)\n'}
[0.647480] (bringup) StdoutLine: {'line': b'-- Build files have been written to: /workspace/ros_ws/build/bringup\n'}
[0.650449] (bringup) CommandEnded: {'returncode': 0}
[0.651013] (bringup) JobProgress: {'identifier': 'bringup', 'progress': 'build'}
[0.651281] (bringup) Command: {'cmd': ['/usr/bin/cmake', '--build', '/workspace/ros_ws/build/bringup', '--', '-j20', '-l20'], 'cwd': '/workspace/ros_ws/build/bringup', 'env': OrderedDict({'NODE_VERSION': '24.11.1', 'HOSTNAME': '6df9dca69e16', 'SHLVL': '0', 'LD_LIBRARY_PATH': '/opt/ros/jazzy/opt/rviz_ogre_vendor/lib:/opt/ros/jazzy/lib/x86_64-linux-gnu:/opt/ros/jazzy/opt/gz_math_vendor/lib:/opt/ros/jazzy/opt/gz_utils_vendor/lib:/opt/ros/jazzy/opt/gz_cmake_vendor/lib:/opt/ros/jazzy/lib', 'HOME': '/home/ubuntu', 'OLDPWD': '/', 'ROS_PYTHON_VERSION': '3', 'LC_CTYPE': 'C.UTF-8', 'NVM_DIR': '/usr/local/nvm', 'ROS_DISTRO': 'jazzy', '_': '/usr/bin/colcon', 'ROS_VERSION': '2', 'PATH': '/opt/ros/jazzy/bin:/usr/local/nvm/versions/node/v24.11.1/bin:/usr/local/sbin:/usr/local/bin:/usr/sbin:/usr/bin:/sbin:/bin', 'AMENT_PREFIX_PATH': '/opt/ros/jazzy', 'NG_CLI_ANALYTICS': 'false', 'ROS_AUTOMATIC_DISCOVERY_RANGE': 'SUBNET', 'PWD': '/workspace/ros_ws/build/bringup', 'PYTHONPATH': '/opt/ros/jazzy/lib/python3.12/site-packages', 'COLCON': '1', 'CMAKE_PREFIX_PATH': '/opt/ros/jazzy/opt/gz_math_vendor:/opt/ros/jazzy/opt/gz_utils_vendor:/opt/ros/jazzy/opt/gz_cmake_vendor:/opt/ros/jazzy'}), 'shell': False}
[0.674387] (bringup) CommandEnded: {'returncode': 0}
[0.674712] (bringup) JobProgress: {'identifier': 'bringup', 'progress': 'install'}
[0.674861] (bringup) Command: {'cmd': ['/usr/bin/cmake', '--install', '/workspace/ros_ws/build/bringup'], 'cwd': '/workspace/ros_ws/build/bringup', 'env': OrderedDict({'NODE_VERSION': '24.11.1', 'HOSTNAME': '6df9dca69e16', 'SHLVL': '0', 'LD_LIBRARY_PATH': '/opt/ros/jazzy/opt/rviz_ogre_vendor/lib:/opt/ros/jazzy/lib/x86_64-linux-gnu:/opt/ros/jazzy/opt/gz_math_vendor/lib:/opt/ros/jazzy/opt/gz_utils_vendor/lib:/opt/ros/jazzy/opt/gz_cmake_vendor/lib:/opt/ros/jazzy/lib', 'HOME': '/home/ubuntu', 'OLDPWD': '/', 'ROS_PYTHON_VERSION': '3', 'LC_CTYPE': 'C.UTF-8', 'NVM_DIR': '/usr/local/nvm', 'ROS_DISTRO': 'jazzy', '_': '/usr/bin/colcon', 'ROS_VERSION': '2', 'PATH': '/opt/ros/jazzy/bin:/usr/local/nvm/versions/node/v24.11.1/bin:/usr/local/sbin:/usr/local/bin:/usr/sbin:/usr/bin:/sbin:/bin', 'AMENT_PREFIX_PATH': '/opt/ros/jazzy', 'NG_CLI_ANALYTICS': 'false', 'ROS_AUTOMATIC_DISCOVERY_RANGE': 'SUBNET', 'PWD': '/workspace/ros_ws/build/bringup', 'PYTHONPATH': '/opt/ros/jazzy/lib/python3.12/site-packages', 'COLCON': '1', 'CMAKE_PREFIX_PATH': '/opt/ros/jazzy/opt/gz_math_vendor:/opt/ros/jazzy/opt/gz_utils_vendor:/opt/ros/jazzy/opt/gz_cmake_vendor:/opt/ros/jazzy'}), 'shell': False}
[0.681747] (bringup) StdoutLine: {'line': b'-- Install configuration: ""\n'}
[0.681872] (bringup) StdoutLine: {'line': b'-- Installing: /workspace/ros_ws/install/bringup/share/bringup//launch\n'}
[0.681940] (bringup) StdoutLine: {'line': b'-- Installing: /workspace/ros_ws/install/bringup/share/bringup//launch/launch.xml\n'}
[0.682016] (bringup) StdoutLine: {'line': b'-- Installing: /workspace/ros_ws/install/bringup/share/ament_index/resource_index/package_run_dependencies/bringup\n'}
[0.682112] (bringup) StdoutLine: {'line': b'-- Installing: /workspace/ros_ws/install/bringup/share/ament_index/resource_index/parent_prefix_path/bringup\n'}
[0.682210] (bringup) StdoutLine: {'line': b'-- Installing: /workspace/ros_ws/install/bringup/share/bringup/environment/ament_prefix_path.sh\n'}
[0.682287] (bringup) StdoutLine: {'line': b'-- Installing: /workspace/ros_ws/install/bringup/share/bringup/environment/ament_prefix_path.dsv\n'}
[0.682359] (bringup) StdoutLine: {'line': b'-- Installing: /workspace/ros_ws/install/bringup/share/bringup/environment/path.sh\n'}
[0.682430] (bringup) StdoutLine: {'line': b'-- Installing: /workspace/ros_ws/install/bringup/share/bringup/environment/path.dsv\n'}
[0.682498] (bringup) StdoutLine: {'line': b'-- Installing: /workspace/ros_ws/install/bringup/share/bringup/local_setup.bash\n'}
[0.682570] (bringup) StdoutLine: {'line': b'-- Installing: /workspace/ros_ws/install/bringup/share/bringup/local_setup.sh\n'}
[0.682650] (bringup) StdoutLine: {'line': b'-- Installing: /workspace/ros_ws/install/bringup/share/bringup/local_setup.zsh\n'}
[0.682713] (bringup) StdoutLine: {'line': b'-- Installing: /workspace/ros_ws/install/bringup/share/bringup/local_setup.dsv\n'}
[0.682782] (bringup) StdoutLine: {'line': b'-- Installing: /workspace/ros_ws/install/bringup/share/bringup/package.dsv\n'}
[0.682870] (bringup) StdoutLine: {'line': b'-- Installing: /workspace/ros_ws/install/bringup/share/ament_index/resource_index/packages/bringup\n'}
[0.682957] (bringup) StdoutLine: {'line': b'-- Installing: /workspace/ros_ws/install/bringup/share/bringup/cmake/bringupConfig.cmake\n'}
[0.683022] (bringup) StdoutLine: {'line': b'-- Installing: /workspace/ros_ws/install/bringup/share/bringup/cmake/bringupConfig-version.cmake\n'}
[0.683085] (bringup) StdoutLine: {'line': b'-- Installing: /workspace/ros_ws/install/bringup/share/bringup/package.xml\n'}
[0.684034] (bringup) CommandEnded: {'returncode': 0}
[0.690096] (bringup) JobEnded: {'identifier': 'bringup', 'rc': 0}
[0.690416] (-) EventReactorShutdown: {}
